{"msg":"init","dagFile":"Library/Bee/1900b0aE.dag","targets":["ScriptAssemblies"]}
{"msg":"enqueueNode","enqueuedNodeAnnotation":"ScriptAssemblies","enqueuedNodeIndex":4}
{"msg":"enqueueNode","enqueuedNodeAnnotation":"MovedFromExtractor Library/Bee/artifacts/mvdfrm/UnityEditor.Graphs.dll_BD34A895A7F97396.mvfrm","enqueuedNodeIndex":3,"enqueueingNodeAnnotation":"ScriptAssemblies","enqueueingNodeIndex":4}
{"msg":"enqueueNode","enqueuedNodeAnnotation":"MovedFromExtractor Library/Bee/artifacts/mvdfrm/UnityEditor.CoreModule.dll_822AC3849C794D64.mvfrm","enqueuedNodeIndex":5,"enqueueingNodeAnnotation":"ScriptAssemblies","enqueueingNodeIndex":4}
{"msg":"enqueueNode","enqueuedNodeAnnotation":"MovedFromExtractor Library/Bee/artifacts/mvdfrm/UnityEditor.DeviceSimulatorModule.dll_72CB8FAC37B5B99D.mvfrm","enqueuedNodeIndex":6,"enqueueingNodeAnnotation":"ScriptAssemblies","enqueueingNodeIndex":4}
{"msg":"enqueueNode","enqueuedNodeAnnotation":"MovedFromExtractor Library/Bee/artifacts/mvdfrm/UnityEditor.DiagnosticsModule.dll_BB739ADECEA6BCAB.mvfrm","enqueuedNodeIndex":7,"enqueueingNodeAnnotation":"ScriptAssemblies","enqueueingNodeIndex":4}
{"msg":"enqueueNode","enqueuedNodeAnnotation":"MovedFromExtractor Library/Bee/artifacts/mvdfrm/UnityEditor.dll_286CBB7C15505EF1.mvfrm","enqueuedNodeIndex":8,"enqueueingNodeAnnotation":"ScriptAssemblies","enqueueingNodeIndex":4}
{"msg":"enqueueNode","enqueuedNodeAnnotation":"MovedFromExtractor Library/Bee/artifacts/mvdfrm/UnityEditor.GraphViewModule.dll_55F2AE244A767922.mvfrm","enqueuedNodeIndex":9,"enqueueingNodeAnnotation":"ScriptAssemblies","enqueueingNodeIndex":4}
{"msg":"enqueueNode","enqueuedNodeAnnotation":"MovedFromExtractor Library/Bee/artifacts/mvdfrm/UnityEditor.PackageManagerUIModule.dll_E49AE8897E2BE5C0.mvfrm","enqueuedNodeIndex":10,"enqueueingNodeAnnotation":"ScriptAssemblies","enqueueingNodeIndex":4}
{"msg":"enqueueNode","enqueuedNodeAnnotation":"MovedFromExtractor Library/Bee/artifacts/mvdfrm/UnityEditor.PresetsUIModule.dll_1158E7064CCED127.mvfrm","enqueuedNodeIndex":11,"enqueueingNodeAnnotation":"ScriptAssemblies","enqueueingNodeIndex":4}
{"msg":"enqueueNode","enqueuedNodeAnnotation":"MovedFromExtractor Library/Bee/artifacts/mvdfrm/UnityEditor.QuickSearchModule.dll_46831BEC277DB904.mvfrm","enqueuedNodeIndex":12,"enqueueingNodeAnnotation":"ScriptAssemblies","enqueueingNodeIndex":4}
{"msg":"enqueueNode","enqueuedNodeAnnotation":"MovedFromExtractor Library/Bee/artifacts/mvdfrm/UnityEditor.SceneTemplateModule.dll_DDEED82B28B60005.mvfrm","enqueuedNodeIndex":13,"enqueueingNodeAnnotation":"ScriptAssemblies","enqueueingNodeIndex":4}
{"msg":"enqueueNode","enqueuedNodeAnnotation":"MovedFromExtractor Library/Bee/artifacts/mvdfrm/UnityEditor.TextCoreFontEngineModule.dll_D5089BC99C93BE62.mvfrm","enqueuedNodeIndex":14,"enqueueingNodeAnnotation":"ScriptAssemblies","enqueueingNodeIndex":4}
{"msg":"enqueueNode","enqueuedNodeAnnotation":"MovedFromExtractor Library/Bee/artifacts/mvdfrm/UnityEditor.TextCoreTextEngineModule.dll_1CF0D23B2C177780.mvfrm","enqueuedNodeIndex":15,"enqueueingNodeAnnotation":"ScriptAssemblies","enqueueingNodeIndex":4}
{"msg":"enqueueNode","enqueuedNodeAnnotation":"MovedFromExtractor Library/Bee/artifacts/mvdfrm/UnityEditor.UIBuilderModule.dll_AA7B5B40BD2EF256.mvfrm","enqueuedNodeIndex":16,"enqueueingNodeAnnotation":"ScriptAssemblies","enqueueingNodeIndex":4}
{"msg":"enqueueNode","enqueuedNodeAnnotation":"MovedFromExtractor Library/Bee/artifacts/mvdfrm/UnityEditor.UIElementsModule.dll_9F3521BD2A4C4A20.mvfrm","enqueuedNodeIndex":17,"enqueueingNodeAnnotation":"ScriptAssemblies","enqueueingNodeIndex":4}
{"msg":"enqueueNode","enqueuedNodeAnnotation":"MovedFromExtractor Library/Bee/artifacts/mvdfrm/UnityEditor.UIElementsSamplesModule.dll_FE48AB192302D94D.mvfrm","enqueuedNodeIndex":18,"enqueueingNodeAnnotation":"ScriptAssemblies","enqueueingNodeIndex":4}
{"msg":"enqueueNode","enqueuedNodeAnnotation":"MovedFromExtractor Library/Bee/artifacts/mvdfrm/UnityEditor.UIServiceModule.dll_E36D6CA3A6664270.mvfrm","enqueuedNodeIndex":19,"enqueueingNodeAnnotation":"ScriptAssemblies","enqueueingNodeIndex":4}
{"msg":"enqueueNode","enqueuedNodeAnnotation":"MovedFromExtractor Library/Bee/artifacts/mvdfrm/UnityEditor.UnityConnectModule.dll_2B2B2ABB27A0AE1A.mvfrm","enqueuedNodeIndex":20,"enqueueingNodeAnnotation":"ScriptAssemblies","enqueueingNodeIndex":4}
{"msg":"enqueueNode","enqueuedNodeAnnotation":"MovedFromExtractor Library/Bee/artifacts/mvdfrm/UnityEngine.AccessibilityModule.dll_109443C2292C27A2.mvfrm","enqueuedNodeIndex":21,"enqueueingNodeAnnotation":"ScriptAssemblies","enqueueingNodeIndex":4}
{"msg":"enqueueNode","enqueuedNodeAnnotation":"MovedFromExtractor Library/Bee/artifacts/mvdfrm/UnityEngine.AIModule.dll_E6723268CE595738.mvfrm","enqueuedNodeIndex":22,"enqueueingNodeAnnotation":"ScriptAssemblies","enqueueingNodeIndex":4}
{"msg":"enqueueNode","enqueuedNodeAnnotation":"MovedFromExtractor Library/Bee/artifacts/mvdfrm/UnityEngine.AndroidJNIModule.dll_1D7E0A90736BB8F6.mvfrm","enqueuedNodeIndex":23,"enqueueingNodeAnnotation":"ScriptAssemblies","enqueueingNodeIndex":4}
{"msg":"enqueueNode","enqueuedNodeAnnotation":"MovedFromExtractor Library/Bee/artifacts/mvdfrm/UnityEngine.AnimationModule.dll_24782A4D24D34DC8.mvfrm","enqueuedNodeIndex":24,"enqueueingNodeAnnotation":"ScriptAssemblies","enqueueingNodeIndex":4}
{"msg":"enqueueNode","enqueuedNodeAnnotation":"MovedFromExtractor Library/Bee/artifacts/mvdfrm/UnityEngine.ARModule.dll_9FE4F76C2B76B601.mvfrm","enqueuedNodeIndex":25,"enqueueingNodeAnnotation":"ScriptAssemblies","enqueueingNodeIndex":4}
{"msg":"enqueueNode","enqueuedNodeAnnotation":"MovedFromExtractor Library/Bee/artifacts/mvdfrm/UnityEngine.AssetBundleModule.dll_8A6C4EDD89E46DF6.mvfrm","enqueuedNodeIndex":26,"enqueueingNodeAnnotation":"ScriptAssemblies","enqueueingNodeIndex":4}
{"msg":"enqueueNode","enqueuedNodeAnnotation":"MovedFromExtractor Library/Bee/artifacts/mvdfrm/UnityEngine.AudioModule.dll_E530CE4CEA37FCBA.mvfrm","enqueuedNodeIndex":27,"enqueueingNodeAnnotation":"ScriptAssemblies","enqueueingNodeIndex":4}
{"msg":"enqueueNode","enqueuedNodeAnnotation":"MovedFromExtractor Library/Bee/artifacts/mvdfrm/UnityEngine.ClothModule.dll_4C192B47C454DB9E.mvfrm","enqueuedNodeIndex":28,"enqueueingNodeAnnotation":"ScriptAssemblies","enqueueingNodeIndex":4}
{"msg":"enqueueNode","enqueuedNodeAnnotation":"MovedFromExtractor Library/Bee/artifacts/mvdfrm/UnityEngine.ClusterInputModule.dll_AAC79FD0D92880E0.mvfrm","enqueuedNodeIndex":29,"enqueueingNodeAnnotation":"ScriptAssemblies","enqueueingNodeIndex":4}
{"msg":"enqueueNode","enqueuedNodeAnnotation":"MovedFromExtractor Library/Bee/artifacts/mvdfrm/UnityEngine.ClusterRendererModule.dll_7878521DA770C721.mvfrm","enqueuedNodeIndex":30,"enqueueingNodeAnnotation":"ScriptAssemblies","enqueueingNodeIndex":4}
{"msg":"enqueueNode","enqueuedNodeAnnotation":"MovedFromExtractor Library/Bee/artifacts/mvdfrm/UnityEngine.CoreModule.dll_A54B96D7447EB88F.mvfrm","enqueuedNodeIndex":31,"enqueueingNodeAnnotation":"ScriptAssemblies","enqueueingNodeIndex":4}
{"msg":"enqueueNode","enqueuedNodeAnnotation":"MovedFromExtractor Library/Bee/artifacts/mvdfrm/UnityEngine.CrashReportingModule.dll_EAD6015CF0BCBB87.mvfrm","enqueuedNodeIndex":32,"enqueueingNodeAnnotation":"ScriptAssemblies","enqueueingNodeIndex":4}
{"msg":"enqueueNode","enqueuedNodeAnnotation":"MovedFromExtractor Library/Bee/artifacts/mvdfrm/UnityEngine.DirectorModule.dll_310BC43DE4FD326C.mvfrm","enqueuedNodeIndex":33,"enqueueingNodeAnnotation":"ScriptAssemblies","enqueueingNodeIndex":4}
{"msg":"enqueueNode","enqueuedNodeAnnotation":"MovedFromExtractor Library/Bee/artifacts/mvdfrm/UnityEngine.dll_5B11025473C3EBD6.mvfrm","enqueuedNodeIndex":34,"enqueueingNodeAnnotation":"ScriptAssemblies","enqueueingNodeIndex":4}
{"msg":"enqueueNode","enqueuedNodeAnnotation":"MovedFromExtractor Library/Bee/artifacts/mvdfrm/UnityEngine.DSPGraphModule.dll_365D25A7575E038D.mvfrm","enqueuedNodeIndex":35,"enqueueingNodeAnnotation":"ScriptAssemblies","enqueueingNodeIndex":4}
{"msg":"enqueueNode","enqueuedNodeAnnotation":"MovedFromExtractor Library/Bee/artifacts/mvdfrm/UnityEngine.GameCenterModule.dll_47CB54AB39ACA9E7.mvfrm","enqueuedNodeIndex":36,"enqueueingNodeAnnotation":"ScriptAssemblies","enqueueingNodeIndex":4}
{"msg":"enqueueNode","enqueuedNodeAnnotation":"MovedFromExtractor Library/Bee/artifacts/mvdfrm/UnityEngine.GIModule.dll_7EAE7B766A083F52.mvfrm","enqueuedNodeIndex":37,"enqueueingNodeAnnotation":"ScriptAssemblies","enqueueingNodeIndex":4}
{"msg":"enqueueNode","enqueuedNodeAnnotation":"MovedFromExtractor Library/Bee/artifacts/mvdfrm/UnityEngine.GridModule.dll_82BCB2C55CD34E86.mvfrm","enqueuedNodeIndex":38,"enqueueingNodeAnnotation":"ScriptAssemblies","enqueueingNodeIndex":4}
{"msg":"enqueueNode","enqueuedNodeAnnotation":"MovedFromExtractor Library/Bee/artifacts/mvdfrm/UnityEngine.HotReloadModule.dll_A5C0E8530006694A.mvfrm","enqueuedNodeIndex":39,"enqueueingNodeAnnotation":"ScriptAssemblies","enqueueingNodeIndex":4}
{"msg":"enqueueNode","enqueuedNodeAnnotation":"MovedFromExtractor Library/Bee/artifacts/mvdfrm/UnityEngine.ImageConversionModule.dll_E46A4FCE29957F15.mvfrm","enqueuedNodeIndex":40,"enqueueingNodeAnnotation":"ScriptAssemblies","enqueueingNodeIndex":4}
{"msg":"enqueueNode","enqueuedNodeAnnotation":"MovedFromExtractor Library/Bee/artifacts/mvdfrm/UnityEngine.IMGUIModule.dll_1D906DB3B069909B.mvfrm","enqueuedNodeIndex":41,"enqueueingNodeAnnotation":"ScriptAssemblies","enqueueingNodeIndex":4}
{"msg":"enqueueNode","enqueuedNodeAnnotation":"MovedFromExtractor Library/Bee/artifacts/mvdfrm/UnityEngine.InputLegacyModule.dll_1BB169FC21D623E7.mvfrm","enqueuedNodeIndex":42,"enqueueingNodeAnnotation":"ScriptAssemblies","enqueueingNodeIndex":4}
{"msg":"enqueueNode","enqueuedNodeAnnotation":"MovedFromExtractor Library/Bee/artifacts/mvdfrm/UnityEngine.InputModule.dll_4BA695FD6070215E.mvfrm","enqueuedNodeIndex":43,"enqueueingNodeAnnotation":"ScriptAssemblies","enqueueingNodeIndex":4}
{"msg":"enqueueNode","enqueuedNodeAnnotation":"MovedFromExtractor Library/Bee/artifacts/mvdfrm/UnityEngine.JSONSerializeModule.dll_70ABCCFE2867882C.mvfrm","enqueuedNodeIndex":44,"enqueueingNodeAnnotation":"ScriptAssemblies","enqueueingNodeIndex":4}
{"msg":"enqueueNode","enqueuedNodeAnnotation":"MovedFromExtractor Library/Bee/artifacts/mvdfrm/UnityEngine.LocalizationModule.dll_E9146A2370A473D9.mvfrm","enqueuedNodeIndex":45,"enqueueingNodeAnnotation":"ScriptAssemblies","enqueueingNodeIndex":4}
{"msg":"enqueueNode","enqueuedNodeAnnotation":"MovedFromExtractor Library/Bee/artifacts/mvdfrm/UnityEngine.ParticleSystemModule.dll_3DE84AA95ECE4715.mvfrm","enqueuedNodeIndex":46,"enqueueingNodeAnnotation":"ScriptAssemblies","enqueueingNodeIndex":4}
{"msg":"enqueueNode","enqueuedNodeAnnotation":"MovedFromExtractor Library/Bee/artifacts/mvdfrm/UnityEngine.PerformanceReportingModule.dll_F9060649EE449C4E.mvfrm","enqueuedNodeIndex":47,"enqueueingNodeAnnotation":"ScriptAssemblies","enqueueingNodeIndex":4}
{"msg":"enqueueNode","enqueuedNodeAnnotation":"MovedFromExtractor Library/Bee/artifacts/mvdfrm/UnityEngine.Physics2DModule.dll_711E1A3DC5D0455D.mvfrm","enqueuedNodeIndex":48,"enqueueingNodeAnnotation":"ScriptAssemblies","enqueueingNodeIndex":4}
{"msg":"enqueueNode","enqueuedNodeAnnotation":"MovedFromExtractor Library/Bee/artifacts/mvdfrm/UnityEngine.PhysicsModule.dll_61E69BB31C99E2CB.mvfrm","enqueuedNodeIndex":49,"enqueueingNodeAnnotation":"ScriptAssemblies","enqueueingNodeIndex":4}
{"msg":"enqueueNode","enqueuedNodeAnnotation":"MovedFromExtractor Library/Bee/artifacts/mvdfrm/UnityEngine.ProfilerModule.dll_6351FD747E56B979.mvfrm","enqueuedNodeIndex":50,"enqueueingNodeAnnotation":"ScriptAssemblies","enqueueingNodeIndex":4}
{"msg":"enqueueNode","enqueuedNodeAnnotation":"MovedFromExtractor Library/Bee/artifacts/mvdfrm/UnityEngine.RuntimeInitializeOnLoadManagerInitializerModule.dll_8693ACEA91E7F026.mvfrm","enqueuedNodeIndex":51,"enqueueingNodeAnnotation":"ScriptAssemblies","enqueueingNodeIndex":4}
{"msg":"enqueueNode","enqueuedNodeAnnotation":"MovedFromExtractor Library/Bee/artifacts/mvdfrm/UnityEngine.ScreenCaptureModule.dll_8A937A833CD3B48E.mvfrm","enqueuedNodeIndex":52,"enqueueingNodeAnnotation":"ScriptAssemblies","enqueueingNodeIndex":4}
{"msg":"enqueueNode","enqueuedNodeAnnotation":"MovedFromExtractor Library/Bee/artifacts/mvdfrm/UnityEngine.SharedInternalsModule.dll_687B8EA3A0C37A65.mvfrm","enqueuedNodeIndex":53,"enqueueingNodeAnnotation":"ScriptAssemblies","enqueueingNodeIndex":4}
{"msg":"enqueueNode","enqueuedNodeAnnotation":"MovedFromExtractor Library/Bee/artifacts/mvdfrm/UnityEngine.SpriteMaskModule.dll_30F7C73B5B1C3F61.mvfrm","enqueuedNodeIndex":54,"enqueueingNodeAnnotation":"ScriptAssemblies","enqueueingNodeIndex":4}
{"msg":"enqueueNode","enqueuedNodeAnnotation":"MovedFromExtractor Library/Bee/artifacts/mvdfrm/UnityEngine.SpriteShapeModule.dll_A3CD7C383F86A600.mvfrm","enqueuedNodeIndex":55,"enqueueingNodeAnnotation":"ScriptAssemblies","enqueueingNodeIndex":4}
{"msg":"enqueueNode","enqueuedNodeAnnotation":"MovedFromExtractor Library/Bee/artifacts/mvdfrm/UnityEngine.StreamingModule.dll_D90D179D745B0506.mvfrm","enqueuedNodeIndex":56,"enqueueingNodeAnnotation":"ScriptAssemblies","enqueueingNodeIndex":4}
{"msg":"enqueueNode","enqueuedNodeAnnotation":"MovedFromExtractor Library/Bee/artifacts/mvdfrm/UnityEngine.SubstanceModule.dll_B5B82BE6BFAE0314.mvfrm","enqueuedNodeIndex":57,"enqueueingNodeAnnotation":"ScriptAssemblies","enqueueingNodeIndex":4}
{"msg":"enqueueNode","enqueuedNodeAnnotation":"MovedFromExtractor Library/Bee/artifacts/mvdfrm/UnityEngine.SubsystemsModule.dll_9BA52D9D29642774.mvfrm","enqueuedNodeIndex":58,"enqueueingNodeAnnotation":"ScriptAssemblies","enqueueingNodeIndex":4}
{"msg":"enqueueNode","enqueuedNodeAnnotation":"MovedFromExtractor Library/Bee/artifacts/mvdfrm/UnityEngine.TerrainModule.dll_7C2D1721F2582BB9.mvfrm","enqueuedNodeIndex":59,"enqueueingNodeAnnotation":"ScriptAssemblies","enqueueingNodeIndex":4}
{"msg":"enqueueNode","enqueuedNodeAnnotation":"MovedFromExtractor Library/Bee/artifacts/mvdfrm/UnityEngine.TerrainPhysicsModule.dll_3E62F37C781141A2.mvfrm","enqueuedNodeIndex":60,"enqueueingNodeAnnotation":"ScriptAssemblies","enqueueingNodeIndex":4}
{"msg":"enqueueNode","enqueuedNodeAnnotation":"MovedFromExtractor Library/Bee/artifacts/mvdfrm/UnityEngine.TextCoreFontEngineModule.dll_5368171CAF917D2D.mvfrm","enqueuedNodeIndex":61,"enqueueingNodeAnnotation":"ScriptAssemblies","enqueueingNodeIndex":4}
{"msg":"enqueueNode","enqueuedNodeAnnotation":"MovedFromExtractor Library/Bee/artifacts/mvdfrm/UnityEngine.TextCoreTextEngineModule.dll_9B504D8E3F15364B.mvfrm","enqueuedNodeIndex":62,"enqueueingNodeAnnotation":"ScriptAssemblies","enqueueingNodeIndex":4}
{"msg":"enqueueNode","enqueuedNodeAnnotation":"MovedFromExtractor Library/Bee/artifacts/mvdfrm/UnityEngine.TextRenderingModule.dll_B3D2EC8DF40B3483.mvfrm","enqueuedNodeIndex":63,"enqueueingNodeAnnotation":"ScriptAssemblies","enqueueingNodeIndex":4}
{"msg":"enqueueNode","enqueuedNodeAnnotation":"MovedFromExtractor Library/Bee/artifacts/mvdfrm/UnityEngine.TilemapModule.dll_1B297EA30A150CC2.mvfrm","enqueuedNodeIndex":64,"enqueueingNodeAnnotation":"ScriptAssemblies","enqueueingNodeIndex":4}
{"msg":"enqueueNode","enqueuedNodeAnnotation":"MovedFromExtractor Library/Bee/artifacts/mvdfrm/UnityEngine.TLSModule.dll_1DF5070A08DA08DF.mvfrm","enqueuedNodeIndex":65,"enqueueingNodeAnnotation":"ScriptAssemblies","enqueueingNodeIndex":4}
{"msg":"enqueueNode","enqueuedNodeAnnotation":"MovedFromExtractor Library/Bee/artifacts/mvdfrm/UnityEngine.UIElementsModule.dll_9FE38F052C90636B.mvfrm","enqueuedNodeIndex":66,"enqueueingNodeAnnotation":"ScriptAssemblies","enqueueingNodeIndex":4}
{"msg":"enqueueNode","enqueuedNodeAnnotation":"MovedFromExtractor Library/Bee/artifacts/mvdfrm/UnityEngine.UIElementsNativeModule.dll_2F149D1EEFA455E2.mvfrm","enqueuedNodeIndex":67,"enqueueingNodeAnnotation":"ScriptAssemblies","enqueueingNodeIndex":4}
{"msg":"enqueueNode","enqueuedNodeAnnotation":"MovedFromExtractor Library/Bee/artifacts/mvdfrm/UnityEngine.UIModule.dll_E1E5D0962AA05CE4.mvfrm","enqueuedNodeIndex":68,"enqueueingNodeAnnotation":"ScriptAssemblies","enqueueingNodeIndex":4}
{"msg":"enqueueNode","enqueuedNodeAnnotation":"MovedFromExtractor Library/Bee/artifacts/mvdfrm/UnityEngine.UmbraModule.dll_60057A65775EA82D.mvfrm","enqueuedNodeIndex":69,"enqueueingNodeAnnotation":"ScriptAssemblies","enqueueingNodeIndex":4}
{"msg":"enqueueNode","enqueuedNodeAnnotation":"MovedFromExtractor Library/Bee/artifacts/mvdfrm/UnityEngine.UNETModule.dll_37F1DEC0918DAE08.mvfrm","enqueuedNodeIndex":70,"enqueueingNodeAnnotation":"ScriptAssemblies","enqueueingNodeIndex":4}
{"msg":"enqueueNode","enqueuedNodeAnnotation":"MovedFromExtractor Library/Bee/artifacts/mvdfrm/UnityEngine.UnityAnalyticsModule.dll_5D87BB730AF59911.mvfrm","enqueuedNodeIndex":71,"enqueueingNodeAnnotation":"ScriptAssemblies","enqueueingNodeIndex":4}
{"msg":"enqueueNode","enqueuedNodeAnnotation":"MovedFromExtractor Library/Bee/artifacts/mvdfrm/UnityEngine.UnityConnectModule.dll_188AAECA2228AEC5.mvfrm","enqueuedNodeIndex":72,"enqueueingNodeAnnotation":"ScriptAssemblies","enqueueingNodeIndex":4}
{"msg":"enqueueNode","enqueuedNodeAnnotation":"MovedFromExtractor Library/Bee/artifacts/mvdfrm/UnityEngine.UnityCurlModule.dll_5794CB7E94E73FB5.mvfrm","enqueuedNodeIndex":73,"enqueueingNodeAnnotation":"ScriptAssemblies","enqueueingNodeIndex":4}
{"msg":"enqueueNode","enqueuedNodeAnnotation":"MovedFromExtractor Library/Bee/artifacts/mvdfrm/UnityEngine.UnityTestProtocolModule.dll_BA0B610B7CFE2EA3.mvfrm","enqueuedNodeIndex":74,"enqueueingNodeAnnotation":"ScriptAssemblies","enqueueingNodeIndex":4}
{"msg":"enqueueNode","enqueuedNodeAnnotation":"MovedFromExtractor Library/Bee/artifacts/mvdfrm/UnityEngine.UnityWebRequestAssetBundleModule.dll_F1DE7933684CA0A2.mvfrm","enqueuedNodeIndex":75,"enqueueingNodeAnnotation":"ScriptAssemblies","enqueueingNodeIndex":4}
{"msg":"enqueueNode","enqueuedNodeAnnotation":"MovedFromExtractor Library/Bee/artifacts/mvdfrm/UnityEngine.UnityWebRequestAudioModule.dll_71025A2874AF66E6.mvfrm","enqueuedNodeIndex":76,"enqueueingNodeAnnotation":"ScriptAssemblies","enqueueingNodeIndex":4}
{"msg":"enqueueNode","enqueuedNodeAnnotation":"MovedFromExtractor Library/Bee/artifacts/mvdfrm/UnityEngine.UnityWebRequestModule.dll_F6095778348A1994.mvfrm","enqueuedNodeIndex":77,"enqueueingNodeAnnotation":"ScriptAssemblies","enqueueingNodeIndex":4}
{"msg":"enqueueNode","enqueuedNodeAnnotation":"MovedFromExtractor Library/Bee/artifacts/mvdfrm/UnityEngine.UnityWebRequestTextureModule.dll_95B81C8C787E757B.mvfrm","enqueuedNodeIndex":78,"enqueueingNodeAnnotation":"ScriptAssemblies","enqueueingNodeIndex":4}
{"msg":"enqueueNode","enqueuedNodeAnnotation":"MovedFromExtractor Library/Bee/artifacts/mvdfrm/UnityEngine.UnityWebRequestWWWModule.dll_661292EA2ED4F2B7.mvfrm","enqueuedNodeIndex":79,"enqueueingNodeAnnotation":"ScriptAssemblies","enqueueingNodeIndex":4}
{"msg":"enqueueNode","enqueuedNodeAnnotation":"MovedFromExtractor Library/Bee/artifacts/mvdfrm/UnityEngine.VehiclesModule.dll_A8CEBDBD5F270207.mvfrm","enqueuedNodeIndex":80,"enqueueingNodeAnnotation":"ScriptAssemblies","enqueueingNodeIndex":4}
{"msg":"enqueueNode","enqueuedNodeAnnotation":"MovedFromExtractor Library/Bee/artifacts/mvdfrm/UnityEngine.VFXModule.dll_9ED39F78DF47724C.mvfrm","enqueuedNodeIndex":81,"enqueueingNodeAnnotation":"ScriptAssemblies","enqueueingNodeIndex":4}
{"msg":"enqueueNode","enqueuedNodeAnnotation":"MovedFromExtractor Library/Bee/artifacts/mvdfrm/UnityEngine.VideoModule.dll_0A3A52B7ACCA185F.mvfrm","enqueuedNodeIndex":82,"enqueueingNodeAnnotation":"ScriptAssemblies","enqueueingNodeIndex":4}
{"msg":"enqueueNode","enqueuedNodeAnnotation":"MovedFromExtractor Library/Bee/artifacts/mvdfrm/UnityEngine.VirtualTexturingModule.dll_53A1518DC852D66D.mvfrm","enqueuedNodeIndex":83,"enqueueingNodeAnnotation":"ScriptAssemblies","enqueueingNodeIndex":4}
{"msg":"enqueueNode","enqueuedNodeAnnotation":"MovedFromExtractor Library/Bee/artifacts/mvdfrm/UnityEngine.VRModule.dll_34B7F71BCC5AE25C.mvfrm","enqueuedNodeIndex":84,"enqueueingNodeAnnotation":"ScriptAssemblies","enqueueingNodeIndex":4}
{"msg":"enqueueNode","enqueuedNodeAnnotation":"MovedFromExtractor Library/Bee/artifacts/mvdfrm/UnityEngine.WindModule.dll_1B9A71FFD5B536F8.mvfrm","enqueuedNodeIndex":85,"enqueueingNodeAnnotation":"ScriptAssemblies","enqueueingNodeIndex":4}
{"msg":"enqueueNode","enqueuedNodeAnnotation":"MovedFromExtractor Library/Bee/artifacts/mvdfrm/UnityEngine.XRModule.dll_6776BA2055952FBA.mvfrm","enqueuedNodeIndex":86,"enqueueingNodeAnnotation":"ScriptAssemblies","enqueueingNodeIndex":4}
{"msg":"enqueueNode","enqueuedNodeAnnotation":"MovedFromExtractor Library/Bee/artifacts/mvdfrm/UnityEditor.WindowsStandalone.Extensions.dll_677AE04017D33E7C.mvfrm","enqueuedNodeIndex":87,"enqueueingNodeAnnotation":"ScriptAssemblies","enqueueingNodeIndex":4}
{"msg":"enqueueNode","enqueuedNodeAnnotation":"MovedFromExtractorCombine Library/Bee/artifacts/1900b0aE.dag/UnityEngine.TestRunner.dll.mvfrm","enqueuedNodeIndex":89,"enqueueingNodeAnnotation":"ScriptAssemblies","enqueueingNodeIndex":4}
{"msg":"enqueueNode","enqueuedNodeAnnotation":"WriteText Library/Bee/artifacts/1900b0aE.dag/UnityEngine.TestRunner.dll.mvfrm.rsp","enqueuedNodeIndex":88,"enqueueingNodeAnnotation":"MovedFromExtractorCombine Library/Bee/artifacts/1900b0aE.dag/UnityEngine.TestRunner.dll.mvfrm","enqueueingNodeIndex":89}
{"msg":"enqueueNode","enqueuedNodeAnnotation":"CopyFiles Library/ScriptAssemblies/UnityEngine.TestRunner.dll","enqueuedNodeIndex":90,"enqueueingNodeAnnotation":"ScriptAssemblies","enqueueingNodeIndex":4}
{"msg":"enqueueNode","enqueuedNodeAnnotation":"Csc Library/Bee/artifacts/1900b0aE.dag/UnityEngine.TestRunner.dll (+2 others)","enqueuedNodeIndex":2,"enqueueingNodeAnnotation":"CopyFiles Library/ScriptAssemblies/UnityEngine.TestRunner.dll","enqueueingNodeIndex":90}
{"msg":"enqueueNode","enqueuedNodeAnnotation":"WriteText Library/Bee/artifacts/1900b0aE.dag/UnityEngine.TestRunner.rsp","enqueuedNodeIndex":1,"enqueueingNodeAnnotation":"Csc Library/Bee/artifacts/1900b0aE.dag/UnityEngine.TestRunner.dll (+2 others)","enqueueingNodeIndex":2}
{"msg":"enqueueNode","enqueuedNodeAnnotation":"CopyFiles Library/ScriptAssemblies/UnityEngine.TestRunner.pdb","enqueuedNodeIndex":91,"enqueueingNodeAnnotation":"ScriptAssemblies","enqueueingNodeIndex":4}
{"msg":"inputSignatureChanged","annotation":"WriteText Library/Bee/artifacts/1900b0aE.dag/UnityEngine.TestRunner.rsp","index":1,"changes":[{"key":"Action","value":"-target:library\r\n-out:\"Library/Bee/artifacts/1900b0aE.dag/UnityEngine.TestRunner.dll\"\r\n-refout:\"Library/Bee/artifacts/1900b0aE.dag/UnityEngine.TestRunner.ref.dll\"\r\n-define:UNITY_2022_1_13\r\n-define:UNITY_2022_1\r\n-define:UNITY_2022\r\n-define:UNITY_5_3_OR_NEWER\r\n-define:UNITY_5_4_OR_NEWER\r\n-define:UNITY_5_5_OR_NEWER\r\n-define:UNITY_5_6_OR_NEWER\r\n-define:UNITY_2017_1_OR_NEWER\r\n-define:UNITY_2017_2_OR_NEWER\r\n-define:UNITY_2017_3_OR_NEWER\r\n-define:UNITY_2017_4_OR_NEWER\r\n-define:UNITY_2018_1_OR_NEWER\r\n-define:UNITY_2018_2_OR_NEWER\r\n-define:UNITY_2018_3_OR_NEWER\r\n-define:UNITY_2018_4_OR_NEWER\r\n-define:UNITY_2019_1_OR_NEWER\r\n-define:UNITY_2019_2_OR_NEWER\r\n-define:UNITY_2019_3_OR_NEWER\r\n-define:UNITY_2019_4_OR_NEWER\r\n-define:UNITY_2020_1_OR_NEWER\r\n-define:UNITY_2020_2_OR_NEWER\r\n-define:UNITY_2020_3_OR_NEWER\r\n-define:UNITY_2021_1_OR_NEWER\r\n-define:UNITY_2021_2_OR_NEWER\r\n-define:UNITY_2021_3_OR_NEWER\r\n-define:UNITY_2022_1_OR_NEWER\r\n-define:PLATFORM_ARCH_64\r\n-define:UNITY_64\r\n-define:UNITY_INCLUDE_TESTS\r\n-define:USE_SEARCH_ENGINE_API\r\n-define:USE_SEARCH_TABLE\r\n-define:USE_SEARCH_MODULE\r\n-define:USE_PROPERTY_DATABASE\r\n-define:USE_QUERY_BUILDER\r\n-define:USE_SEARCH_EXTENSION_API\r\n-define:SCENE_TEMPLATE_MODULE\r\n-define:ENABLE_AR\r\n-define:ENABLE_AUDIO\r\n-define:ENABLE_CACHING\r\n-define:ENABLE_CLOTH\r\n-define:ENABLE_EVENT_QUEUE\r\n-define:ENABLE_MICROPHONE\r\n-define:ENABLE_MULTIPLE_DISPLAYS\r\n-define:ENABLE_PHYSICS\r\n-define:ENABLE_TEXTURE_STREAMING\r\n-define:ENABLE_VIRTUALTEXTURING\r\n-define:ENABLE_UNET\r\n-define:ENABLE_LZMA\r\n-define:ENABLE_UNITYEVENTS\r\n-define:ENABLE_VR\r\n-define:ENABLE_WEBCAM\r\n-define:ENABLE_UNITYWEBREQUEST\r\n-define:ENABLE_WWW\r\n-define:ENABLE_CLOUD_SERVICES\r\n-define:ENABLE_CLOUD_SERVICES_COLLAB\r\n-define:ENABLE_CLOUD_SERVICES_COLLAB_SOFTLOCKS\r\n-define:ENABLE_CLOUD_SERVICES_ADS\r\n-define:ENABLE_CLOUD_SERVICES_USE_WEBREQUEST\r\n-define:ENABLE_CLOUD_SERVICES_CRASH_REPORTING\r\n-define:ENABLE_CLOUD_SERVICES_PURCHASING\r\n-define:ENABLE_CLOUD_SERVICES_ANALYTICS\r\n-define:ENABLE_CLOUD_SERVICES_UNET\r\n-define:ENABLE_CLOUD_SERVICES_BUILD\r\n-define:ENABLE_EDITOR_GAME_SERVICES\r\n-define:ENABLE_CLOUD_LICENSE\r\n-define:ENABLE_EDITOR_HUB_LICENSE\r\n-define:ENABLE_WEBSOCKET_CLIENT\r\n-define:ENABLE_DIRECTOR_AUDIO\r\n-define:ENABLE_DIRECTOR_TEXTURE\r\n-define:ENABLE_MANAGED_JOBS\r\n-define:ENABLE_MANAGED_TRANSFORM_JOBS\r\n-define:ENABLE_MANAGED_ANIMATION_JOBS\r\n-define:ENABLE_MANAGED_AUDIO_JOBS\r\n-define:ENABLE_MANAGED_UNITYTLS\r\n-define:INCLUDE_DYNAMIC_GI\r\n-define:ENABLE_SCRIPTING_GC_WBARRIERS\r\n-define:PLATFORM_SUPPORTS_MONO\r\n-define:RENDER_SOFTWARE_CURSOR\r\n-define:ENABLE_VIDEO\r\n-define:ENABLE_ACCELERATOR_CLIENT_DEBUGGING\r\n-define:PLATFORM_STANDALONE\r\n-define:TEXTCORE_1_0_OR_NEWER\r\n-define:PLATFORM_STANDALONE_WIN\r\n-define:UNITY_STANDALONE_WIN\r\n-define:UNITY_STANDALONE\r\n-define:ENABLE_RUNTIME_GI\r\n-define:ENABLE_MOVIES\r\n-define:ENABLE_NETWORK\r\n-define:ENABLE_NVIDIA\r\n-define:ENABLE_CRUNCH_TEXTURE_COMPRESSION\r\n-define:ENABLE_OUT_OF_PROCESS_CRASH_HANDLER\r\n-define:ENABLE_CLUSTER_SYNC\r\n-define:ENABLE_CLUSTERINPUT\r\n-define:PLATFORM_UPDATES_TIME_OUTSIDE_OF_PLAYER_LOOP\r\n-define:GFXDEVICE_WAITFOREVENT_MESSAGEPUMP\r\n-define:ENABLE_WEBSOCKET_HOST\r\n-define:ENABLE_MONO\r\n-define:NET_STANDARD_2_0\r\n-define:NET_STANDARD\r\n-define:NET_STANDARD_2_1\r\n-define:NETSTANDARD\r\n-define:NETSTANDARD2_1\r\n-define:ENABLE_PROFILER\r\n-define:DEBUG\r\n-define:TRACE\r\n-define:UNITY_ASSERTIONS\r\n-define:UNITY_EDITOR\r\n-define:UNITY_EDITOR_64\r\n-define:UNITY_EDITOR_WIN\r\n-define:ENABLE_UNITY_COLLECTIONS_CHECKS\r\n-define:ENABLE_BURST_AOT\r\n-define:UNITY_TEAM_LICENSE\r\n-define:UNITY_PRO_LICENSE\r\n-define:ENABLE_CUSTOM_RENDER_TEXTURE\r\n-define:ENABLE_DIRECTOR\r\n-define:ENABLE_LOCALIZATION\r\n-define:ENABLE_SPRITES\r\n-define:ENABLE_TERRAIN\r\n-define:ENABLE_TILEMAP\r\n-define:ENABLE_TIMELINE\r\n-define:ENABLE_LEGACY_INPUT_MANAGER\r\n-define:CSHARP_7_OR_LATER\r\n-define:CSHARP_7_3_OR_NEWER\r\n-r:\"C:/Program Files/Unity 2022.1.13f1/Editor/Data/Managed/UnityEditor.Graphs.dll\"\r\n-r:\"C:/Program Files/Unity 2022.1.13f1/Editor/Data/Managed/UnityEngine/UnityEditor.CoreModule.dll\"\r\n-r:\"C:/Program Files/Unity 2022.1.13f1/Editor/Data/Managed/UnityEngine/UnityEditor.DeviceSimulatorModule.dll\"\r\n-r:\"C:/Program Files/Unity 2022.1.13f1/Editor/Data/Managed/UnityEngine/UnityEditor.DiagnosticsModule.dll\"\r\n-r:\"C:/Program Files/Unity 2022.1.13f1/Editor/Data/Managed/UnityEngine/UnityEditor.dll\"\r\n-r:\"C:/Program Files/Unity 2022.1.13f1/Editor/Data/Managed/UnityEngine/UnityEditor.GraphViewModule.dll\"\r\n-r:\"C:/Program Files/Unity 2022.1.13f1/Editor/Data/Managed/UnityEngine/UnityEditor.PackageManagerUIModule.dll\"\r\n-r:\"C:/Program Files/Unity 2022.1.13f1/Editor/Data/Managed/UnityEngine/UnityEditor.PresetsUIModule.dll\"\r\n-r:\"C:/Program Files/Unity 2022.1.13f1/Editor/Data/Managed/UnityEngine/UnityEditor.QuickSearchModule.dll\"\r\n-r:\"C:/Program Files/Unity 2022.1.13f1/Editor/Data/Managed/UnityEngine/UnityEditor.SceneTemplateModule.dll\"\r\n-r:\"C:/Program Files/Unity 2022.1.13f1/Editor/Data/Managed/UnityEngine/UnityEditor.TextCoreFontEngineModule.dll\"\r\n-r:\"C:/Program Files/Unity 2022.1.13f1/Editor/Data/Managed/UnityEngine/UnityEditor.TextCoreTextEngineModule.dll\"\r\n-r:\"C:/Program Files/Unity 2022.1.13f1/Editor/Data/Managed/UnityEngine/UnityEditor.UIBuilderModule.dll\"\r\n-r:\"C:/Program Files/Unity 2022.1.13f1/Editor/Data/Managed/UnityEngine/UnityEditor.UIElementsModule.dll\"\r\n-r:\"C:/Program Files/Unity 2022.1.13f1/Editor/Data/Managed/UnityEngine/UnityEditor.UIElementsSamplesModule.dll\"\r\n-r:\"C:/Program Files/Unity 2022.1.13f1/Editor/Data/Managed/UnityEngine/UnityEditor.UIServiceModule.dll\"\r\n-r:\"C:/Program Files/Unity 2022.1.13f1/Editor/Data/Managed/UnityEngine/UnityEditor.UnityConnectModule.dll\"\r\n-r:\"C:/Program Files/Unity 2022.1.13f1/Editor/Data/Managed/UnityEngine/UnityEngine.AccessibilityModule.dll\"\r\n-r:\"C:/Program Files/Unity 2022.1.13f1/Editor/Data/Managed/UnityEngine/UnityEngine.AIModule.dll\"\r\n-r:\"C:/Program Files/Unity 2022.1.13f1/Editor/Data/Managed/UnityEngine/UnityEngine.AndroidJNIModule.dll\"\r\n-r:\"C:/Program Files/Unity 2022.1.13f1/Editor/Data/Managed/UnityEngine/UnityEngine.AnimationModule.dll\"\r\n-r:\"C:/Program Files/Unity 2022.1.13f1/Editor/Data/Managed/UnityEngine/UnityEngine.ARModule.dll\"\r\n-r:\"C:/Program Files/Unity 2022.1.13f1/Editor/Data/Managed/UnityEngine/UnityEngine.AssetBundleModule.dll\"\r\n-r:\"C:/Program Files/Unity 2022.1.13f1/Editor/Data/Managed/UnityEngine/UnityEngine.AudioModule.dll\"\r\n-r:\"C:/Program Files/Unity 2022.1.13f1/Editor/Data/Managed/UnityEngine/UnityEngine.ClothModule.dll\"\r\n-r:\"C:/Program Files/Unity 2022.1.13f1/Editor/Data/Managed/UnityEngine/UnityEngine.ClusterInputModule.dll\"\r\n-r:\"C:/Program Files/Unity 2022.1.13f1/Editor/Data/Managed/UnityEngine/UnityEngine.ClusterRendererModule.dll\"\r\n-r:\"C:/Program Files/Unity 2022.1.13f1/Editor/Data/Managed/UnityEngine/UnityEngine.CoreModule.dll\"\r\n-r:\"C:/Program Files/Unity 2022.1.13f1/Editor/Data/Managed/UnityEngine/UnityEngine.CrashReportingModule.dll\"\r\n-r:\"C:/Program Files/Unity 2022.1.13f1/Editor/Data/Managed/UnityEngine/UnityEngine.DirectorModule.dll\"\r\n-r:\"C:/Program Files/Unity 2022.1.13f1/Editor/Data/Managed/UnityEngine/UnityEngine.dll\"\r\n-r:\"C:/Program Files/Unity 2022.1.13f1/Editor/Data/Managed/UnityEngine/UnityEngine.DSPGraphModule.dll\"\r\n-r:\"C:/Program Files/Unity 2022.1.13f1/Editor/Data/Managed/UnityEngine/UnityEngine.GameCenterModule.dll\"\r\n-r:\"C:/Program Files/Unity 2022.1.13f1/Editor/Data/Managed/UnityEngine/UnityEngine.GIModule.dll\"\r\n-r:\"C:/Program Files/Unity 2022.1.13f1/Editor/Data/Managed/UnityEngine/UnityEngine.GridModule.dll\"\r\n-r:\"C:/Program Files/Unity 2022.1.13f1/Editor/Data/Managed/UnityEngine/UnityEngine.HotReloadModule.dll\"\r\n-r:\"C:/Program Files/Unity 2022.1.13f1/Editor/Data/Managed/UnityEngine/UnityEngine.ImageConversionModule.dll\"\r\n-r:\"C:/Program Files/Unity 2022.1.13f1/Editor/Data/Managed/UnityEngine/UnityEngine.IMGUIModule.dll\"\r\n-r:\"C:/Program Files/Unity 2022.1.13f1/Editor/Data/Managed/UnityEngine/UnityEngine.InputLegacyModule.dll\"\r\n-r:\"C:/Program Files/Unity 2022.1.13f1/Editor/Data/Managed/UnityEngine/UnityEngine.InputModule.dll\"\r\n-r:\"C:/Program Files/Unity 2022.1.13f1/Editor/Data/Managed/UnityEngine/UnityEngine.JSONSerializeModule.dll\"\r\n-r:\"C:/Program Files/Unity 2022.1.13f1/Editor/Data/Managed/UnityEngine/UnityEngine.LocalizationModule.dll\"\r\n-r:\"C:/Program Files/Unity 2022.1.13f1/Editor/Data/Managed/UnityEngine/UnityEngine.ParticleSystemModule.dll\"\r\n-r:\"C:/Program Files/Unity 2022.1.13f1/Editor/Data/Managed/UnityEngine/UnityEngine.PerformanceReportingModule.dll\"\r\n-r:\"C:/Program Files/Unity 2022.1.13f1/Editor/Data/Managed/UnityEngine/UnityEngine.Physics2DModule.dll\"\r\n-r:\"C:/Program Files/Unity 2022.1.13f1/Editor/Data/Managed/UnityEngine/UnityEngine.PhysicsModule.dll\"\r\n-r:\"C:/Program Files/Unity 2022.1.13f1/Editor/Data/Managed/UnityEngine/UnityEngine.ProfilerModule.dll\"\r\n-r:\"C:/Program Files/Unity 2022.1.13f1/Editor/Data/Managed/UnityEngine/UnityEngine.RuntimeInitializeOnLoadManagerInitializerModule.dll\"\r\n-r:\"C:/Program Files/Unity 2022.1.13f1/Editor/Data/Managed/UnityEngine/UnityEngine.ScreenCaptureModule.dll\"\r\n-r:\"C:/Program Files/Unity 2022.1.13f1/Editor/Data/Managed/UnityEngine/UnityEngine.SharedInternalsModule.dll\"\r\n-r:\"C:/Program Files/Unity 2022.1.13f1/Editor/Data/Managed/UnityEngine/UnityEngine.SpriteMaskModule.dll\"\r\n-r:\"C:/Program Files/Unity 2022.1.13f1/Editor/Data/Managed/UnityEngine/UnityEngine.SpriteShapeModule.dll\"\r\n-r:\"C:/Program Files/Unity 2022.1.13f1/Editor/Data/Managed/UnityEngine/UnityEngine.StreamingModule.dll\"\r\n-r:\"C:/Program Files/Unity 2022.1.13f1/Editor/Data/Managed/UnityEngine/UnityEngine.SubstanceModule.dll\"\r\n-r:\"C:/Program Files/Unity 2022.1.13f1/Editor/Data/Managed/UnityEngine/UnityEngine.SubsystemsModule.dll\"\r\n-r:\"C:/Program Files/Unity 2022.1.13f1/Editor/Data/Managed/UnityEngine/UnityEngine.TerrainModule.dll\"\r\n-r:\"C:/Program Files/Unity 2022.1.13f1/Editor/Data/Managed/UnityEngine/UnityEngine.TerrainPhysicsModule.dll\"\r\n-r:\"C:/Program Files/Unity 2022.1.13f1/Editor/Data/Managed/UnityEngine/UnityEngine.TextCoreFontEngineModule.dll\"\r\n-r:\"C:/Program Files/Unity 2022.1.13f1/Editor/Data/Managed/UnityEngine/UnityEngine.TextCoreTextEngineModule.dll\"\r\n-r:\"C:/Program Files/Unity 2022.1.13f1/Editor/Data/Managed/UnityEngine/UnityEngine.TextRenderingModule.dll\"\r\n-r:\"C:/Program Files/Unity 2022.1.13f1/Editor/Data/Managed/UnityEngine/UnityEngine.TilemapModule.dll\"\r\n-r:\"C:/Program Files/Unity 2022.1.13f1/Editor/Data/Managed/UnityEngine/UnityEngine.TLSModule.dll\"\r\n-r:\"C:/Program Files/Unity 2022.1.13f1/Editor/Data/Managed/UnityEngine/UnityEngine.UIElementsModule.dll\"\r\n-r:\"C:/Program Files/Unity 2022.1.13f1/Editor/Data/Managed/UnityEngine/UnityEngine.UIElementsNativeModule.dll\"\r\n-r:\"C:/Program Files/Unity 2022.1.13f1/Editor/Data/Managed/UnityEngine/UnityEngine.UIModule.dll\"\r\n-r:\"C:/Program Files/Unity 2022.1.13f1/Editor/Data/Managed/UnityEngine/UnityEngine.UmbraModule.dll\"\r\n-r:\"C:/Program Files/Unity 2022.1.13f1/Editor/Data/Managed/UnityEngine/UnityEngine.UNETModule.dll\"\r\n-r:\"C:/Program Files/Unity 2022.1.13f1/Editor/Data/Managed/UnityEngine/UnityEngine.UnityAnalyticsModule.dll\"\r\n-r:\"C:/Program Files/Unity 2022.1.13f1/Editor/Data/Managed/UnityEngine/UnityEngine.UnityConnectModule.dll\"\r\n-r:\"C:/Program Files/Unity 2022.1.13f1/Editor/Data/Managed/UnityEngine/UnityEngine.UnityCurlModule.dll\"\r\n-r:\"C:/Program Files/Unity 2022.1.13f1/Editor/Data/Managed/UnityEngine/UnityEngine.UnityTestProtocolModule.dll\"\r\n-r:\"C:/Program Files/Unity 2022.1.13f1/Editor/Data/Managed/UnityEngine/UnityEngine.UnityWebRequestAssetBundleModule.dll\"\r\n-r:\"C:/Program Files/Unity 2022.1.13f1/Editor/Data/Managed/UnityEngine/UnityEngine.UnityWebRequestAudioModule.dll\"\r\n-r:\"C:/Program Files/Unity 2022.1.13f1/Editor/Data/Managed/UnityEngine/UnityEngine.UnityWebRequestModule.dll\"\r\n-r:\"C:/Program Files/Unity 2022.1.13f1/Editor/Data/Managed/UnityEngine/UnityEngine.UnityWebRequestTextureModule.dll\"\r\n-r:\"C:/Program Files/Unity 2022.1.13f1/Editor/Data/Managed/UnityEngine/UnityEngine.UnityWebRequestWWWModule.dll\"\r\n-r:\"C:/Program Files/Unity 2022.1.13f1/Editor/Data/Managed/UnityEngine/UnityEngine.VehiclesModule.dll\"\r\n-r:\"C:/Program Files/Unity 2022.1.13f1/Editor/Data/Managed/UnityEngine/UnityEngine.VFXModule.dll\"\r\n-r:\"C:/Program Files/Unity 2022.1.13f1/Editor/Data/Managed/UnityEngine/UnityEngine.VideoModule.dll\"\r\n-r:\"C:/Program Files/Unity 2022.1.13f1/Editor/Data/Managed/UnityEngine/UnityEngine.VirtualTexturingModule.dll\"\r\n-r:\"C:/Program Files/Unity 2022.1.13f1/Editor/Data/Managed/UnityEngine/UnityEngine.VRModule.dll\"\r\n-r:\"C:/Program Files/Unity 2022.1.13f1/Editor/Data/Managed/UnityEngine/UnityEngine.WindModule.dll\"\r\n-r:\"C:/Program Files/Unity 2022.1.13f1/Editor/Data/Managed/UnityEngine/UnityEngine.XRModule.dll\"\r\n-r:\"C:/Program Files/Unity 2022.1.13f1/Editor/Data/NetStandard/compat/2.1.0/shims/netfx/mscorlib.dll\"\r\n-r:\"C:/Program Files/Unity 2022.1.13f1/Editor/Data/NetStandard/compat/2.1.0/shims/netfx/System.ComponentModel.Composition.dll\"\r\n-r:\"C:/Program Files/Unity 2022.1.13f1/Editor/Data/NetStandard/compat/2.1.0/shims/netfx/System.Core.dll\"\r\n-r:\"C:/Program Files/Unity 2022.1.13f1/Editor/Data/NetStandard/compat/2.1.0/shims/netfx/System.Data.dll\"\r\n-r:\"C:/Program Files/Unity 2022.1.13f1/Editor/Data/NetStandard/compat/2.1.0/shims/netfx/System.dll\"\r\n-r:\"C:/Program Files/Unity 2022.1.13f1/Editor/Data/NetStandard/compat/2.1.0/shims/netfx/System.Drawing.dll\"\r\n-r:\"C:/Program Files/Unity 2022.1.13f1/Editor/Data/NetStandard/compat/2.1.0/shims/netfx/System.IO.Compression.FileSystem.dll\"\r\n-r:\"C:/Program Files/Unity 2022.1.13f1/Editor/Data/NetStandard/compat/2.1.0/shims/netfx/System.Net.dll\"\r\n-r:\"C:/Program Files/Unity 2022.1.13f1/Editor/Data/NetStandard/compat/2.1.0/shims/netfx/System.Numerics.dll\"\r\n-r:\"C:/Program Files/Unity 2022.1.13f1/Editor/Data/NetStandard/compat/2.1.0/shims/netfx/System.Runtime.Serialization.dll\"\r\n-r:\"C:/Program Files/Unity 2022.1.13f1/Editor/Data/NetStandard/compat/2.1.0/shims/netfx/System.ServiceModel.Web.dll\"\r\n-r:\"C:/Program Files/Unity 2022.1.13f1/Editor/Data/NetStandard/compat/2.1.0/shims/netfx/System.Transactions.dll\"\r\n-r:\"C:/Program Files/Unity 2022.1.13f1/Editor/Data/NetStandard/compat/2.1.0/shims/netfx/System.Web.dll\"\r\n-r:\"C:/Program Files/Unity 2022.1.13f1/Editor/Data/NetStandard/compat/2.1.0/shims/netfx/System.Windows.dll\"\r\n-r:\"C:/Program Files/Unity 2022.1.13f1/Editor/Data/NetStandard/compat/2.1.0/shims/netfx/System.Xml.dll\"\r\n-r:\"C:/Program Files/Unity 2022.1.13f1/Editor/Data/NetStandard/compat/2.1.0/shims/netfx/System.Xml.Linq.dll\"\r\n-r:\"C:/Program Files/Unity 2022.1.13f1/Editor/Data/NetStandard/compat/2.1.0/shims/netfx/System.Xml.Serialization.dll\"\r\n-r:\"C:/Program Files/Unity 2022.1.13f1/Editor/Data/NetStandard/compat/2.1.0/shims/netstandard/Microsoft.Win32.Primitives.dll\"\r\n-r:\"C:/Program Files/Unity 2022.1.13f1/Editor/Data/NetStandard/compat/2.1.0/shims/netstandard/System.AppContext.dll\"\r\n-r:\"C:/Program Files/Unity 2022.1.13f1/Editor/Data/NetStandard/compat/2.1.0/shims/netstandard/System.Buffers.dll\"\r\n-r:\"C:/Program Files/Unity 2022.1.13f1/Editor/Data/NetStandard/compat/2.1.0/shims/netstandard/System.Collections.Concurrent.dll\"\r\n-r:\"C:/Program Files/Unity 2022.1.13f1/Editor/Data/NetStandard/compat/2.1.0/shims/netstandard/System.Collections.dll\"\r\n-r:\"C:/Program Files/Unity 2022.1.13f1/Editor/Data/NetStandard/compat/2.1.0/shims/netstandard/System.Collections.NonGeneric.dll\"\r\n-r:\"C:/Program Files/Unity 2022.1.13f1/Editor/Data/NetStandard/compat/2.1.0/shims/netstandard/System.Collections.Specialized.dll\"\r\n-r:\"C:/Program Files/Unity 2022.1.13f1/Editor/Data/NetStandard/compat/2.1.0/shims/netstandard/System.ComponentModel.dll\"\r\n-r:\"C:/Program Files/Unity 2022.1.13f1/Editor/Data/NetStandard/compat/2.1.0/shims/netstandard/System.ComponentModel.EventBasedAsync.dll\"\r\n-r:\"C:/Program Files/Unity 2022.1.13f1/Editor/Data/NetStandard/compat/2.1.0/shims/netstandard/System.ComponentModel.Primitives.dll\"\r\n-r:\"C:/Program Files/Unity 2022.1.13f1/Editor/Data/NetStandard/compat/2.1.0/shims/netstandard/System.ComponentModel.TypeConverter.dll\"\r\n-r:\"C:/Program Files/Unity 2022.1.13f1/Editor/Data/NetStandard/compat/2.1.0/shims/netstandard/System.Console.dll\"\r\n-r:\"C:/Program Files/Unity 2022.1.13f1/Editor/Data/NetStandard/compat/2.1.0/shims/netstandard/System.Data.Common.dll\"\r\n-r:\"C:/Program Files/Unity 2022.1.13f1/Editor/Data/NetStandard/compat/2.1.0/shims/netstandard/System.Diagnostics.Contracts.dll\"\r\n-r:\"C:/Program Files/Unity 2022.1.13f1/Editor/Data/NetStandard/compat/2.1.0/shims/netstandard/System.Diagnostics.Debug.dll\"\r\n-r:\"C:/Program Files/Unity 2022.1.13f1/Editor/Data/NetStandard/compat/2.1.0/shims/netstandard/System.Diagnostics.FileVersionInfo.dll\"\r\n-r:\"C:/Program Files/Unity 2022.1.13f1/Editor/Data/NetStandard/compat/2.1.0/shims/netstandard/System.Diagnostics.Process.dll\"\r\n-r:\"C:/Program Files/Unity 2022.1.13f1/Editor/Data/NetStandard/compat/2.1.0/shims/netstandard/System.Diagnostics.StackTrace.dll\"\r\n-r:\"C:/Program Files/Unity 2022.1.13f1/Editor/Data/NetStandard/compat/2.1.0/shims/netstandard/System.Diagnostics.TextWriterTraceListener.dll\"\r\n-r:\"C:/Program Files/Unity 2022.1.13f1/Editor/Data/NetStandard/compat/2.1.0/shims/netstandard/System.Diagnostics.Tools.dll\"\r\n-r:\"C:/Program Files/Unity 2022.1.13f1/Editor/Data/NetStandard/compat/2.1.0/shims/netstandard/System.Diagnostics.TraceSource.dll\"\r\n-r:\"C:/Program Files/Unity 2022.1.13f1/Editor/Data/NetStandard/compat/2.1.0/shims/netstandard/System.Diagnostics.Tracing.dll\"\r\n-r:\"C:/Program Files/Unity 2022.1.13f1/Editor/Data/NetStandard/compat/2.1.0/shims/netstandard/System.Drawing.Primitives.dll\"\r\n-r:\"C:/Program Files/Unity 2022.1.13f1/Editor/Data/NetStandard/compat/2.1.0/shims/netstandard/System.Dynamic.Runtime.dll\"\r\n-r:\"C:/Program Files/Unity 2022.1.13f1/Editor/Data/NetStandard/compat/2.1.0/shims/netstandard/System.Globalization.Calendars.dll\"\r\n-r:\"C:/Program Files/Unity 2022.1.13f1/Editor/Data/NetStandard/compat/2.1.0/shims/netstandard/System.Globalization.dll\"\r\n-r:\"C:/Program Files/Unity 2022.1.13f1/Editor/Data/NetStandard/compat/2.1.0/shims/netstandard/System.Globalization.Extensions.dll\"\r\n-r:\"C:/Program Files/Unity 2022.1.13f1/Editor/Data/NetStandard/compat/2.1.0/shims/netstandard/System.IO.Compression.dll\"\r\n-r:\"C:/Program Files/Unity 2022.1.13f1/Editor/Data/NetStandard/compat/2.1.0/shims/netstandard/System.IO.Compression.ZipFile.dll\"\r\n-r:\"C:/Program Files/Unity 2022.1.13f1/Editor/Data/NetStandard/compat/2.1.0/shims/netstandard/System.IO.dll\"\r\n-r:\"C:/Program Files/Unity 2022.1.13f1/Editor/Data/NetStandard/compat/2.1.0/shims/netstandard/System.IO.FileSystem.dll\"\r\n-r:\"C:/Program Files/Unity 2022.1.13f1/Editor/Data/NetStandard/compat/2.1.0/shims/netstandard/System.IO.FileSystem.DriveInfo.dll\"\r\n-r:\"C:/Program Files/Unity 2022.1.13f1/Editor/Data/NetStandard/compat/2.1.0/shims/netstandard/System.IO.FileSystem.Primitives.dll\"\r\n-r:\"C:/Program Files/Unity 2022.1.13f1/Editor/Data/NetStandard/compat/2.1.0/shims/netstandard/System.IO.FileSystem.Watcher.dll\"\r\n-r:\"C:/Program Files/Unity 2022.1.13f1/Editor/Data/NetStandard/compat/2.1.0/shims/netstandard/System.IO.IsolatedStorage.dll\"\r\n-r:\"C:/Program Files/Unity 2022.1.13f1/Editor/Data/NetStandard/compat/2.1.0/shims/netstandard/System.IO.MemoryMappedFiles.dll\"\r\n-r:\"C:/Program Files/Unity 2022.1.13f1/Editor/Data/NetStandard/compat/2.1.0/shims/netstandard/System.IO.Pipes.dll\"\r\n-r:\"C:/Program Files/Unity 2022.1.13f1/Editor/Data/NetStandard/compat/2.1.0/shims/netstandard/System.IO.UnmanagedMemoryStream.dll\"\r\n-r:\"C:/Program Files/Unity 2022.1.13f1/Editor/Data/NetStandard/compat/2.1.0/shims/netstandard/System.Linq.dll\"\r\n-r:\"C:/Program Files/Unity 2022.1.13f1/Editor/Data/NetStandard/compat/2.1.0/shims/netstandard/System.Linq.Expressions.dll\"\r\n-r:\"C:/Program Files/Unity 2022.1.13f1/Editor/Data/NetStandard/compat/2.1.0/shims/netstandard/System.Linq.Parallel.dll\"\r\n-r:\"C:/Program Files/Unity 2022.1.13f1/Editor/Data/NetStandard/compat/2.1.0/shims/netstandard/System.Linq.Queryable.dll\"\r\n-r:\"C:/Program Files/Unity 2022.1.13f1/Editor/Data/NetStandard/compat/2.1.0/shims/netstandard/System.Memory.dll\"\r\n-r:\"C:/Program Files/Unity 2022.1.13f1/Editor/Data/NetStandard/compat/2.1.0/shims/netstandard/System.Net.Http.dll\"\r\n-r:\"C:/Program Files/Unity 2022.1.13f1/Editor/Data/NetStandard/compat/2.1.0/shims/netstandard/System.Net.NameResolution.dll\"\r\n-r:\"C:/Program Files/Unity 2022.1.13f1/Editor/Data/NetStandard/compat/2.1.0/shims/netstandard/System.Net.NetworkInformation.dll\"\r\n-r:\"C:/Program Files/Unity 2022.1.13f1/Editor/Data/NetStandard/compat/2.1.0/shims/netstandard/System.Net.Ping.dll\"\r\n-r:\"C:/Program Files/Unity 2022.1.13f1/Editor/Data/NetStandard/compat/2.1.0/shims/netstandard/System.Net.Primitives.dll\"\r\n-r:\"C:/Program Files/Unity 2022.1.13f1/Editor/Data/NetStandard/compat/2.1.0/shims/netstandard/System.Net.Requests.dll\"\r\n-r:\"C:/Program Files/Unity 2022.1.13f1/Editor/Data/NetStandard/compat/2.1.0/shims/netstandard/System.Net.Security.dll\"\r\n-r:\"C:/Program Files/Unity 2022.1.13f1/Editor/Data/NetStandard/compat/2.1.0/shims/netstandard/System.Net.Sockets.dll\"\r\n-r:\"C:/Program Files/Unity 2022.1.13f1/Editor/Data/NetStandard/compat/2.1.0/shims/netstandard/System.Net.WebHeaderCollection.dll\"\r\n-r:\"C:/Program Files/Unity 2022.1.13f1/Editor/Data/NetStandard/compat/2.1.0/shims/netstandard/System.Net.WebSockets.Client.dll\"\r\n-r:\"C:/Program Files/Unity 2022.1.13f1/Editor/Data/NetStandard/compat/2.1.0/shims/netstandard/System.Net.WebSockets.dll\"\r\n-r:\"C:/Program Files/Unity 2022.1.13f1/Editor/Data/NetStandard/compat/2.1.0/shims/netstandard/System.Numerics.Vectors.dll\"\r\n-r:\"C:/Program Files/Unity 2022.1.13f1/Editor/Data/NetStandard/compat/2.1.0/shims/netstandard/System.ObjectModel.dll\"\r\n-r:\"C:/Program Files/Unity 2022.1.13f1/Editor/Data/NetStandard/compat/2.1.0/shims/netstandard/System.Reflection.DispatchProxy.dll\"\r\n-r:\"C:/Program Files/Unity 2022.1.13f1/Editor/Data/NetStandard/compat/2.1.0/shims/netstandard/System.Reflection.dll\"\r\n-r:\"C:/Program Files/Unity 2022.1.13f1/Editor/Data/NetStandard/compat/2.1.0/shims/netstandard/System.Reflection.Emit.dll\"\r\n-r:\"C:/Program Files/Unity 2022.1.13f1/Editor/Data/NetStandard/compat/2.1.0/shims/netstandard/System.Reflection.Emit.ILGeneration.dll\"\r\n-r:\"C:/Program Files/Unity 2022.1.13f1/Editor/Data/NetStandard/compat/2.1.0/shims/netstandard/System.Reflection.Emit.Lightweight.dll\"\r\n-r:\"C:/Program Files/Unity 2022.1.13f1/Editor/Data/NetStandard/compat/2.1.0/shims/netstandard/System.Reflection.Extensions.dll\"\r\n-r:\"C:/Program Files/Unity 2022.1.13f1/Editor/Data/NetStandard/compat/2.1.0/shims/netstandard/System.Reflection.Primitives.dll\"\r\n-r:\"C:/Program Files/Unity 2022.1.13f1/Editor/Data/NetStandard/compat/2.1.0/shims/netstandard/System.Resources.Reader.dll\"\r\n-r:\"C:/Program Files/Unity 2022.1.13f1/Editor/Data/NetStandard/compat/2.1.0/shims/netstandard/System.Resources.ResourceManager.dll\"\r\n-r:\"C:/Program Files/Unity 2022.1.13f1/Editor/Data/NetStandard/compat/2.1.0/shims/netstandard/System.Resources.Writer.dll\"\r\n-r:\"C:/Program Files/Unity 2022.1.13f1/Editor/Data/NetStandard/compat/2.1.0/shims/netstandard/System.Runtime.CompilerServices.VisualC.dll\"\r\n-r:\"C:/Program Files/Unity 2022.1.13f1/Editor/Data/NetStandard/compat/2.1.0/shims/netstandard/System.Runtime.dll\"\r\n-r:\"C:/Program Files/Unity 2022.1.13f1/Editor/Data/NetStandard/compat/2.1.0/shims/netstandard/System.Runtime.Extensions.dll\"\r\n-r:\"C:/Program Files/Unity 2022.1.13f1/Editor/Data/NetStandard/compat/2.1.0/shims/netstandard/System.Runtime.Handles.dll\"\r\n-r:\"C:/Program Files/Unity 2022.1.13f1/Editor/Data/NetStandard/compat/2.1.0/shims/netstandard/System.Runtime.InteropServices.dll\"\r\n-r:\"C:/Program Files/Unity 2022.1.13f1/Editor/Data/NetStandard/compat/2.1.0/shims/netstandard/System.Runtime.InteropServices.RuntimeInformation.dll\"\r\n-r:\"C:/Program Files/Unity 2022.1.13f1/Editor/Data/NetStandard/compat/2.1.0/shims/netstandard/System.Runtime.Numerics.dll\"\r\n-r:\"C:/Program Files/Unity 2022.1.13f1/Editor/Data/NetStandard/compat/2.1.0/shims/netstandard/System.Runtime.Serialization.Formatters.dll\"\r\n-r:\"C:/Program Files/Unity 2022.1.13f1/Editor/Data/NetStandard/compat/2.1.0/shims/netstandard/System.Runtime.Serialization.Json.dll\"\r\n-r:\"C:/Program Files/Unity 2022.1.13f1/Editor/Data/NetStandard/compat/2.1.0/shims/netstandard/System.Runtime.Serialization.Primitives.dll\"\r\n-r:\"C:/Program Files/Unity 2022.1.13f1/Editor/Data/NetStandard/compat/2.1.0/shims/netstandard/System.Runtime.Serialization.Xml.dll\"\r\n-r:\"C:/Program Files/Unity 2022.1.13f1/Editor/Data/NetStandard/compat/2.1.0/shims/netstandard/System.Security.Claims.dll\"\r\n-r:\"C:/Program Files/Unity 2022.1.13f1/Editor/Data/NetStandard/compat/2.1.0/shims/netstandard/System.Security.Cryptography.Algorithms.dll\"\r\n-r:\"C:/Program Files/Unity 2022.1.13f1/Editor/Data/NetStandard/compat/2.1.0/shims/netstandard/System.Security.Cryptography.Csp.dll\"\r\n-r:\"C:/Program Files/Unity 2022.1.13f1/Editor/Data/NetStandard/compat/2.1.0/shims/netstandard/System.Security.Cryptography.Encoding.dll\"\r\n-r:\"C:/Program Files/Unity 2022.1.13f1/Editor/Data/NetStandard/compat/2.1.0/shims/netstandard/System.Security.Cryptography.Primitives.dll\"\r\n-r:\"C:/Program Files/Unity 2022.1.13f1/Editor/Data/NetStandard/compat/2.1.0/shims/netstandard/System.Security.Cryptography.X509Certificates.dll\"\r\n-r:\"C:/Program Files/Unity 2022.1.13f1/Editor/Data/NetStandard/compat/2.1.0/shims/netstandard/System.Security.Principal.dll\"\r\n-r:\"C:/Program Files/Unity 2022.1.13f1/Editor/Data/NetStandard/compat/2.1.0/shims/netstandard/System.Security.SecureString.dll\"\r\n-r:\"C:/Program Files/Unity 2022.1.13f1/Editor/Data/NetStandard/compat/2.1.0/shims/netstandard/System.Text.Encoding.dll\"\r\n-r:\"C:/Program Files/Unity 2022.1.13f1/Editor/Data/NetStandard/compat/2.1.0/shims/netstandard/System.Text.Encoding.Extensions.dll\"\r\n-r:\"C:/Program Files/Unity 2022.1.13f1/Editor/Data/NetStandard/compat/2.1.0/shims/netstandard/System.Text.RegularExpressions.dll\"\r\n-r:\"C:/Program Files/Unity 2022.1.13f1/Editor/Data/NetStandard/compat/2.1.0/shims/netstandard/System.Threading.dll\"\r\n-r:\"C:/Program Files/Unity 2022.1.13f1/Editor/Data/NetStandard/compat/2.1.0/shims/netstandard/System.Threading.Overlapped.dll\"\r\n-r:\"C:/Program Files/Unity 2022.1.13f1/Editor/Data/NetStandard/compat/2.1.0/shims/netstandard/System.Threading.Tasks.dll\"\r\n-r:\"C:/Program Files/Unity 2022.1.13f1/Editor/Data/NetStandard/compat/2.1.0/shims/netstandard/System.Threading.Tasks.Extensions.dll\"\r\n-r:\"C:/Program Files/Unity 2022.1.13f1/Editor/Data/NetStandard/compat/2.1.0/shims/netstandard/System.Threading.Tasks.Parallel.dll\"\r\n-r:\"C:/Program Files/Unity 2022.1.13f1/Editor/Data/NetStandard/compat/2.1.0/shims/netstandard/System.Threading.Thread.dll\"\r\n-r:\"C:/Program Files/Unity 2022.1.13f1/Editor/Data/NetStandard/compat/2.1.0/shims/netstandard/System.Threading.ThreadPool.dll\"\r\n-r:\"C:/Program Files/Unity 2022.1.13f1/Editor/Data/NetStandard/compat/2.1.0/shims/netstandard/System.Threading.Timer.dll\"\r\n-r:\"C:/Program Files/Unity 2022.1.13f1/Editor/Data/NetStandard/compat/2.1.0/shims/netstandard/System.ValueTuple.dll\"\r\n-r:\"C:/Program Files/Unity 2022.1.13f1/Editor/Data/NetStandard/compat/2.1.0/shims/netstandard/System.Xml.ReaderWriter.dll\"\r\n-r:\"C:/Program Files/Unity 2022.1.13f1/Editor/Data/NetStandard/compat/2.1.0/shims/netstandard/System.Xml.XDocument.dll\"\r\n-r:\"C:/Program Files/Unity 2022.1.13f1/Editor/Data/NetStandard/compat/2.1.0/shims/netstandard/System.Xml.XmlDocument.dll\"\r\n-r:\"C:/Program Files/Unity 2022.1.13f1/Editor/Data/NetStandard/compat/2.1.0/shims/netstandard/System.Xml.XmlSerializer.dll\"\r\n-r:\"C:/Program Files/Unity 2022.1.13f1/Editor/Data/NetStandard/compat/2.1.0/shims/netstandard/System.Xml.XPath.dll\"\r\n-r:\"C:/Program Files/Unity 2022.1.13f1/Editor/Data/NetStandard/compat/2.1.0/shims/netstandard/System.Xml.XPath.XDocument.dll\"\r\n-r:\"C:/Program Files/Unity 2022.1.13f1/Editor/Data/NetStandard/Extensions/2.0.0/System.Runtime.InteropServices.WindowsRuntime.dll\"\r\n-r:\"C:/Program Files/Unity 2022.1.13f1/Editor/Data/NetStandard/ref/2.1.0/netstandard.dll\"\r\n-r:\"C:/Program Files/Unity 2022.1.13f1/Editor/Data/PlaybackEngines/WindowsStandaloneSupport/UnityEditor.WindowsStandalone.Extensions.dll\"\r\n\"Library/PackageCache/com.unity.test-framework@1.1.31/UnityEngine.TestRunner/AssemblyInfo.cs\"\r\n\"Library/PackageCache/com.unity.test-framework@1.1.31/UnityEngine.TestRunner/Assertions/AllocatingGCMemoryConstraint.cs\"\r\n\"Library/PackageCache/com.unity.test-framework@1.1.31/UnityEngine.TestRunner/Assertions/ConstraintsExtensions.cs\"\r\n\"Library/PackageCache/com.unity.test-framework@1.1.31/UnityEngine.TestRunner/Assertions/InvalidSignatureException.cs\"\r\n\"Library/PackageCache/com.unity.test-framework@1.1.31/UnityEngine.TestRunner/Assertions/Is.cs\"\r\n\"Library/PackageCache/com.unity.test-framework@1.1.31/UnityEngine.TestRunner/Assertions/LogAssert.cs\"\r\n\"Library/PackageCache/com.unity.test-framework@1.1.31/UnityEngine.TestRunner/Assertions/LogScope/ILogScope.cs\"\r\n\"Library/PackageCache/com.unity.test-framework@1.1.31/UnityEngine.TestRunner/Assertions/LogScope/LogEvent.cs\"\r\n\"Library/PackageCache/com.unity.test-framework@1.1.31/UnityEngine.TestRunner/Assertions/LogScope/LogMatch.cs\"\r\n\"Library/PackageCache/com.unity.test-framework@1.1.31/UnityEngine.TestRunner/Assertions/LogScope/LogScope.cs\"\r\n\"Library/PackageCache/com.unity.test-framework@1.1.31/UnityEngine.TestRunner/Assertions/UnexpectedLogMessageException.cs\"\r\n\"Library/PackageCache/com.unity.test-framework@1.1.31/UnityEngine.TestRunner/Assertions/UnhandledLogMessageException.cs\"\r\n\"Library/PackageCache/com.unity.test-framework@1.1.31/UnityEngine.TestRunner/Assertions/UnityTestTimeoutException.cs\"\r\n\"Library/PackageCache/com.unity.test-framework@1.1.31/UnityEngine.TestRunner/NUnitExtensions/ActionDelegator.cs\"\r\n\"Library/PackageCache/com.unity.test-framework@1.1.31/UnityEngine.TestRunner/NUnitExtensions/Attributes/ConditionalIgnoreAttribute.cs\"\r\n\"Library/PackageCache/com.unity.test-framework@1.1.31/UnityEngine.TestRunner/NUnitExtensions/Attributes/TestEnumerator.cs\"\r\n\"Library/PackageCache/com.unity.test-framework@1.1.31/UnityEngine.TestRunner/NUnitExtensions/Attributes/TestMustExpectAllLogsAttribute.cs\"\r\n\"Library/PackageCache/com.unity.test-framework@1.1.31/UnityEngine.TestRunner/NUnitExtensions/Attributes/UnityCombinatorialStrategy.cs\"\r\n\"Library/PackageCache/com.unity.test-framework@1.1.31/UnityEngine.TestRunner/NUnitExtensions/Attributes/UnityPlatformAttribute.cs\"\r\n\"Library/PackageCache/com.unity.test-framework@1.1.31/UnityEngine.TestRunner/NUnitExtensions/Attributes/UnitySetUpAttribute.cs\"\r\n\"Library/PackageCache/com.unity.test-framework@1.1.31/UnityEngine.TestRunner/NUnitExtensions/Attributes/UnityTearDownAttribute.cs\"\r\n\"Library/PackageCache/com.unity.test-framework@1.1.31/UnityEngine.TestRunner/NUnitExtensions/Attributes/UnityTestAttribute.cs\"\r\n\"Library/PackageCache/com.unity.test-framework@1.1.31/UnityEngine.TestRunner/NUnitExtensions/BaseDelegator.cs\"\r\n\"Library/PackageCache/com.unity.test-framework@1.1.31/UnityEngine.TestRunner/NUnitExtensions/Commands/BeforeAfterTestCommandBase.cs\"\r\n\"Library/PackageCache/com.unity.test-framework@1.1.31/UnityEngine.TestRunner/NUnitExtensions/Commands/BeforeAfterTestCommandState.cs\"\r\n\"Library/PackageCache/com.unity.test-framework@1.1.31/UnityEngine.TestRunner/NUnitExtensions/Commands/EnumerableApplyChangesToContextCommand.cs\"\r\n\"Library/PackageCache/com.unity.test-framework@1.1.31/UnityEngine.TestRunner/NUnitExtensions/Commands/EnumerableRepeatedTestCommand.cs\"\r\n\"Library/PackageCache/com.unity.test-framework@1.1.31/UnityEngine.TestRunner/NUnitExtensions/Commands/EnumerableRetryTestCommand.cs\"\r\n\"Library/PackageCache/com.unity.test-framework@1.1.31/UnityEngine.TestRunner/NUnitExtensions/Commands/EnumerableSetUpTearDownCommand.cs\"\r\n\"Library/PackageCache/com.unity.test-framework@1.1.31/UnityEngine.TestRunner/NUnitExtensions/Commands/EnumerableTestMethodCommand.cs\"\r\n\"Library/PackageCache/com.unity.test-framework@1.1.31/UnityEngine.TestRunner/NUnitExtensions/Commands/EnumerableTestState.cs\"\r\n\"Library/PackageCache/com.unity.test-framework@1.1.31/UnityEngine.TestRunner/NUnitExtensions/Commands/ImmediateEnumerableCommand.cs\"\r\n\"Library/PackageCache/com.unity.test-framework@1.1.31/UnityEngine.TestRunner/NUnitExtensions/Commands/OuterUnityTestActionCommand.cs\"\r\n\"Library/PackageCache/com.unity.test-framework@1.1.31/UnityEngine.TestRunner/NUnitExtensions/Commands/SetUpTearDownCommand.cs\"\r\n\"Library/PackageCache/com.unity.test-framework@1.1.31/UnityEngine.TestRunner/NUnitExtensions/Commands/TestActionCommand.cs\"\r\n\"Library/PackageCache/com.unity.test-framework@1.1.31/UnityEngine.TestRunner/NUnitExtensions/Commands/TestCommandPcHelper.cs\"\r\n\"Library/PackageCache/com.unity.test-framework@1.1.31/UnityEngine.TestRunner/NUnitExtensions/Commands/UnityTestMethodCommand.cs\"\r\n\"Library/PackageCache/com.unity.test-framework@1.1.31/UnityEngine.TestRunner/NUnitExtensions/ConstructDelegator.cs\"\r\n\"Library/PackageCache/com.unity.test-framework@1.1.31/UnityEngine.TestRunner/NUnitExtensions/Filters/AssemblyNameFilter.cs\"\r\n\"Library/PackageCache/com.unity.test-framework@1.1.31/UnityEngine.TestRunner/NUnitExtensions/Filters/CategoryFilterExtended.cs\"\r\n\"Library/PackageCache/com.unity.test-framework@1.1.31/UnityEngine.TestRunner/NUnitExtensions/Filters/FullNameFilter.cs\"\r\n\"Library/PackageCache/com.unity.test-framework@1.1.31/UnityEngine.TestRunner/NUnitExtensions/IAsyncTestAssemblyBuilder.cs\"\r\n\"Library/PackageCache/com.unity.test-framework@1.1.31/UnityEngine.TestRunner/NUnitExtensions/IStateSerializer.cs\"\r\n\"Library/PackageCache/com.unity.test-framework@1.1.31/UnityEngine.TestRunner/NUnitExtensions/Runner/CompositeWorkItem.cs\"\r\n\"Library/PackageCache/com.unity.test-framework@1.1.31/UnityEngine.TestRunner/NUnitExtensions/Runner/CoroutineTestWorkItem.cs\"\r\n\"Library/PackageCache/com.unity.test-framework@1.1.31/UnityEngine.TestRunner/NUnitExtensions/Runner/DefaultTestWorkItem.cs\"\r\n\"Library/PackageCache/com.unity.test-framework@1.1.31/UnityEngine.TestRunner/NUnitExtensions/Runner/FailCommand.cs\"\r\n\"Library/PackageCache/com.unity.test-framework@1.1.31/UnityEngine.TestRunner/NUnitExtensions/Runner/IEnumerableTestMethodCommand.cs\"\r\n\"Library/PackageCache/com.unity.test-framework@1.1.31/UnityEngine.TestRunner/NUnitExtensions/Runner/PlaymodeWorkItemFactory.cs\"\r\n\"Library/PackageCache/com.unity.test-framework@1.1.31/UnityEngine.TestRunner/NUnitExtensions/Runner/RestoreTestContextAfterDomainReload.cs\"\r\n\"Library/PackageCache/com.unity.test-framework@1.1.31/UnityEngine.TestRunner/NUnitExtensions/Runner/TestCommandBuilder.cs\"\r\n\"Library/PackageCache/com.unity.test-framework@1.1.31/UnityEngine.TestRunner/NUnitExtensions/Runner/UnityLogCheckDelegatingCommand.cs\"\r\n\"Library/PackageCache/com.unity.test-framework@1.1.31/UnityEngine.TestRunner/NUnitExtensions/Runner/UnityTestAssemblyRunner.cs\"\r\n\"Library/PackageCache/com.unity.test-framework@1.1.31/UnityEngine.TestRunner/NUnitExtensions/Runner/UnityTestExecutionContext.cs\"\r\n\"Library/PackageCache/com.unity.test-framework@1.1.31/UnityEngine.TestRunner/NUnitExtensions/Runner/UnityWorkItem.cs\"\r\n\"Library/PackageCache/com.unity.test-framework@1.1.31/UnityEngine.TestRunner/NUnitExtensions/Runner/UnityWorkItemDataHolder.cs\"\r\n\"Library/PackageCache/com.unity.test-framework@1.1.31/UnityEngine.TestRunner/NUnitExtensions/Runner/WorkItemFactory.cs\"\r\n\"Library/PackageCache/com.unity.test-framework@1.1.31/UnityEngine.TestRunner/NUnitExtensions/TestExtensions.cs\"\r\n\"Library/PackageCache/com.unity.test-framework@1.1.31/UnityEngine.TestRunner/NUnitExtensions/TestResultExtensions.cs\"\r\n\"Library/PackageCache/com.unity.test-framework@1.1.31/UnityEngine.TestRunner/NUnitExtensions/UnityTestAssemblyBuilder.cs\"\r\n\"Library/PackageCache/com.unity.test-framework@1.1.31/UnityEngine.TestRunner/TestRunner/Callbacks/PlayerQuitHandler.cs\"\r\n\"Library/PackageCache/com.unity.test-framework@1.1.31/UnityEngine.TestRunner/TestRunner/Callbacks/PlayModeRunnerCallback.cs\"\r\n\"Library/PackageCache/com.unity.test-framework@1.1.31/UnityEngine.TestRunner/TestRunner/Callbacks/RemoteTestResultSender.cs\"\r\n\"Library/PackageCache/com.unity.test-framework@1.1.31/UnityEngine.TestRunner/TestRunner/Callbacks/TestResultRenderer.cs\"\r\n\"Library/PackageCache/com.unity.test-framework@1.1.31/UnityEngine.TestRunner/TestRunner/Callbacks/TestResultRendererCallback.cs\"\r\n\"Library/PackageCache/com.unity.test-framework@1.1.31/UnityEngine.TestRunner/TestRunner/ITestRunnerListener.cs\"\r\n\"Library/PackageCache/com.unity.test-framework@1.1.31/UnityEngine.TestRunner/TestRunner/Messages/IEditModeTestYieldInstruction.cs\"\r\n\"Library/PackageCache/com.unity.test-framework@1.1.31/UnityEngine.TestRunner/TestRunner/PlaymodeTestsController.cs\"\r\n\"Library/PackageCache/com.unity.test-framework@1.1.31/UnityEngine.TestRunner/TestRunner/PlaymodeTestsControllerSettings.cs\"\r\n\"Library/PackageCache/com.unity.test-framework@1.1.31/UnityEngine.TestRunner/TestRunner/RemoteHelpers/IRemoteTestResultDataFactory.cs\"\r\n\"Library/PackageCache/com.unity.test-framework@1.1.31/UnityEngine.TestRunner/TestRunner/RemoteHelpers/PlayerConnectionMessageIds.cs\"\r\n\"Library/PackageCache/com.unity.test-framework@1.1.31/UnityEngine.TestRunner/TestRunner/RemoteHelpers/RemoteTestData.cs\"\r\n\"Library/PackageCache/com.unity.test-framework@1.1.31/UnityEngine.TestRunner/TestRunner/RemoteHelpers/RemoteTestResultData.cs\"\r\n\"Library/PackageCache/com.unity.test-framework@1.1.31/UnityEngine.TestRunner/TestRunner/RemoteHelpers/RemoteTestResultDataFactory.cs\"\r\n\"Library/PackageCache/com.unity.test-framework@1.1.31/UnityEngine.TestRunner/TestRunner/RemoteHelpers/RemoteTestResultDataWithTestData.cs\"\r\n\"Library/PackageCache/com.unity.test-framework@1.1.31/UnityEngine.TestRunner/TestRunner/RuntimeTestRunnerFilter.cs\"\r\n\"Library/PackageCache/com.unity.test-framework@1.1.31/UnityEngine.TestRunner/TestRunner/SynchronousFilter.cs\"\r\n\"Library/PackageCache/com.unity.test-framework@1.1.31/UnityEngine.TestRunner/TestRunner/TestEnumeratorWrapper.cs\"\r\n\"Library/PackageCache/com.unity.test-framework@1.1.31/UnityEngine.TestRunner/TestRunner/TestListenerWrapper.cs\"\r\n\"Library/PackageCache/com.unity.test-framework@1.1.31/UnityEngine.TestRunner/TestRunner/TestPlatform.cs\"\r\n\"Library/PackageCache/com.unity.test-framework@1.1.31/UnityEngine.TestRunner/Utils/AssemblyProvider/AssemblyLoadProxy.cs\"\r\n\"Library/PackageCache/com.unity.test-framework@1.1.31/UnityEngine.TestRunner/Utils/AssemblyProvider/AssemblyWrapper.cs\"\r\n\"Library/PackageCache/com.unity.test-framework@1.1.31/UnityEngine.TestRunner/Utils/AssemblyProvider/IAssemblyLoadProxy.cs\"\r\n\"Library/PackageCache/com.unity.test-framework@1.1.31/UnityEngine.TestRunner/Utils/AssemblyProvider/IAssemblyWrapper.cs\"\r\n\"Library/PackageCache/com.unity.test-framework@1.1.31/UnityEngine.TestRunner/Utils/AssemblyProvider/IScriptingRuntimeProxy.cs\"\r\n\"Library/PackageCache/com.unity.test-framework@1.1.31/UnityEngine.TestRunner/Utils/AssemblyProvider/ITestAssemblyProvider.cs\"\r\n\"Library/PackageCache/com.unity.test-framework@1.1.31/UnityEngine.TestRunner/Utils/AssemblyProvider/PlayerTestAssemblyProvider.cs\"\r\n\"Library/PackageCache/com.unity.test-framework@1.1.31/UnityEngine.TestRunner/Utils/AssemblyProvider/ScriptingRuntimeProxy.cs\"\r\n\"Library/PackageCache/com.unity.test-framework@1.1.31/UnityEngine.TestRunner/Utils/AttributeHelper.cs\"\r\n\"Library/PackageCache/com.unity.test-framework@1.1.31/UnityEngine.TestRunner/Utils/ColorEqualityComparer.cs\"\r\n\"Library/PackageCache/com.unity.test-framework@1.1.31/UnityEngine.TestRunner/Utils/CoroutineRunner.cs\"\r\n\"Library/PackageCache/com.unity.test-framework@1.1.31/UnityEngine.TestRunner/Utils/FloatEqualityComparer.cs\"\r\n\"Library/PackageCache/com.unity.test-framework@1.1.31/UnityEngine.TestRunner/Utils/IOuterUnityTestAction.cs\"\r\n\"Library/PackageCache/com.unity.test-framework@1.1.31/UnityEngine.TestRunner/Utils/IPostBuildCleanup.cs\"\r\n\"Library/PackageCache/com.unity.test-framework@1.1.31/UnityEngine.TestRunner/Utils/IPrebuildSceneSetup.cs\"\r\n\"Library/PackageCache/com.unity.test-framework@1.1.31/UnityEngine.TestRunner/Utils/ITestRunCallback.cs\"\r\n\"Library/PackageCache/com.unity.test-framework@1.1.31/UnityEngine.TestRunner/Utils/MonoBehaviourTest/IMonoBehaviourTest.cs\"\r\n\"Library/PackageCache/com.unity.test-framework@1.1.31/UnityEngine.TestRunner/Utils/MonoBehaviourTest/MonoBehaviourTest.cs\"\r\n\"Library/PackageCache/com.unity.test-framework@1.1.31/UnityEngine.TestRunner/Utils/PostBuildCleanupAttribute.cs\"\r\n\"Library/PackageCache/com.unity.test-framework@1.1.31/UnityEngine.TestRunner/Utils/PrebuildSceneSetupAttribute.cs\"\r\n\"Library/PackageCache/com.unity.test-framework@1.1.31/UnityEngine.TestRunner/Utils/QuaternionEqualityComparer.cs\"\r\n\"Library/PackageCache/com.unity.test-framework@1.1.31/UnityEngine.TestRunner/Utils/StacktraceFilter.cs\"\r\n\"Library/PackageCache/com.unity.test-framework@1.1.31/UnityEngine.TestRunner/Utils/TestRunCallbackAttribute.cs\"\r\n\"Library/PackageCache/com.unity.test-framework@1.1.31/UnityEngine.TestRunner/Utils/TestRunCallbackListener.cs\"\r\n\"Library/PackageCache/com.unity.test-framework@1.1.31/UnityEngine.TestRunner/Utils/Utils.cs\"\r\n\"Library/PackageCache/com.unity.test-framework@1.1.31/UnityEngine.TestRunner/Utils/Vector2ComparerWithEqualsOperator.cs\"\r\n\"Library/PackageCache/com.unity.test-framework@1.1.31/UnityEngine.TestRunner/Utils/Vector2EqualityComparer.cs\"\r\n\"Library/PackageCache/com.unity.test-framework@1.1.31/UnityEngine.TestRunner/Utils/Vector3ComparerWithEqualsOperator.cs\"\r\n\"Library/PackageCache/com.unity.test-framework@1.1.31/UnityEngine.TestRunner/Utils/Vector3EqualityComparer.cs\"\r\n\"Library/PackageCache/com.unity.test-framework@1.1.31/UnityEngine.TestRunner/Utils/Vector4ComparerWithEqualsOperator.cs\"\r\n\"Library/PackageCache/com.unity.test-framework@1.1.31/UnityEngine.TestRunner/Utils/Vector4EqualityComparer.cs\"\r\n-langversion:9.0\r\n\r\n/deterministic\r\n/optimize+\r\n/debug:portable\r\n/nologo\r\n/RuntimeMetadataVersion:v4.0.30319\r\n\r\n/nowarn:0169\r\n/nowarn:0649\r\n/nowarn:1701\r\n/nowarn:1702\r\n/utf8output\r\n/preferreduilang:en-US\r\n\r\n-warn:0","oldvalue":null}]}
{"msg":"runNodeAction","annotation":"WriteText Library/Bee/artifacts/1900b0aE.dag/UnityEngine.TestRunner.rsp","index":1}
{"msg":"noderesult","processed_node_count":86,"number_of_nodes_ever_queued":91,"annotation":"WriteText Library/Bee/artifacts/1900b0aE.dag/UnityEngine.TestRunner.rsp","index":1,"exitcode":0,"outputfile":"Library\\Bee\\artifacts\\1900b0aE.dag\\UnityEngine.TestRunner.rsp"}
{"msg":"inputSignatureChanged","annotation":"Csc Library/Bee/artifacts/1900b0aE.dag/UnityEngine.TestRunner.dll (+2 others)","index":2,"changes":[{"key":"Action","value":"\"C:\\Program Files\\Unity 2022.1.13f1\\Editor\\Data\\NetCoreRuntime\\dotnet.exe\" exec \"C:/Program Files/Unity 2022.1.13f1/Editor/Data/DotNetSdkRoslyn/csc.dll\" /nostdlib /noconfig /shared \"@Library/Bee/artifacts/1900b0aE.dag/UnityEngine.TestRunner.rsp\"","oldvalue":null},{"key":"InputFileList","value":["C:\\Program Files\\Unity 2022.1.13f1\\Editor\\Data\\Managed\\UnityEditor.Graphs.dll","C:\\Program Files\\Unity 2022.1.13f1\\Editor\\Data\\Managed\\UnityEngine\\UnityEditor.CoreModule.dll","C:\\Program Files\\Unity 2022.1.13f1\\Editor\\Data\\Managed\\UnityEngine\\UnityEditor.DeviceSimulatorModule.dll","C:\\Program Files\\Unity 2022.1.13f1\\Editor\\Data\\Managed\\UnityEngine\\UnityEditor.DiagnosticsModule.dll","C:\\Program Files\\Unity 2022.1.13f1\\Editor\\Data\\Managed\\UnityEngine\\UnityEditor.dll","C:\\Program Files\\Unity 2022.1.13f1\\Editor\\Data\\Managed\\UnityEngine\\UnityEditor.GraphViewModule.dll","C:\\Program Files\\Unity 2022.1.13f1\\Editor\\Data\\Managed\\UnityEngine\\UnityEditor.PackageManagerUIModule.dll","C:\\Program Files\\Unity 2022.1.13f1\\Editor\\Data\\Managed\\UnityEngine\\UnityEditor.PresetsUIModule.dll","C:\\Program Files\\Unity 2022.1.13f1\\Editor\\Data\\Managed\\UnityEngine\\UnityEditor.QuickSearchModule.dll","C:\\Program Files\\Unity 2022.1.13f1\\Editor\\Data\\Managed\\UnityEngine\\UnityEditor.SceneTemplateModule.dll","C:\\Program Files\\Unity 2022.1.13f1\\Editor\\Data\\Managed\\UnityEngine\\UnityEditor.TextCoreFontEngineModule.dll","C:\\Program Files\\Unity 2022.1.13f1\\Editor\\Data\\Managed\\UnityEngine\\UnityEditor.TextCoreTextEngineModule.dll","C:\\Program Files\\Unity 2022.1.13f1\\Editor\\Data\\Managed\\UnityEngine\\UnityEditor.UIBuilderModule.dll","C:\\Program Files\\Unity 2022.1.13f1\\Editor\\Data\\Managed\\UnityEngine\\UnityEditor.UIElementsModule.dll","C:\\Program Files\\Unity 2022.1.13f1\\Editor\\Data\\Managed\\UnityEngine\\UnityEditor.UIElementsSamplesModule.dll","C:\\Program Files\\Unity 2022.1.13f1\\Editor\\Data\\Managed\\UnityEngine\\UnityEditor.UIServiceModule.dll","C:\\Program Files\\Unity 2022.1.13f1\\Editor\\Data\\Managed\\UnityEngine\\UnityEditor.UnityConnectModule.dll","C:\\Program Files\\Unity 2022.1.13f1\\Editor\\Data\\Managed\\UnityEngine\\UnityEngine.AccessibilityModule.dll","C:\\Program Files\\Unity 2022.1.13f1\\Editor\\Data\\Managed\\UnityEngine\\UnityEngine.AIModule.dll","C:\\Program Files\\Unity 2022.1.13f1\\Editor\\Data\\Managed\\UnityEngine\\UnityEngine.AndroidJNIModule.dll","C:\\Program Files\\Unity 2022.1.13f1\\Editor\\Data\\Managed\\UnityEngine\\UnityEngine.AnimationModule.dll","C:\\Program Files\\Unity 2022.1.13f1\\Editor\\Data\\Managed\\UnityEngine\\UnityEngine.ARModule.dll","C:\\Program Files\\Unity 2022.1.13f1\\Editor\\Data\\Managed\\UnityEngine\\UnityEngine.AssetBundleModule.dll","C:\\Program Files\\Unity 2022.1.13f1\\Editor\\Data\\Managed\\UnityEngine\\UnityEngine.AudioModule.dll","C:\\Program Files\\Unity 2022.1.13f1\\Editor\\Data\\Managed\\UnityEngine\\UnityEngine.ClothModule.dll","C:\\Program Files\\Unity 2022.1.13f1\\Editor\\Data\\Managed\\UnityEngine\\UnityEngine.ClusterInputModule.dll","C:\\Program Files\\Unity 2022.1.13f1\\Editor\\Data\\Managed\\UnityEngine\\UnityEngine.ClusterRendererModule.dll","C:\\Program Files\\Unity 2022.1.13f1\\Editor\\Data\\Managed\\UnityEngine\\UnityEngine.CoreModule.dll","C:\\Program Files\\Unity 2022.1.13f1\\Editor\\Data\\Managed\\UnityEngine\\UnityEngine.CrashReportingModule.dll","C:\\Program Files\\Unity 2022.1.13f1\\Editor\\Data\\Managed\\UnityEngine\\UnityEngine.DirectorModule.dll","C:\\Program Files\\Unity 2022.1.13f1\\Editor\\Data\\Managed\\UnityEngine\\UnityEngine.dll","C:\\Program Files\\Unity 2022.1.13f1\\Editor\\Data\\Managed\\UnityEngine\\UnityEngine.DSPGraphModule.dll","C:\\Program Files\\Unity 2022.1.13f1\\Editor\\Data\\Managed\\UnityEngine\\UnityEngine.GameCenterModule.dll","C:\\Program Files\\Unity 2022.1.13f1\\Editor\\Data\\Managed\\UnityEngine\\UnityEngine.GIModule.dll","C:\\Program Files\\Unity 2022.1.13f1\\Editor\\Data\\Managed\\UnityEngine\\UnityEngine.GridModule.dll","C:\\Program Files\\Unity 2022.1.13f1\\Editor\\Data\\Managed\\UnityEngine\\UnityEngine.HotReloadModule.dll","C:\\Program Files\\Unity 2022.1.13f1\\Editor\\Data\\Managed\\UnityEngine\\UnityEngine.ImageConversionModule.dll","C:\\Program Files\\Unity 2022.1.13f1\\Editor\\Data\\Managed\\UnityEngine\\UnityEngine.IMGUIModule.dll","C:\\Program Files\\Unity 2022.1.13f1\\Editor\\Data\\Managed\\UnityEngine\\UnityEngine.InputLegacyModule.dll","C:\\Program Files\\Unity 2022.1.13f1\\Editor\\Data\\Managed\\UnityEngine\\UnityEngine.InputModule.dll","C:\\Program Files\\Unity 2022.1.13f1\\Editor\\Data\\Managed\\UnityEngine\\UnityEngine.JSONSerializeModule.dll","C:\\Program Files\\Unity 2022.1.13f1\\Editor\\Data\\Managed\\UnityEngine\\UnityEngine.LocalizationModule.dll","C:\\Program Files\\Unity 2022.1.13f1\\Editor\\Data\\Managed\\UnityEngine\\UnityEngine.ParticleSystemModule.dll","C:\\Program Files\\Unity 2022.1.13f1\\Editor\\Data\\Managed\\UnityEngine\\UnityEngine.PerformanceReportingModule.dll","C:\\Program Files\\Unity 2022.1.13f1\\Editor\\Data\\Managed\\UnityEngine\\UnityEngine.Physics2DModule.dll","C:\\Program Files\\Unity 2022.1.13f1\\Editor\\Data\\Managed\\UnityEngine\\UnityEngine.PhysicsModule.dll","C:\\Program Files\\Unity 2022.1.13f1\\Editor\\Data\\Managed\\UnityEngine\\UnityEngine.ProfilerModule.dll","C:\\Program Files\\Unity 2022.1.13f1\\Editor\\Data\\Managed\\UnityEngine\\UnityEngine.RuntimeInitializeOnLoadManagerInitializerModule.dll","C:\\Program Files\\Unity 2022.1.13f1\\Editor\\Data\\Managed\\UnityEngine\\UnityEngine.ScreenCaptureModule.dll","C:\\Program Files\\Unity 2022.1.13f1\\Editor\\Data\\Managed\\UnityEngine\\UnityEngine.SharedInternalsModule.dll","C:\\Program Files\\Unity 2022.1.13f1\\Editor\\Data\\Managed\\UnityEngine\\UnityEngine.SpriteMaskModule.dll","C:\\Program Files\\Unity 2022.1.13f1\\Editor\\Data\\Managed\\UnityEngine\\UnityEngine.SpriteShapeModule.dll","C:\\Program Files\\Unity 2022.1.13f1\\Editor\\Data\\Managed\\UnityEngine\\UnityEngine.StreamingModule.dll","C:\\Program Files\\Unity 2022.1.13f1\\Editor\\Data\\Managed\\UnityEngine\\UnityEngine.SubstanceModule.dll","C:\\Program Files\\Unity 2022.1.13f1\\Editor\\Data\\Managed\\UnityEngine\\UnityEngine.SubsystemsModule.dll","C:\\Program Files\\Unity 2022.1.13f1\\Editor\\Data\\Managed\\UnityEngine\\UnityEngine.TerrainModule.dll","C:\\Program Files\\Unity 2022.1.13f1\\Editor\\Data\\Managed\\UnityEngine\\UnityEngine.TerrainPhysicsModule.dll","C:\\Program Files\\Unity 2022.1.13f1\\Editor\\Data\\Managed\\UnityEngine\\UnityEngine.TextCoreFontEngineModule.dll","C:\\Program Files\\Unity 2022.1.13f1\\Editor\\Data\\Managed\\UnityEngine\\UnityEngine.TextCoreTextEngineModule.dll","C:\\Program Files\\Unity 2022.1.13f1\\Editor\\Data\\Managed\\UnityEngine\\UnityEngine.TextRenderingModule.dll","C:\\Program Files\\Unity 2022.1.13f1\\Editor\\Data\\Managed\\UnityEngine\\UnityEngine.TilemapModule.dll","C:\\Program Files\\Unity 2022.1.13f1\\Editor\\Data\\Managed\\UnityEngine\\UnityEngine.TLSModule.dll","C:\\Program Files\\Unity 2022.1.13f1\\Editor\\Data\\Managed\\UnityEngine\\UnityEngine.UIElementsModule.dll","C:\\Program Files\\Unity 2022.1.13f1\\Editor\\Data\\Managed\\UnityEngine\\UnityEngine.UIElementsNativeModule.dll","C:\\Program Files\\Unity 2022.1.13f1\\Editor\\Data\\Managed\\UnityEngine\\UnityEngine.UIModule.dll","C:\\Program Files\\Unity 2022.1.13f1\\Editor\\Data\\Managed\\UnityEngine\\UnityEngine.UmbraModule.dll","C:\\Program Files\\Unity 2022.1.13f1\\Editor\\Data\\Managed\\UnityEngine\\UnityEngine.UNETModule.dll","C:\\Program Files\\Unity 2022.1.13f1\\Editor\\Data\\Managed\\UnityEngine\\UnityEngine.UnityAnalyticsModule.dll","C:\\Program Files\\Unity 2022.1.13f1\\Editor\\Data\\Managed\\UnityEngine\\UnityEngine.UnityConnectModule.dll","C:\\Program Files\\Unity 2022.1.13f1\\Editor\\Data\\Managed\\UnityEngine\\UnityEngine.UnityCurlModule.dll","C:\\Program Files\\Unity 2022.1.13f1\\Editor\\Data\\Managed\\UnityEngine\\UnityEngine.UnityTestProtocolModule.dll","C:\\Program Files\\Unity 2022.1.13f1\\Editor\\Data\\Managed\\UnityEngine\\UnityEngine.UnityWebRequestAssetBundleModule.dll","C:\\Program Files\\Unity 2022.1.13f1\\Editor\\Data\\Managed\\UnityEngine\\UnityEngine.UnityWebRequestAudioModule.dll","C:\\Program Files\\Unity 2022.1.13f1\\Editor\\Data\\Managed\\UnityEngine\\UnityEngine.UnityWebRequestModule.dll","C:\\Program Files\\Unity 2022.1.13f1\\Editor\\Data\\Managed\\UnityEngine\\UnityEngine.UnityWebRequestTextureModule.dll","C:\\Program Files\\Unity 2022.1.13f1\\Editor\\Data\\Managed\\UnityEngine\\UnityEngine.UnityWebRequestWWWModule.dll","C:\\Program Files\\Unity 2022.1.13f1\\Editor\\Data\\Managed\\UnityEngine\\UnityEngine.VehiclesModule.dll","C:\\Program Files\\Unity 2022.1.13f1\\Editor\\Data\\Managed\\UnityEngine\\UnityEngine.VFXModule.dll","C:\\Program Files\\Unity 2022.1.13f1\\Editor\\Data\\Managed\\UnityEngine\\UnityEngine.VideoModule.dll","C:\\Program Files\\Unity 2022.1.13f1\\Editor\\Data\\Managed\\UnityEngine\\UnityEngine.VirtualTexturingModule.dll","C:\\Program Files\\Unity 2022.1.13f1\\Editor\\Data\\Managed\\UnityEngine\\UnityEngine.VRModule.dll","C:\\Program Files\\Unity 2022.1.13f1\\Editor\\Data\\Managed\\UnityEngine\\UnityEngine.WindModule.dll","C:\\Program Files\\Unity 2022.1.13f1\\Editor\\Data\\Managed\\UnityEngine\\UnityEngine.XRModule.dll","C:\\Program Files\\Unity 2022.1.13f1\\Editor\\Data\\NetStandard\\compat\\2.1.0\\shims\\netfx\\mscorlib.dll","C:\\Program Files\\Unity 2022.1.13f1\\Editor\\Data\\NetStandard\\compat\\2.1.0\\shims\\netfx\\System.ComponentModel.Composition.dll","C:\\Program Files\\Unity 2022.1.13f1\\Editor\\Data\\NetStandard\\compat\\2.1.0\\shims\\netfx\\System.Core.dll","C:\\Program Files\\Unity 2022.1.13f1\\Editor\\Data\\NetStandard\\compat\\2.1.0\\shims\\netfx\\System.Data.dll","C:\\Program Files\\Unity 2022.1.13f1\\Editor\\Data\\NetStandard\\compat\\2.1.0\\shims\\netfx\\System.dll","C:\\Program Files\\Unity 2022.1.13f1\\Editor\\Data\\NetStandard\\compat\\2.1.0\\shims\\netfx\\System.Drawing.dll","C:\\Program Files\\Unity 2022.1.13f1\\Editor\\Data\\NetStandard\\compat\\2.1.0\\shims\\netfx\\System.IO.Compression.FileSystem.dll","C:\\Program Files\\Unity 2022.1.13f1\\Editor\\Data\\NetStandard\\compat\\2.1.0\\shims\\netfx\\System.Net.dll","C:\\Program Files\\Unity 2022.1.13f1\\Editor\\Data\\NetStandard\\compat\\2.1.0\\shims\\netfx\\System.Numerics.dll","C:\\Program Files\\Unity 2022.1.13f1\\Editor\\Data\\NetStandard\\compat\\2.1.0\\shims\\netfx\\System.Runtime.Serialization.dll","C:\\Program Files\\Unity 2022.1.13f1\\Editor\\Data\\NetStandard\\compat\\2.1.0\\shims\\netfx\\System.ServiceModel.Web.dll","C:\\Program Files\\Unity 2022.1.13f1\\Editor\\Data\\NetStandard\\compat\\2.1.0\\shims\\netfx\\System.Transactions.dll","C:\\Program Files\\Unity 2022.1.13f1\\Editor\\Data\\NetStandard\\compat\\2.1.0\\shims\\netfx\\System.Web.dll","C:\\Program Files\\Unity 2022.1.13f1\\Editor\\Data\\NetStandard\\compat\\2.1.0\\shims\\netfx\\System.Windows.dll","C:\\Program Files\\Unity 2022.1.13f1\\Editor\\Data\\NetStandard\\compat\\2.1.0\\shims\\netfx\\System.Xml.dll","C:\\Program Files\\Unity 2022.1.13f1\\Editor\\Data\\NetStandard\\compat\\2.1.0\\shims\\netfx\\System.Xml.Linq.dll","C:\\Program Files\\Unity 2022.1.13f1\\Editor\\Data\\NetStandard\\compat\\2.1.0\\shims\\netfx\\System.Xml.Serialization.dll","C:\\Program Files\\Unity 2022.1.13f1\\Editor\\Data\\NetStandard\\compat\\2.1.0\\shims\\netstandard\\Microsoft.Win32.Primitives.dll","C:\\Program Files\\Unity 2022.1.13f1\\Editor\\Data\\NetStandard\\compat\\2.1.0\\shims\\netstandard\\System.AppContext.dll","C:\\Program Files\\Unity 2022.1.13f1\\Editor\\Data\\NetStandard\\compat\\2.1.0\\shims\\netstandard\\System.Buffers.dll","C:\\Program Files\\Unity 2022.1.13f1\\Editor\\Data\\NetStandard\\compat\\2.1.0\\shims\\netstandard\\System.Collections.Concurrent.dll","C:\\Program Files\\Unity 2022.1.13f1\\Editor\\Data\\NetStandard\\compat\\2.1.0\\shims\\netstandard\\System.Collections.dll","C:\\Program Files\\Unity 2022.1.13f1\\Editor\\Data\\NetStandard\\compat\\2.1.0\\shims\\netstandard\\System.Collections.NonGeneric.dll","C:\\Program Files\\Unity 2022.1.13f1\\Editor\\Data\\NetStandard\\compat\\2.1.0\\shims\\netstandard\\System.Collections.Specialized.dll","C:\\Program Files\\Unity 2022.1.13f1\\Editor\\Data\\NetStandard\\compat\\2.1.0\\shims\\netstandard\\System.ComponentModel.dll","C:\\Program Files\\Unity 2022.1.13f1\\Editor\\Data\\NetStandard\\compat\\2.1.0\\shims\\netstandard\\System.ComponentModel.EventBasedAsync.dll","C:\\Program Files\\Unity 2022.1.13f1\\Editor\\Data\\NetStandard\\compat\\2.1.0\\shims\\netstandard\\System.ComponentModel.Primitives.dll","C:\\Program Files\\Unity 2022.1.13f1\\Editor\\Data\\NetStandard\\compat\\2.1.0\\shims\\netstandard\\System.ComponentModel.TypeConverter.dll","C:\\Program Files\\Unity 2022.1.13f1\\Editor\\Data\\NetStandard\\compat\\2.1.0\\shims\\netstandard\\System.Console.dll","C:\\Program Files\\Unity 2022.1.13f1\\Editor\\Data\\NetStandard\\compat\\2.1.0\\shims\\netstandard\\System.Data.Common.dll","C:\\Program Files\\Unity 2022.1.13f1\\Editor\\Data\\NetStandard\\compat\\2.1.0\\shims\\netstandard\\System.Diagnostics.Contracts.dll","C:\\Program Files\\Unity 2022.1.13f1\\Editor\\Data\\NetStandard\\compat\\2.1.0\\shims\\netstandard\\System.Diagnostics.Debug.dll","C:\\Program Files\\Unity 2022.1.13f1\\Editor\\Data\\NetStandard\\compat\\2.1.0\\shims\\netstandard\\System.Diagnostics.FileVersionInfo.dll","C:\\Program Files\\Unity 2022.1.13f1\\Editor\\Data\\NetStandard\\compat\\2.1.0\\shims\\netstandard\\System.Diagnostics.Process.dll","C:\\Program Files\\Unity 2022.1.13f1\\Editor\\Data\\NetStandard\\compat\\2.1.0\\shims\\netstandard\\System.Diagnostics.StackTrace.dll","C:\\Program Files\\Unity 2022.1.13f1\\Editor\\Data\\NetStandard\\compat\\2.1.0\\shims\\netstandard\\System.Diagnostics.TextWriterTraceListener.dll","C:\\Program Files\\Unity 2022.1.13f1\\Editor\\Data\\NetStandard\\compat\\2.1.0\\shims\\netstandard\\System.Diagnostics.Tools.dll","C:\\Program Files\\Unity 2022.1.13f1\\Editor\\Data\\NetStandard\\compat\\2.1.0\\shims\\netstandard\\System.Diagnostics.TraceSource.dll","C:\\Program Files\\Unity 2022.1.13f1\\Editor\\Data\\NetStandard\\compat\\2.1.0\\shims\\netstandard\\System.Diagnostics.Tracing.dll","C:\\Program Files\\Unity 2022.1.13f1\\Editor\\Data\\NetStandard\\compat\\2.1.0\\shims\\netstandard\\System.Drawing.Primitives.dll","C:\\Program Files\\Unity 2022.1.13f1\\Editor\\Data\\NetStandard\\compat\\2.1.0\\shims\\netstandard\\System.Dynamic.Runtime.dll","C:\\Program Files\\Unity 2022.1.13f1\\Editor\\Data\\NetStandard\\compat\\2.1.0\\shims\\netstandard\\System.Globalization.Calendars.dll","C:\\Program Files\\Unity 2022.1.13f1\\Editor\\Data\\NetStandard\\compat\\2.1.0\\shims\\netstandard\\System.Globalization.dll","C:\\Program Files\\Unity 2022.1.13f1\\Editor\\Data\\NetStandard\\compat\\2.1.0\\shims\\netstandard\\System.Globalization.Extensions.dll","C:\\Program Files\\Unity 2022.1.13f1\\Editor\\Data\\NetStandard\\compat\\2.1.0\\shims\\netstandard\\System.IO.Compression.dll","C:\\Program Files\\Unity 2022.1.13f1\\Editor\\Data\\NetStandard\\compat\\2.1.0\\shims\\netstandard\\System.IO.Compression.ZipFile.dll","C:\\Program Files\\Unity 2022.1.13f1\\Editor\\Data\\NetStandard\\compat\\2.1.0\\shims\\netstandard\\System.IO.dll","C:\\Program Files\\Unity 2022.1.13f1\\Editor\\Data\\NetStandard\\compat\\2.1.0\\shims\\netstandard\\System.IO.FileSystem.dll","C:\\Program Files\\Unity 2022.1.13f1\\Editor\\Data\\NetStandard\\compat\\2.1.0\\shims\\netstandard\\System.IO.FileSystem.DriveInfo.dll","C:\\Program Files\\Unity 2022.1.13f1\\Editor\\Data\\NetStandard\\compat\\2.1.0\\shims\\netstandard\\System.IO.FileSystem.Primitives.dll","C:\\Program Files\\Unity 2022.1.13f1\\Editor\\Data\\NetStandard\\compat\\2.1.0\\shims\\netstandard\\System.IO.FileSystem.Watcher.dll","C:\\Program Files\\Unity 2022.1.13f1\\Editor\\Data\\NetStandard\\compat\\2.1.0\\shims\\netstandard\\System.IO.IsolatedStorage.dll","C:\\Program Files\\Unity 2022.1.13f1\\Editor\\Data\\NetStandard\\compat\\2.1.0\\shims\\netstandard\\System.IO.MemoryMappedFiles.dll","C:\\Program Files\\Unity 2022.1.13f1\\Editor\\Data\\NetStandard\\compat\\2.1.0\\shims\\netstandard\\System.IO.Pipes.dll","C:\\Program Files\\Unity 2022.1.13f1\\Editor\\Data\\NetStandard\\compat\\2.1.0\\shims\\netstandard\\System.IO.UnmanagedMemoryStream.dll","C:\\Program Files\\Unity 2022.1.13f1\\Editor\\Data\\NetStandard\\compat\\2.1.0\\shims\\netstandard\\System.Linq.dll","C:\\Program Files\\Unity 2022.1.13f1\\Editor\\Data\\NetStandard\\compat\\2.1.0\\shims\\netstandard\\System.Linq.Expressions.dll","C:\\Program Files\\Unity 2022.1.13f1\\Editor\\Data\\NetStandard\\compat\\2.1.0\\shims\\netstandard\\System.Linq.Parallel.dll","C:\\Program Files\\Unity 2022.1.13f1\\Editor\\Data\\NetStandard\\compat\\2.1.0\\shims\\netstandard\\System.Linq.Queryable.dll","C:\\Program Files\\Unity 2022.1.13f1\\Editor\\Data\\NetStandard\\compat\\2.1.0\\shims\\netstandard\\System.Memory.dll","C:\\Program Files\\Unity 2022.1.13f1\\Editor\\Data\\NetStandard\\compat\\2.1.0\\shims\\netstandard\\System.Net.Http.dll","C:\\Program Files\\Unity 2022.1.13f1\\Editor\\Data\\NetStandard\\compat\\2.1.0\\shims\\netstandard\\System.Net.NameResolution.dll","C:\\Program Files\\Unity 2022.1.13f1\\Editor\\Data\\NetStandard\\compat\\2.1.0\\shims\\netstandard\\System.Net.NetworkInformation.dll","C:\\Program Files\\Unity 2022.1.13f1\\Editor\\Data\\NetStandard\\compat\\2.1.0\\shims\\netstandard\\System.Net.Ping.dll","C:\\Program Files\\Unity 2022.1.13f1\\Editor\\Data\\NetStandard\\compat\\2.1.0\\shims\\netstandard\\System.Net.Primitives.dll","C:\\Program Files\\Unity 2022.1.13f1\\Editor\\Data\\NetStandard\\compat\\2.1.0\\shims\\netstandard\\System.Net.Requests.dll","C:\\Program Files\\Unity 2022.1.13f1\\Editor\\Data\\NetStandard\\compat\\2.1.0\\shims\\netstandard\\System.Net.Security.dll","C:\\Program Files\\Unity 2022.1.13f1\\Editor\\Data\\NetStandard\\compat\\2.1.0\\shims\\netstandard\\System.Net.Sockets.dll","C:\\Program Files\\Unity 2022.1.13f1\\Editor\\Data\\NetStandard\\compat\\2.1.0\\shims\\netstandard\\System.Net.WebHeaderCollection.dll","C:\\Program Files\\Unity 2022.1.13f1\\Editor\\Data\\NetStandard\\compat\\2.1.0\\shims\\netstandard\\System.Net.WebSockets.Client.dll","C:\\Program Files\\Unity 2022.1.13f1\\Editor\\Data\\NetStandard\\compat\\2.1.0\\shims\\netstandard\\System.Net.WebSockets.dll","C:\\Program Files\\Unity 2022.1.13f1\\Editor\\Data\\NetStandard\\compat\\2.1.0\\shims\\netstandard\\System.Numerics.Vectors.dll","C:\\Program Files\\Unity 2022.1.13f1\\Editor\\Data\\NetStandard\\compat\\2.1.0\\shims\\netstandard\\System.ObjectModel.dll","C:\\Program Files\\Unity 2022.1.13f1\\Editor\\Data\\NetStandard\\compat\\2.1.0\\shims\\netstandard\\System.Reflection.DispatchProxy.dll","C:\\Program Files\\Unity 2022.1.13f1\\Editor\\Data\\NetStandard\\compat\\2.1.0\\shims\\netstandard\\System.Reflection.dll","C:\\Program Files\\Unity 2022.1.13f1\\Editor\\Data\\NetStandard\\compat\\2.1.0\\shims\\netstandard\\System.Reflection.Emit.dll","C:\\Program Files\\Unity 2022.1.13f1\\Editor\\Data\\NetStandard\\compat\\2.1.0\\shims\\netstandard\\System.Reflection.Emit.ILGeneration.dll","C:\\Program Files\\Unity 2022.1.13f1\\Editor\\Data\\NetStandard\\compat\\2.1.0\\shims\\netstandard\\System.Reflection.Emit.Lightweight.dll","C:\\Program Files\\Unity 2022.1.13f1\\Editor\\Data\\NetStandard\\compat\\2.1.0\\shims\\netstandard\\System.Reflection.Extensions.dll","C:\\Program Files\\Unity 2022.1.13f1\\Editor\\Data\\NetStandard\\compat\\2.1.0\\shims\\netstandard\\System.Reflection.Primitives.dll","C:\\Program Files\\Unity 2022.1.13f1\\Editor\\Data\\NetStandard\\compat\\2.1.0\\shims\\netstandard\\System.Resources.Reader.dll","C:\\Program Files\\Unity 2022.1.13f1\\Editor\\Data\\NetStandard\\compat\\2.1.0\\shims\\netstandard\\System.Resources.ResourceManager.dll","C:\\Program Files\\Unity 2022.1.13f1\\Editor\\Data\\NetStandard\\compat\\2.1.0\\shims\\netstandard\\System.Resources.Writer.dll","C:\\Program Files\\Unity 2022.1.13f1\\Editor\\Data\\NetStandard\\compat\\2.1.0\\shims\\netstandard\\System.Runtime.CompilerServices.VisualC.dll","C:\\Program Files\\Unity 2022.1.13f1\\Editor\\Data\\NetStandard\\compat\\2.1.0\\shims\\netstandard\\System.Runtime.dll","C:\\Program Files\\Unity 2022.1.13f1\\Editor\\Data\\NetStandard\\compat\\2.1.0\\shims\\netstandard\\System.Runtime.Extensions.dll","C:\\Program Files\\Unity 2022.1.13f1\\Editor\\Data\\NetStandard\\compat\\2.1.0\\shims\\netstandard\\System.Runtime.Handles.dll","C:\\Program Files\\Unity 2022.1.13f1\\Editor\\Data\\NetStandard\\compat\\2.1.0\\shims\\netstandard\\System.Runtime.InteropServices.dll","C:\\Program Files\\Unity 2022.1.13f1\\Editor\\Data\\NetStandard\\compat\\2.1.0\\shims\\netstandard\\System.Runtime.InteropServices.RuntimeInformation.dll","C:\\Program Files\\Unity 2022.1.13f1\\Editor\\Data\\NetStandard\\compat\\2.1.0\\shims\\netstandard\\System.Runtime.Numerics.dll","C:\\Program Files\\Unity 2022.1.13f1\\Editor\\Data\\NetStandard\\compat\\2.1.0\\shims\\netstandard\\System.Runtime.Serialization.Formatters.dll","C:\\Program Files\\Unity 2022.1.13f1\\Editor\\Data\\NetStandard\\compat\\2.1.0\\shims\\netstandard\\System.Runtime.Serialization.Json.dll","C:\\Program Files\\Unity 2022.1.13f1\\Editor\\Data\\NetStandard\\compat\\2.1.0\\shims\\netstandard\\System.Runtime.Serialization.Primitives.dll","C:\\Program Files\\Unity 2022.1.13f1\\Editor\\Data\\NetStandard\\compat\\2.1.0\\shims\\netstandard\\System.Runtime.Serialization.Xml.dll","C:\\Program Files\\Unity 2022.1.13f1\\Editor\\Data\\NetStandard\\compat\\2.1.0\\shims\\netstandard\\System.Security.Claims.dll","C:\\Program Files\\Unity 2022.1.13f1\\Editor\\Data\\NetStandard\\compat\\2.1.0\\shims\\netstandard\\System.Security.Cryptography.Algorithms.dll","C:\\Program Files\\Unity 2022.1.13f1\\Editor\\Data\\NetStandard\\compat\\2.1.0\\shims\\netstandard\\System.Security.Cryptography.Csp.dll","C:\\Program Files\\Unity 2022.1.13f1\\Editor\\Data\\NetStandard\\compat\\2.1.0\\shims\\netstandard\\System.Security.Cryptography.Encoding.dll","C:\\Program Files\\Unity 2022.1.13f1\\Editor\\Data\\NetStandard\\compat\\2.1.0\\shims\\netstandard\\System.Security.Cryptography.Primitives.dll","C:\\Program Files\\Unity 2022.1.13f1\\Editor\\Data\\NetStandard\\compat\\2.1.0\\shims\\netstandard\\System.Security.Cryptography.X509Certificates.dll","C:\\Program Files\\Unity 2022.1.13f1\\Editor\\Data\\NetStandard\\compat\\2.1.0\\shims\\netstandard\\System.Security.Principal.dll","C:\\Program Files\\Unity 2022.1.13f1\\Editor\\Data\\NetStandard\\compat\\2.1.0\\shims\\netstandard\\System.Security.SecureString.dll","C:\\Program Files\\Unity 2022.1.13f1\\Editor\\Data\\NetStandard\\compat\\2.1.0\\shims\\netstandard\\System.Text.Encoding.dll","C:\\Program Files\\Unity 2022.1.13f1\\Editor\\Data\\NetStandard\\compat\\2.1.0\\shims\\netstandard\\System.Text.Encoding.Extensions.dll","C:\\Program Files\\Unity 2022.1.13f1\\Editor\\Data\\NetStandard\\compat\\2.1.0\\shims\\netstandard\\System.Text.RegularExpressions.dll","C:\\Program Files\\Unity 2022.1.13f1\\Editor\\Data\\NetStandard\\compat\\2.1.0\\shims\\netstandard\\System.Threading.dll","C:\\Program Files\\Unity 2022.1.13f1\\Editor\\Data\\NetStandard\\compat\\2.1.0\\shims\\netstandard\\System.Threading.Overlapped.dll","C:\\Program Files\\Unity 2022.1.13f1\\Editor\\Data\\NetStandard\\compat\\2.1.0\\shims\\netstandard\\System.Threading.Tasks.dll","C:\\Program Files\\Unity 2022.1.13f1\\Editor\\Data\\NetStandard\\compat\\2.1.0\\shims\\netstandard\\System.Threading.Tasks.Extensions.dll","C:\\Program Files\\Unity 2022.1.13f1\\Editor\\Data\\NetStandard\\compat\\2.1.0\\shims\\netstandard\\System.Threading.Tasks.Parallel.dll","C:\\Program Files\\Unity 2022.1.13f1\\Editor\\Data\\NetStandard\\compat\\2.1.0\\shims\\netstandard\\System.Threading.Thread.dll","C:\\Program Files\\Unity 2022.1.13f1\\Editor\\Data\\NetStandard\\compat\\2.1.0\\shims\\netstandard\\System.Threading.ThreadPool.dll","C:\\Program Files\\Unity 2022.1.13f1\\Editor\\Data\\NetStandard\\compat\\2.1.0\\shims\\netstandard\\System.Threading.Timer.dll","C:\\Program Files\\Unity 2022.1.13f1\\Editor\\Data\\NetStandard\\compat\\2.1.0\\shims\\netstandard\\System.ValueTuple.dll","C:\\Program Files\\Unity 2022.1.13f1\\Editor\\Data\\NetStandard\\compat\\2.1.0\\shims\\netstandard\\System.Xml.ReaderWriter.dll","C:\\Program Files\\Unity 2022.1.13f1\\Editor\\Data\\NetStandard\\compat\\2.1.0\\shims\\netstandard\\System.Xml.XDocument.dll","C:\\Program Files\\Unity 2022.1.13f1\\Editor\\Data\\NetStandard\\compat\\2.1.0\\shims\\netstandard\\System.Xml.XmlDocument.dll","C:\\Program Files\\Unity 2022.1.13f1\\Editor\\Data\\NetStandard\\compat\\2.1.0\\shims\\netstandard\\System.Xml.XmlSerializer.dll","C:\\Program Files\\Unity 2022.1.13f1\\Editor\\Data\\NetStandard\\compat\\2.1.0\\shims\\netstandard\\System.Xml.XPath.dll","C:\\Program Files\\Unity 2022.1.13f1\\Editor\\Data\\NetStandard\\compat\\2.1.0\\shims\\netstandard\\System.Xml.XPath.XDocument.dll","C:\\Program Files\\Unity 2022.1.13f1\\Editor\\Data\\NetStandard\\Extensions\\2.0.0\\System.Runtime.InteropServices.WindowsRuntime.dll","C:\\Program Files\\Unity 2022.1.13f1\\Editor\\Data\\NetStandard\\ref\\2.1.0\\netstandard.dll","C:\\Program Files\\Unity 2022.1.13f1\\Editor\\Data\\PlaybackEngines\\WindowsStandaloneSupport\\UnityEditor.WindowsStandalone.Extensions.dll","Library\\PackageCache\\com.unity.test-framework@1.1.31\\UnityEngine.TestRunner\\AssemblyInfo.cs","Library\\PackageCache\\com.unity.test-framework@1.1.31\\UnityEngine.TestRunner\\Assertions\\AllocatingGCMemoryConstraint.cs","Library\\PackageCache\\com.unity.test-framework@1.1.31\\UnityEngine.TestRunner\\Assertions\\ConstraintsExtensions.cs","Library\\PackageCache\\com.unity.test-framework@1.1.31\\UnityEngine.TestRunner\\Assertions\\InvalidSignatureException.cs","Library\\PackageCache\\com.unity.test-framework@1.1.31\\UnityEngine.TestRunner\\Assertions\\Is.cs","Library\\PackageCache\\com.unity.test-framework@1.1.31\\UnityEngine.TestRunner\\Assertions\\LogAssert.cs","Library\\PackageCache\\com.unity.test-framework@1.1.31\\UnityEngine.TestRunner\\Assertions\\LogScope\\ILogScope.cs","Library\\PackageCache\\com.unity.test-framework@1.1.31\\UnityEngine.TestRunner\\Assertions\\LogScope\\LogEvent.cs","Library\\PackageCache\\com.unity.test-framework@1.1.31\\UnityEngine.TestRunner\\Assertions\\LogScope\\LogMatch.cs","Library\\PackageCache\\com.unity.test-framework@1.1.31\\UnityEngine.TestRunner\\Assertions\\LogScope\\LogScope.cs","Library\\PackageCache\\com.unity.test-framework@1.1.31\\UnityEngine.TestRunner\\Assertions\\UnexpectedLogMessageException.cs","Library\\PackageCache\\com.unity.test-framework@1.1.31\\UnityEngine.TestRunner\\Assertions\\UnhandledLogMessageException.cs","Library\\PackageCache\\com.unity.test-framework@1.1.31\\UnityEngine.TestRunner\\Assertions\\UnityTestTimeoutException.cs","Library\\PackageCache\\com.unity.test-framework@1.1.31\\UnityEngine.TestRunner\\NUnitExtensions\\ActionDelegator.cs","Library\\PackageCache\\com.unity.test-framework@1.1.31\\UnityEngine.TestRunner\\NUnitExtensions\\Attributes\\ConditionalIgnoreAttribute.cs","Library\\PackageCache\\com.unity.test-framework@1.1.31\\UnityEngine.TestRunner\\NUnitExtensions\\Attributes\\TestEnumerator.cs","Library\\PackageCache\\com.unity.test-framework@1.1.31\\UnityEngine.TestRunner\\NUnitExtensions\\Attributes\\TestMustExpectAllLogsAttribute.cs","Library\\PackageCache\\com.unity.test-framework@1.1.31\\UnityEngine.TestRunner\\NUnitExtensions\\Attributes\\UnityCombinatorialStrategy.cs","Library\\PackageCache\\com.unity.test-framework@1.1.31\\UnityEngine.TestRunner\\NUnitExtensions\\Attributes\\UnityPlatformAttribute.cs","Library\\PackageCache\\com.unity.test-framework@1.1.31\\UnityEngine.TestRunner\\NUnitExtensions\\Attributes\\UnitySetUpAttribute.cs","Library\\PackageCache\\com.unity.test-framework@1.1.31\\UnityEngine.TestRunner\\NUnitExtensions\\Attributes\\UnityTearDownAttribute.cs","Library\\PackageCache\\com.unity.test-framework@1.1.31\\UnityEngine.TestRunner\\NUnitExtensions\\Attributes\\UnityTestAttribute.cs","Library\\PackageCache\\com.unity.test-framework@1.1.31\\UnityEngine.TestRunner\\NUnitExtensions\\BaseDelegator.cs","Library\\PackageCache\\com.unity.test-framework@1.1.31\\UnityEngine.TestRunner\\NUnitExtensions\\Commands\\BeforeAfterTestCommandBase.cs","Library\\PackageCache\\com.unity.test-framework@1.1.31\\UnityEngine.TestRunner\\NUnitExtensions\\Commands\\BeforeAfterTestCommandState.cs","Library\\PackageCache\\com.unity.test-framework@1.1.31\\UnityEngine.TestRunner\\NUnitExtensions\\Commands\\EnumerableApplyChangesToContextCommand.cs","Library\\PackageCache\\com.unity.test-framework@1.1.31\\UnityEngine.TestRunner\\NUnitExtensions\\Commands\\EnumerableRepeatedTestCommand.cs","Library\\PackageCache\\com.unity.test-framework@1.1.31\\UnityEngine.TestRunner\\NUnitExtensions\\Commands\\EnumerableRetryTestCommand.cs","Library\\PackageCache\\com.unity.test-framework@1.1.31\\UnityEngine.TestRunner\\NUnitExtensions\\Commands\\EnumerableSetUpTearDownCommand.cs","Library\\PackageCache\\com.unity.test-framework@1.1.31\\UnityEngine.TestRunner\\NUnitExtensions\\Commands\\EnumerableTestMethodCommand.cs","Library\\PackageCache\\com.unity.test-framework@1.1.31\\UnityEngine.TestRunner\\NUnitExtensions\\Commands\\EnumerableTestState.cs","Library\\PackageCache\\com.unity.test-framework@1.1.31\\UnityEngine.TestRunner\\NUnitExtensions\\Commands\\ImmediateEnumerableCommand.cs","Library\\PackageCache\\com.unity.test-framework@1.1.31\\UnityEngine.TestRunner\\NUnitExtensions\\Commands\\OuterUnityTestActionCommand.cs","Library\\PackageCache\\com.unity.test-framework@1.1.31\\UnityEngine.TestRunner\\NUnitExtensions\\Commands\\SetUpTearDownCommand.cs","Library\\PackageCache\\com.unity.test-framework@1.1.31\\UnityEngine.TestRunner\\NUnitExtensions\\Commands\\TestActionCommand.cs","Library\\PackageCache\\com.unity.test-framework@1.1.31\\UnityEngine.TestRunner\\NUnitExtensions\\Commands\\TestCommandPcHelper.cs","Library\\PackageCache\\com.unity.test-framework@1.1.31\\UnityEngine.TestRunner\\NUnitExtensions\\Commands\\UnityTestMethodCommand.cs","Library\\PackageCache\\com.unity.test-framework@1.1.31\\UnityEngine.TestRunner\\NUnitExtensions\\ConstructDelegator.cs","Library\\PackageCache\\com.unity.test-framework@1.1.31\\UnityEngine.TestRunner\\NUnitExtensions\\Filters\\AssemblyNameFilter.cs","Library\\PackageCache\\com.unity.test-framework@1.1.31\\UnityEngine.TestRunner\\NUnitExtensions\\Filters\\CategoryFilterExtended.cs","Library\\PackageCache\\com.unity.test-framework@1.1.31\\UnityEngine.TestRunner\\NUnitExtensions\\Filters\\FullNameFilter.cs","Library\\PackageCache\\com.unity.test-framework@1.1.31\\UnityEngine.TestRunner\\NUnitExtensions\\IAsyncTestAssemblyBuilder.cs","Library\\PackageCache\\com.unity.test-framework@1.1.31\\UnityEngine.TestRunner\\NUnitExtensions\\IStateSerializer.cs","Library\\PackageCache\\com.unity.test-framework@1.1.31\\UnityEngine.TestRunner\\NUnitExtensions\\Runner\\CompositeWorkItem.cs","Library\\PackageCache\\com.unity.test-framework@1.1.31\\UnityEngine.TestRunner\\NUnitExtensions\\Runner\\CoroutineTestWorkItem.cs","Library\\PackageCache\\com.unity.test-framework@1.1.31\\UnityEngine.TestRunner\\NUnitExtensions\\Runner\\DefaultTestWorkItem.cs","Library\\PackageCache\\com.unity.test-framework@1.1.31\\UnityEngine.TestRunner\\NUnitExtensions\\Runner\\FailCommand.cs","Library\\PackageCache\\com.unity.test-framework@1.1.31\\UnityEngine.TestRunner\\NUnitExtensions\\Runner\\IEnumerableTestMethodCommand.cs","Library\\PackageCache\\com.unity.test-framework@1.1.31\\UnityEngine.TestRunner\\NUnitExtensions\\Runner\\PlaymodeWorkItemFactory.cs","Library\\PackageCache\\com.unity.test-framework@1.1.31\\UnityEngine.TestRunner\\NUnitExtensions\\Runner\\RestoreTestContextAfterDomainReload.cs","Library\\PackageCache\\com.unity.test-framework@1.1.31\\UnityEngine.TestRunner\\NUnitExtensions\\Runner\\TestCommandBuilder.cs","Library\\PackageCache\\com.unity.test-framework@1.1.31\\UnityEngine.TestRunner\\NUnitExtensions\\Runner\\UnityLogCheckDelegatingCommand.cs","Library\\PackageCache\\com.unity.test-framework@1.1.31\\UnityEngine.TestRunner\\NUnitExtensions\\Runner\\UnityTestAssemblyRunner.cs","Library\\PackageCache\\com.unity.test-framework@1.1.31\\UnityEngine.TestRunner\\NUnitExtensions\\Runner\\UnityTestExecutionContext.cs","Library\\PackageCache\\com.unity.test-framework@1.1.31\\UnityEngine.TestRunner\\NUnitExtensions\\Runner\\UnityWorkItem.cs","Library\\PackageCache\\com.unity.test-framework@1.1.31\\UnityEngine.TestRunner\\NUnitExtensions\\Runner\\UnityWorkItemDataHolder.cs","Library\\PackageCache\\com.unity.test-framework@1.1.31\\UnityEngine.TestRunner\\NUnitExtensions\\Runner\\WorkItemFactory.cs","Library\\PackageCache\\com.unity.test-framework@1.1.31\\UnityEngine.TestRunner\\NUnitExtensions\\TestExtensions.cs","Library\\PackageCache\\com.unity.test-framework@1.1.31\\UnityEngine.TestRunner\\NUnitExtensions\\TestResultExtensions.cs","Library\\PackageCache\\com.unity.test-framework@1.1.31\\UnityEngine.TestRunner\\NUnitExtensions\\UnityTestAssemblyBuilder.cs","Library\\PackageCache\\com.unity.test-framework@1.1.31\\UnityEngine.TestRunner\\TestRunner\\Callbacks\\PlayerQuitHandler.cs","Library\\PackageCache\\com.unity.test-framework@1.1.31\\UnityEngine.TestRunner\\TestRunner\\Callbacks\\PlayModeRunnerCallback.cs","Library\\PackageCache\\com.unity.test-framework@1.1.31\\UnityEngine.TestRunner\\TestRunner\\Callbacks\\RemoteTestResultSender.cs","Library\\PackageCache\\com.unity.test-framework@1.1.31\\UnityEngine.TestRunner\\TestRunner\\Callbacks\\TestResultRenderer.cs","Library\\PackageCache\\com.unity.test-framework@1.1.31\\UnityEngine.TestRunner\\TestRunner\\Callbacks\\TestResultRendererCallback.cs","Library\\PackageCache\\com.unity.test-framework@1.1.31\\UnityEngine.TestRunner\\TestRunner\\ITestRunnerListener.cs","Library\\PackageCache\\com.unity.test-framework@1.1.31\\UnityEngine.TestRunner\\TestRunner\\Messages\\IEditModeTestYieldInstruction.cs","Library\\PackageCache\\com.unity.test-framework@1.1.31\\UnityEngine.TestRunner\\TestRunner\\PlaymodeTestsController.cs","Library\\PackageCache\\com.unity.test-framework@1.1.31\\UnityEngine.TestRunner\\TestRunner\\PlaymodeTestsControllerSettings.cs","Library\\PackageCache\\com.unity.test-framework@1.1.31\\UnityEngine.TestRunner\\TestRunner\\RemoteHelpers\\IRemoteTestResultDataFactory.cs","Library\\PackageCache\\com.unity.test-framework@1.1.31\\UnityEngine.TestRunner\\TestRunner\\RemoteHelpers\\PlayerConnectionMessageIds.cs","Library\\PackageCache\\com.unity.test-framework@1.1.31\\UnityEngine.TestRunner\\TestRunner\\RemoteHelpers\\RemoteTestData.cs","Library\\PackageCache\\com.unity.test-framework@1.1.31\\UnityEngine.TestRunner\\TestRunner\\RemoteHelpers\\RemoteTestResultData.cs","Library\\PackageCache\\com.unity.test-framework@1.1.31\\UnityEngine.TestRunner\\TestRunner\\RemoteHelpers\\RemoteTestResultDataFactory.cs","Library\\PackageCache\\com.unity.test-framework@1.1.31\\UnityEngine.TestRunner\\TestRunner\\RemoteHelpers\\RemoteTestResultDataWithTestData.cs","Library\\PackageCache\\com.unity.test-framework@1.1.31\\UnityEngine.TestRunner\\TestRunner\\RuntimeTestRunnerFilter.cs","Library\\PackageCache\\com.unity.test-framework@1.1.31\\UnityEngine.TestRunner\\TestRunner\\SynchronousFilter.cs","Library\\PackageCache\\com.unity.test-framework@1.1.31\\UnityEngine.TestRunner\\TestRunner\\TestEnumeratorWrapper.cs","Library\\PackageCache\\com.unity.test-framework@1.1.31\\UnityEngine.TestRunner\\TestRunner\\TestListenerWrapper.cs","Library\\PackageCache\\com.unity.test-framework@1.1.31\\UnityEngine.TestRunner\\TestRunner\\TestPlatform.cs","Library\\PackageCache\\com.unity.test-framework@1.1.31\\UnityEngine.TestRunner\\Utils\\AssemblyProvider\\AssemblyLoadProxy.cs","Library\\PackageCache\\com.unity.test-framework@1.1.31\\UnityEngine.TestRunner\\Utils\\AssemblyProvider\\AssemblyWrapper.cs","Library\\PackageCache\\com.unity.test-framework@1.1.31\\UnityEngine.TestRunner\\Utils\\AssemblyProvider\\IAssemblyLoadProxy.cs","Library\\PackageCache\\com.unity.test-framework@1.1.31\\UnityEngine.TestRunner\\Utils\\AssemblyProvider\\IAssemblyWrapper.cs","Library\\PackageCache\\com.unity.test-framework@1.1.31\\UnityEngine.TestRunner\\Utils\\AssemblyProvider\\IScriptingRuntimeProxy.cs","Library\\PackageCache\\com.unity.test-framework@1.1.31\\UnityEngine.TestRunner\\Utils\\AssemblyProvider\\ITestAssemblyProvider.cs","Library\\PackageCache\\com.unity.test-framework@1.1.31\\UnityEngine.TestRunner\\Utils\\AssemblyProvider\\PlayerTestAssemblyProvider.cs","Library\\PackageCache\\com.unity.test-framework@1.1.31\\UnityEngine.TestRunner\\Utils\\AssemblyProvider\\ScriptingRuntimeProxy.cs","Library\\PackageCache\\com.unity.test-framework@1.1.31\\UnityEngine.TestRunner\\Utils\\AttributeHelper.cs","Library\\PackageCache\\com.unity.test-framework@1.1.31\\UnityEngine.TestRunner\\Utils\\ColorEqualityComparer.cs","Library\\PackageCache\\com.unity.test-framework@1.1.31\\UnityEngine.TestRunner\\Utils\\CoroutineRunner.cs","Library\\PackageCache\\com.unity.test-framework@1.1.31\\UnityEngine.TestRunner\\Utils\\FloatEqualityComparer.cs","Library\\PackageCache\\com.unity.test-framework@1.1.31\\UnityEngine.TestRunner\\Utils\\IOuterUnityTestAction.cs","Library\\PackageCache\\com.unity.test-framework@1.1.31\\UnityEngine.TestRunner\\Utils\\IPostBuildCleanup.cs","Library\\PackageCache\\com.unity.test-framework@1.1.31\\UnityEngine.TestRunner\\Utils\\IPrebuildSceneSetup.cs","Library\\PackageCache\\com.unity.test-framework@1.1.31\\UnityEngine.TestRunner\\Utils\\ITestRunCallback.cs","Library\\PackageCache\\com.unity.test-framework@1.1.31\\UnityEngine.TestRunner\\Utils\\MonoBehaviourTest\\IMonoBehaviourTest.cs","Library\\PackageCache\\com.unity.test-framework@1.1.31\\UnityEngine.TestRunner\\Utils\\MonoBehaviourTest\\MonoBehaviourTest.cs","Library\\PackageCache\\com.unity.test-framework@1.1.31\\UnityEngine.TestRunner\\Utils\\PostBuildCleanupAttribute.cs","Library\\PackageCache\\com.unity.test-framework@1.1.31\\UnityEngine.TestRunner\\Utils\\PrebuildSceneSetupAttribute.cs","Library\\PackageCache\\com.unity.test-framework@1.1.31\\UnityEngine.TestRunner\\Utils\\QuaternionEqualityComparer.cs","Library\\PackageCache\\com.unity.test-framework@1.1.31\\UnityEngine.TestRunner\\Utils\\StacktraceFilter.cs","Library\\PackageCache\\com.unity.test-framework@1.1.31\\UnityEngine.TestRunner\\Utils\\TestRunCallbackAttribute.cs","Library\\PackageCache\\com.unity.test-framework@1.1.31\\UnityEngine.TestRunner\\Utils\\TestRunCallbackListener.cs","Library\\PackageCache\\com.unity.test-framework@1.1.31\\UnityEngine.TestRunner\\Utils\\Utils.cs","Library\\PackageCache\\com.unity.test-framework@1.1.31\\UnityEngine.TestRunner\\Utils\\Vector2ComparerWithEqualsOperator.cs","Library\\PackageCache\\com.unity.test-framework@1.1.31\\UnityEngine.TestRunner\\Utils\\Vector2EqualityComparer.cs","Library\\PackageCache\\com.unity.test-framework@1.1.31\\UnityEngine.TestRunner\\Utils\\Vector3ComparerWithEqualsOperator.cs","Library\\PackageCache\\com.unity.test-framework@1.1.31\\UnityEngine.TestRunner\\Utils\\Vector3EqualityComparer.cs","Library\\PackageCache\\com.unity.test-framework@1.1.31\\UnityEngine.TestRunner\\Utils\\Vector4ComparerWithEqualsOperator.cs","Library\\PackageCache\\com.unity.test-framework@1.1.31\\UnityEngine.TestRunner\\Utils\\Vector4EqualityComparer.cs","Library\\Bee\\artifacts\\1900b0aE.dag\\UnityEngine.TestRunner.rsp"],"oldvalue":[],"dependency":"explicit"}]}
{"msg":"runNodeAction","annotation":"Csc Library/Bee/artifacts/1900b0aE.dag/UnityEngine.TestRunner.dll (+2 others)","index":2}
{"msg":"noderesult","processed_node_count":87,"number_of_nodes_ever_queued":91,"annotation":"Csc Library/Bee/artifacts/1900b0aE.dag/UnityEngine.TestRunner.dll (+2 others)","index":2,"exitcode":1,"cmdline":"\"C:\\Program Files\\Unity 2022.1.13f1\\Editor\\Data\\NetCoreRuntime\\dotnet.exe\" exec \"C:/Program Files/Unity 2022.1.13f1/Editor/Data/DotNetSdkRoslyn/csc.dll\" /nostdlib /noconfig /shared \"@Library/Bee/artifacts/1900b0aE.dag/UnityEngine.TestRunner.rsp\"","rsps":["Library\\Bee\\artifacts\\1900b0aE.dag\\UnityEngine.TestRunner.rsp"],"outputfile":"Library\\Bee\\artifacts\\1900b0aE.dag\\UnityEngine.TestRunner.dll","stdout":"Library\\PackageCache\\com.unity.test-framework@1.1.31\\UnityEngine.TestRunner\\Assertions\\AllocatingGCMemoryConstraint.cs(2,7): error CS0246: The type or namespace name 'NUnit' could not be found (are you missing a using directive or an assembly reference?)\r\nLibrary\\PackageCache\\com.unity.test-framework@1.1.31\\UnityEngine.TestRunner\\Assertions\\AllocatingGCMemoryConstraint.cs(3,7): error CS0246: The type or namespace name 'NUnit' could not be found (are you missing a using directive or an assembly reference?)\r\nLibrary\\PackageCache\\com.unity.test-framework@1.1.31\\UnityEngine.TestRunner\\Assertions\\ConstraintsExtensions.cs(1,7): error CS0246: The type or namespace name 'NUnit' could not be found (are you missing a using directive or an assembly reference?)\r\nLibrary\\PackageCache\\com.unity.test-framework@1.1.31\\UnityEngine.TestRunner\\Assertions\\InvalidSignatureException.cs(1,7): error CS0246: The type or namespace name 'NUnit' could not be found (are you missing a using directive or an assembly reference?)\r\nLibrary\\PackageCache\\com.unity.test-framework@1.1.31\\UnityEngine.TestRunner\\Assertions\\InvalidSignatureException.cs(2,7): error CS0246: The type or namespace name 'NUnit' could not be found (are you missing a using directive or an assembly reference?)\r\nLibrary\\PackageCache\\com.unity.test-framework@1.1.31\\UnityEngine.TestRunner\\Assertions\\UnexpectedLogMessageException.cs(1,7): error CS0246: The type or namespace name 'NUnit' could not be found (are you missing a using directive or an assembly reference?)\r\nLibrary\\PackageCache\\com.unity.test-framework@1.1.31\\UnityEngine.TestRunner\\Assertions\\UnexpectedLogMessageException.cs(2,7): error CS0246: The type or namespace name 'NUnit' could not be found (are you missing a using directive or an assembly reference?)\r\nLibrary\\PackageCache\\com.unity.test-framework@1.1.31\\UnityEngine.TestRunner\\Assertions\\UnhandledLogMessageException.cs(1,7): error CS0246: The type or namespace name 'NUnit' could not be found (are you missing a using directive or an assembly reference?)\r\nLibrary\\PackageCache\\com.unity.test-framework@1.1.31\\UnityEngine.TestRunner\\Assertions\\UnhandledLogMessageException.cs(2,7): error CS0246: The type or namespace name 'NUnit' could not be found (are you missing a using directive or an assembly reference?)\r\nLibrary\\PackageCache\\com.unity.test-framework@1.1.31\\UnityEngine.TestRunner\\Assertions\\UnityTestTimeoutException.cs(1,7): error CS0246: The type or namespace name 'NUnit' could not be found (are you missing a using directive or an assembly reference?)\r\nLibrary\\PackageCache\\com.unity.test-framework@1.1.31\\UnityEngine.TestRunner\\Assertions\\UnityTestTimeoutException.cs(2,7): error CS0246: The type or namespace name 'NUnit' could not be found (are you missing a using directive or an assembly reference?)\r\nLibrary\\PackageCache\\com.unity.test-framework@1.1.31\\UnityEngine.TestRunner\\NUnitExtensions\\Attributes\\ConditionalIgnoreAttribute.cs(2,7): error CS0246: The type or namespace name 'NUnit' could not be found (are you missing a using directive or an assembly reference?)\r\nLibrary\\PackageCache\\com.unity.test-framework@1.1.31\\UnityEngine.TestRunner\\NUnitExtensions\\Attributes\\ConditionalIgnoreAttribute.cs(3,7): error CS0246: The type or namespace name 'NUnit' could not be found (are you missing a using directive or an assembly reference?)\r\nLibrary\\PackageCache\\com.unity.test-framework@1.1.31\\UnityEngine.TestRunner\\NUnitExtensions\\Attributes\\ConditionalIgnoreAttribute.cs(4,7): error CS0246: The type or namespace name 'NUnit' could not be found (are you missing a using directive or an assembly reference?)\r\nLibrary\\PackageCache\\com.unity.test-framework@1.1.31\\UnityEngine.TestRunner\\NUnitExtensions\\Attributes\\TestEnumerator.cs(3,7): error CS0246: The type or namespace name 'NUnit' could not be found (are you missing a using directive or an assembly reference?)\r\nLibrary\\PackageCache\\com.unity.test-framework@1.1.31\\UnityEngine.TestRunner\\NUnitExtensions\\Attributes\\TestEnumerator.cs(4,7): error CS0246: The type or namespace name 'NUnit' could not be found (are you missing a using directive or an assembly reference?)\r\nLibrary\\PackageCache\\com.unity.test-framework@1.1.31\\UnityEngine.TestRunner\\NUnitExtensions\\Attributes\\TestEnumerator.cs(5,7): error CS0246: The type or namespace name 'NUnit' could not be found (are you missing a using directive or an assembly reference?)\r\nLibrary\\PackageCache\\com.unity.test-framework@1.1.31\\UnityEngine.TestRunner\\NUnitExtensions\\Attributes\\UnityCombinatorialStrategy.cs(3,7): error CS0246: The type or namespace name 'NUnit' could not be found (are you missing a using directive or an assembly reference?)\r\nLibrary\\PackageCache\\com.unity.test-framework@1.1.31\\UnityEngine.TestRunner\\NUnitExtensions\\Attributes\\UnityCombinatorialStrategy.cs(4,7): error CS0246: The type or namespace name 'NUnit' could not be found (are you missing a using directive or an assembly reference?)\r\nLibrary\\PackageCache\\com.unity.test-framework@1.1.31\\UnityEngine.TestRunner\\NUnitExtensions\\Attributes\\UnityPlatformAttribute.cs(4,7): error CS0246: The type or namespace name 'NUnit' could not be found (are you missing a using directive or an assembly reference?)\r\nLibrary\\PackageCache\\com.unity.test-framework@1.1.31\\UnityEngine.TestRunner\\NUnitExtensions\\Attributes\\UnityPlatformAttribute.cs(5,7): error CS0246: The type or namespace name 'NUnit' could not be found (are you missing a using directive or an assembly reference?)\r\nLibrary\\PackageCache\\com.unity.test-framework@1.1.31\\UnityEngine.TestRunner\\NUnitExtensions\\Attributes\\UnityPlatformAttribute.cs(6,7): error CS0246: The type or namespace name 'NUnit' could not be found (are you missing a using directive or an assembly reference?)\r\nLibrary\\PackageCache\\com.unity.test-framework@1.1.31\\UnityEngine.TestRunner\\NUnitExtensions\\Attributes\\UnitySetUpAttribute.cs(2,7): error CS0246: The type or namespace name 'NUnit' could not be found (are you missing a using directive or an assembly reference?)\r\nLibrary\\PackageCache\\com.unity.test-framework@1.1.31\\UnityEngine.TestRunner\\NUnitExtensions\\Attributes\\UnityTearDownAttribute.cs(2,7): error CS0246: The type or namespace name 'NUnit' could not be found (are you missing a using directive or an assembly reference?)\r\nLibrary\\PackageCache\\com.unity.test-framework@1.1.31\\UnityEngine.TestRunner\\NUnitExtensions\\Attributes\\UnityTestAttribute.cs(4,7): error CS0246: The type or namespace name 'NUnit' could not be found (are you missing a using directive or an assembly reference?)\r\nLibrary\\PackageCache\\com.unity.test-framework@1.1.31\\UnityEngine.TestRunner\\NUnitExtensions\\Attributes\\UnityTestAttribute.cs(5,7): error CS0246: The type or namespace name 'NUnit' could not be found (are you missing a using directive or an assembly reference?)\r\nLibrary\\PackageCache\\com.unity.test-framework@1.1.31\\UnityEngine.TestRunner\\NUnitExtensions\\Attributes\\UnityTestAttribute.cs(6,7): error CS0246: The type or namespace name 'NUnit' could not be found (are you missing a using directive or an assembly reference?)\r\nLibrary\\PackageCache\\com.unity.test-framework@1.1.31\\UnityEngine.TestRunner\\NUnitExtensions\\Attributes\\UnityTestAttribute.cs(7,7): error CS0246: The type or namespace name 'NUnit' could not be found (are you missing a using directive or an assembly reference?)\r\nLibrary\\PackageCache\\com.unity.test-framework@1.1.31\\UnityEngine.TestRunner\\NUnitExtensions\\Attributes\\UnityTestAttribute.cs(8,7): error CS0246: The type or namespace name 'NUnit' could not be found (are you missing a using directive or an assembly reference?)\r\nLibrary\\PackageCache\\com.unity.test-framework@1.1.31\\UnityEngine.TestRunner\\NUnitExtensions\\BaseDelegator.cs(3,7): error CS0246: The type or namespace name 'NUnit' could not be found (are you missing a using directive or an assembly reference?)\r\nLibrary\\PackageCache\\com.unity.test-framework@1.1.31\\UnityEngine.TestRunner\\NUnitExtensions\\Commands\\BeforeAfterTestCommandBase.cs(6,7): error CS0246: The type or namespace name 'NUnit' could not be found (are you missing a using directive or an assembly reference?)\r\nLibrary\\PackageCache\\com.unity.test-framework@1.1.31\\UnityEngine.TestRunner\\NUnitExtensions\\Commands\\BeforeAfterTestCommandBase.cs(7,7): error CS0246: The type or namespace name 'NUnit' could not be found (are you missing a using directive or an assembly reference?)\r\nLibrary\\PackageCache\\com.unity.test-framework@1.1.31\\UnityEngine.TestRunner\\NUnitExtensions\\Commands\\BeforeAfterTestCommandBase.cs(8,7): error CS0246: The type or namespace name 'NUnit' could not be found (are you missing a using directive or an assembly reference?)\r\nLibrary\\PackageCache\\com.unity.test-framework@1.1.31\\UnityEngine.TestRunner\\NUnitExtensions\\Commands\\BeforeAfterTestCommandBase.cs(9,7): error CS0246: The type or namespace name 'NUnit' could not be found (are you missing a using directive or an assembly reference?)\r\nLibrary\\PackageCache\\com.unity.test-framework@1.1.31\\UnityEngine.TestRunner\\NUnitExtensions\\Commands\\BeforeAfterTestCommandState.cs(3,7): error CS0246: The type or namespace name 'NUnit' could not be found (are you missing a using directive or an assembly reference?)\r\nLibrary\\PackageCache\\com.unity.test-framework@1.1.31\\UnityEngine.TestRunner\\NUnitExtensions\\Commands\\BeforeAfterTestCommandState.cs(4,7): error CS0246: The type or namespace name 'NUnit' could not be found (are you missing a using directive or an assembly reference?)\r\nLibrary\\PackageCache\\com.unity.test-framework@1.1.31\\UnityEngine.TestRunner\\NUnitExtensions\\Commands\\EnumerableApplyChangesToContextCommand.cs(4,7): error CS0246: The type or namespace name 'NUnit' could not be found (are you missing a using directive or an assembly reference?)\r\nLibrary\\PackageCache\\com.unity.test-framework@1.1.31\\UnityEngine.TestRunner\\NUnitExtensions\\Commands\\EnumerableApplyChangesToContextCommand.cs(5,7): error CS0246: The type or namespace name 'NUnit' could not be found (are you missing a using directive or an assembly reference?)\r\nLibrary\\PackageCache\\com.unity.test-framework@1.1.31\\UnityEngine.TestRunner\\NUnitExtensions\\Commands\\EnumerableApplyChangesToContextCommand.cs(6,7): error CS0246: The type or namespace name 'NUnit' could not be found (are you missing a using directive or an assembly reference?)\r\nLibrary\\PackageCache\\com.unity.test-framework@1.1.31\\UnityEngine.TestRunner\\NUnitExtensions\\Commands\\EnumerableRepeatedTestCommand.cs(4,7): error CS0246: The type or namespace name 'NUnit' could not be found (are you missing a using directive or an assembly reference?)\r\nLibrary\\PackageCache\\com.unity.test-framework@1.1.31\\UnityEngine.TestRunner\\NUnitExtensions\\Commands\\EnumerableRepeatedTestCommand.cs(5,7): error CS0246: The type or namespace name 'NUnit' could not be found (are you missing a using directive or an assembly reference?)\r\nLibrary\\PackageCache\\com.unity.test-framework@1.1.31\\UnityEngine.TestRunner\\NUnitExtensions\\Commands\\EnumerableRepeatedTestCommand.cs(6,7): error CS0246: The type or namespace name 'NUnit' could not be found (are you missing a using directive or an assembly reference?)\r\nLibrary\\PackageCache\\com.unity.test-framework@1.1.31\\UnityEngine.TestRunner\\NUnitExtensions\\Commands\\EnumerableRepeatedTestCommand.cs(7,7): error CS0246: The type or namespace name 'NUnit' could not be found (are you missing a using directive or an assembly reference?)\r\nLibrary\\PackageCache\\com.unity.test-framework@1.1.31\\UnityEngine.TestRunner\\NUnitExtensions\\Commands\\EnumerableRetryTestCommand.cs(4,7): error CS0246: The type or namespace name 'NUnit' could not be found (are you missing a using directive or an assembly reference?)\r\nLibrary\\PackageCache\\com.unity.test-framework@1.1.31\\UnityEngine.TestRunner\\NUnitExtensions\\Commands\\EnumerableRetryTestCommand.cs(5,7): error CS0246: The type or namespace name 'NUnit' could not be found (are you missing a using directive or an assembly reference?)\r\nLibrary\\PackageCache\\com.unity.test-framework@1.1.31\\UnityEngine.TestRunner\\NUnitExtensions\\Commands\\EnumerableRetryTestCommand.cs(6,7): error CS0246: The type or namespace name 'NUnit' could not be found (are you missing a using directive or an assembly reference?)\r\nLibrary\\PackageCache\\com.unity.test-framework@1.1.31\\UnityEngine.TestRunner\\NUnitExtensions\\Commands\\EnumerableRetryTestCommand.cs(7,7): error CS0246: The type or namespace name 'NUnit' could not be found (are you missing a using directive or an assembly reference?)\r\nLibrary\\PackageCache\\com.unity.test-framework@1.1.31\\UnityEngine.TestRunner\\NUnitExtensions\\Commands\\EnumerableSetUpTearDownCommand.cs(6,7): error CS0246: The type or namespace name 'NUnit' could not be found (are you missing a using directive or an assembly reference?)\r\nLibrary\\PackageCache\\com.unity.test-framework@1.1.31\\UnityEngine.TestRunner\\NUnitExtensions\\Commands\\EnumerableSetUpTearDownCommand.cs(7,7): error CS0246: The type or namespace name 'NUnit' could not be found (are you missing a using directive or an assembly reference?)\r\nLibrary\\PackageCache\\com.unity.test-framework@1.1.31\\UnityEngine.TestRunner\\NUnitExtensions\\Commands\\EnumerableTestMethodCommand.cs(4,7): error CS0246: The type or namespace name 'NUnit' could not be found (are you missing a using directive or an assembly reference?)\r\nLibrary\\PackageCache\\com.unity.test-framework@1.1.31\\UnityEngine.TestRunner\\NUnitExtensions\\Commands\\EnumerableTestMethodCommand.cs(5,7): error CS0246: The type or namespace name 'NUnit' could not be found (are you missing a using directive or an assembly reference?)\r\nLibrary\\PackageCache\\com.unity.test-framework@1.1.31\\UnityEngine.TestRunner\\NUnitExtensions\\Commands\\EnumerableTestMethodCommand.cs(6,7): error CS0246: The type or namespace name 'NUnit' could not be found (are you missing a using directive or an assembly reference?)\r\nLibrary\\PackageCache\\com.unity.test-framework@1.1.31\\UnityEngine.TestRunner\\NUnitExtensions\\Commands\\EnumerableTestMethodCommand.cs(7,7): error CS0246: The type or namespace name 'NUnit' could not be found (are you missing a using directive or an assembly reference?)\r\nLibrary\\PackageCache\\com.unity.test-framework@1.1.31\\UnityEngine.TestRunner\\NUnitExtensions\\Commands\\EnumerableTestMethodCommand.cs(8,7): error CS0246: The type or namespace name 'NUnit' could not be found (are you missing a using directive or an assembly reference?)\r\nLibrary\\PackageCache\\com.unity.test-framework@1.1.31\\UnityEngine.TestRunner\\NUnitExtensions\\Commands\\ImmediateEnumerableCommand.cs(3,7): error CS0246: The type or namespace name 'NUnit' could not be found (are you missing a using directive or an assembly reference?)\r\nLibrary\\PackageCache\\com.unity.test-framework@1.1.31\\UnityEngine.TestRunner\\NUnitExtensions\\Commands\\ImmediateEnumerableCommand.cs(4,7): error CS0246: The type or namespace name 'NUnit' could not be found (are you missing a using directive or an assembly reference?)\r\nLibrary\\PackageCache\\com.unity.test-framework@1.1.31\\UnityEngine.TestRunner\\NUnitExtensions\\Commands\\OuterUnityTestActionCommand.cs(4,7): error CS0246: The type or namespace name 'NUnit' could not be found (are you missing a using directive or an assembly reference?)\r\nLibrary\\PackageCache\\com.unity.test-framework@1.1.31\\UnityEngine.TestRunner\\NUnitExtensions\\Commands\\OuterUnityTestActionCommand.cs(5,7): error CS0246: The type or namespace name 'NUnit' could not be found (are you missing a using directive or an assembly reference?)\r\nLibrary\\PackageCache\\com.unity.test-framework@1.1.31\\UnityEngine.TestRunner\\NUnitExtensions\\Commands\\SetUpTearDownCommand.cs(6,7): error CS0246: The type or namespace name 'NUnit' could not be found (are you missing a using directive or an assembly reference?)\r\nLibrary\\PackageCache\\com.unity.test-framework@1.1.31\\UnityEngine.TestRunner\\NUnitExtensions\\Commands\\SetUpTearDownCommand.cs(7,7): error CS0246: The type or namespace name 'NUnit' could not be found (are you missing a using directive or an assembly reference?)\r\nLibrary\\PackageCache\\com.unity.test-framework@1.1.31\\UnityEngine.TestRunner\\NUnitExtensions\\Commands\\SetUpTearDownCommand.cs(8,7): error CS0246: The type or namespace name 'NUnit' could not be found (are you missing a using directive or an assembly reference?)\r\nLibrary\\PackageCache\\com.unity.test-framework@1.1.31\\UnityEngine.TestRunner\\NUnitExtensions\\Commands\\TestActionCommand.cs(4,7): error CS0246: The type or namespace name 'NUnit' could not be found (are you missing a using directive or an assembly reference?)\r\nLibrary\\PackageCache\\com.unity.test-framework@1.1.31\\UnityEngine.TestRunner\\NUnitExtensions\\Commands\\TestActionCommand.cs(5,7): error CS0246: The type or namespace name 'NUnit' could not be found (are you missing a using directive or an assembly reference?)\r\nLibrary\\PackageCache\\com.unity.test-framework@1.1.31\\UnityEngine.TestRunner\\NUnitExtensions\\Commands\\TestActionCommand.cs(6,7): error CS0246: The type or namespace name 'NUnit' could not be found (are you missing a using directive or an assembly reference?)\r\nLibrary\\PackageCache\\com.unity.test-framework@1.1.31\\UnityEngine.TestRunner\\NUnitExtensions\\Commands\\UnityTestMethodCommand.cs(2,7): error CS0246: The type or namespace name 'NUnit' could not be found (are you missing a using directive or an assembly reference?)\r\nLibrary\\PackageCache\\com.unity.test-framework@1.1.31\\UnityEngine.TestRunner\\NUnitExtensions\\Commands\\UnityTestMethodCommand.cs(3,7): error CS0246: The type or namespace name 'NUnit' could not be found (are you missing a using directive or an assembly reference?)\r\nLibrary\\PackageCache\\com.unity.test-framework@1.1.31\\UnityEngine.TestRunner\\NUnitExtensions\\ConstructDelegator.cs(3,7): error CS0246: The type or namespace name 'NUnit' could not be found (are you missing a using directive or an assembly reference?)\r\nLibrary\\PackageCache\\com.unity.test-framework@1.1.31\\UnityEngine.TestRunner\\NUnitExtensions\\Filters\\AssemblyNameFilter.cs(2,7): error CS0246: The type or namespace name 'NUnit' could not be found (are you missing a using directive or an assembly reference?)\r\nLibrary\\PackageCache\\com.unity.test-framework@1.1.31\\UnityEngine.TestRunner\\NUnitExtensions\\Filters\\AssemblyNameFilter.cs(3,7): error CS0246: The type or namespace name 'NUnit' could not be found (are you missing a using directive or an assembly reference?)\r\nLibrary\\PackageCache\\com.unity.test-framework@1.1.31\\UnityEngine.TestRunner\\NUnitExtensions\\Filters\\CategoryFilterExtended.cs(3,7): error CS0246: The type or namespace name 'NUnit' could not be found (are you missing a using directive or an assembly reference?)\r\nLibrary\\PackageCache\\com.unity.test-framework@1.1.31\\UnityEngine.TestRunner\\NUnitExtensions\\Filters\\CategoryFilterExtended.cs(4,7): error CS0246: The type or namespace name 'NUnit' could not be found (are you missing a using directive or an assembly reference?)\r\nLibrary\\PackageCache\\com.unity.test-framework@1.1.31\\UnityEngine.TestRunner\\NUnitExtensions\\Filters\\CategoryFilterExtended.cs(5,7): error CS0246: The type or namespace name 'NUnit' could not be found (are you missing a using directive or an assembly reference?)\r\nLibrary\\PackageCache\\com.unity.test-framework@1.1.31\\UnityEngine.TestRunner\\NUnitExtensions\\Filters\\FullNameFilter.cs(3,7): error CS0246: The type or namespace name 'NUnit' could not be found (are you missing a using directive or an assembly reference?)\r\nLibrary\\PackageCache\\com.unity.test-framework@1.1.31\\UnityEngine.TestRunner\\NUnitExtensions\\IAsyncTestAssemblyBuilder.cs(3,7): error CS0246: The type or namespace name 'NUnit' could not be found (are you missing a using directive or an assembly reference?)\r\nLibrary\\PackageCache\\com.unity.test-framework@1.1.31\\UnityEngine.TestRunner\\NUnitExtensions\\IAsyncTestAssemblyBuilder.cs(4,7): error CS0246: The type or namespace name 'NUnit' could not be found (are you missing a using directive or an assembly reference?)\r\nLibrary\\PackageCache\\com.unity.test-framework@1.1.31\\UnityEngine.TestRunner\\NUnitExtensions\\Runner\\CompositeWorkItem.cs(6,7): error CS0246: The type or namespace name 'NUnit' could not be found (are you missing a using directive or an assembly reference?)\r\nLibrary\\PackageCache\\com.unity.test-framework@1.1.31\\UnityEngine.TestRunner\\NUnitExtensions\\Runner\\CompositeWorkItem.cs(7,7): error CS0246: The type or namespace name 'NUnit' could not be found (are you missing a using directive or an assembly reference?)\r\nLibrary\\PackageCache\\com.unity.test-framework@1.1.31\\UnityEngine.TestRunner\\NUnitExtensions\\Runner\\CompositeWorkItem.cs(8,7): error CS0246: The type or namespace name 'NUnit' could not be found (are you missing a using directive or an assembly reference?)\r\nLibrary\\PackageCache\\com.unity.test-framework@1.1.31\\UnityEngine.TestRunner\\NUnitExtensions\\Runner\\CompositeWorkItem.cs(9,7): error CS0246: The type or namespace name 'NUnit' could not be found (are you missing a using directive or an assembly reference?)\r\nLibrary\\PackageCache\\com.unity.test-framework@1.1.31\\UnityEngine.TestRunner\\NUnitExtensions\\Runner\\CompositeWorkItem.cs(10,7): error CS0246: The type or namespace name 'NUnit' could not be found (are you missing a using directive or an assembly reference?)\r\nLibrary\\PackageCache\\com.unity.test-framework@1.1.31\\UnityEngine.TestRunner\\NUnitExtensions\\Runner\\CoroutineTestWorkItem.cs(3,7): error CS0246: The type or namespace name 'NUnit' could not be found (are you missing a using directive or an assembly reference?)\r\nLibrary\\PackageCache\\com.unity.test-framework@1.1.31\\UnityEngine.TestRunner\\NUnitExtensions\\Runner\\CoroutineTestWorkItem.cs(4,7): error CS0246: The type or namespace name 'NUnit' could not be found (are you missing a using directive or an assembly reference?)\r\nLibrary\\PackageCache\\com.unity.test-framework@1.1.31\\UnityEngine.TestRunner\\NUnitExtensions\\Runner\\CoroutineTestWorkItem.cs(5,7): error CS0246: The type or namespace name 'NUnit' could not be found (are you missing a using directive or an assembly reference?)\r\nLibrary\\PackageCache\\com.unity.test-framework@1.1.31\\UnityEngine.TestRunner\\NUnitExtensions\\Runner\\CoroutineTestWorkItem.cs(6,7): error CS0246: The type or namespace name 'NUnit' could not be found (are you missing a using directive or an assembly reference?)\r\nLibrary\\PackageCache\\com.unity.test-framework@1.1.31\\UnityEngine.TestRunner\\NUnitExtensions\\Runner\\DefaultTestWorkItem.cs(10,27): error CS0246: The type or namespace name 'NUnit' could not be found (are you missing a using directive or an assembly reference?)\r\nLibrary\\PackageCache\\com.unity.test-framework@1.1.31\\UnityEngine.TestRunner\\NUnitExtensions\\Runner\\DefaultTestWorkItem.cs(9,30): error CS0246: The type or namespace name 'NUnit' could not be found (are you missing a using directive or an assembly reference?)\r\nLibrary\\PackageCache\\com.unity.test-framework@1.1.31\\UnityEngine.TestRunner\\NUnitExtensions\\Runner\\DefaultTestWorkItem.cs(4,7): error CS0246: The type or namespace name 'NUnit' could not be found (are you missing a using directive or an assembly reference?)\r\nLibrary\\PackageCache\\com.unity.test-framework@1.1.31\\UnityEngine.TestRunner\\NUnitExtensions\\Runner\\DefaultTestWorkItem.cs(5,7): error CS0246: The type or namespace name 'NUnit' could not be found (are you missing a using directive or an assembly reference?)\r\nLibrary\\PackageCache\\com.unity.test-framework@1.1.31\\UnityEngine.TestRunner\\NUnitExtensions\\Runner\\DefaultTestWorkItem.cs(6,7): error CS0246: The type or namespace name 'NUnit' could not be found (are you missing a using directive or an assembly reference?)\r\nLibrary\\PackageCache\\com.unity.test-framework@1.1.31\\UnityEngine.TestRunner\\NUnitExtensions\\Runner\\DefaultTestWorkItem.cs(7,7): error CS0246: The type or namespace name 'NUnit' could not be found (are you missing a using directive or an assembly reference?)\r\nLibrary\\PackageCache\\com.unity.test-framework@1.1.31\\UnityEngine.TestRunner\\NUnitExtensions\\Runner\\FailCommand.cs(3,7): error CS0246: The type or namespace name 'NUnit' could not be found (are you missing a using directive or an assembly reference?)\r\nLibrary\\PackageCache\\com.unity.test-framework@1.1.31\\UnityEngine.TestRunner\\NUnitExtensions\\Runner\\FailCommand.cs(4,7): error CS0246: The type or namespace name 'NUnit' could not be found (are you missing a using directive or an assembly reference?)\r\nLibrary\\PackageCache\\com.unity.test-framework@1.1.31\\UnityEngine.TestRunner\\NUnitExtensions\\Runner\\FailCommand.cs(5,7): error CS0246: The type or namespace name 'NUnit' could not be found (are you missing a using directive or an assembly reference?)\r\nLibrary\\PackageCache\\com.unity.test-framework@1.1.31\\UnityEngine.TestRunner\\NUnitExtensions\\Runner\\IEnumerableTestMethodCommand.cs(2,7): error CS0246: The type or namespace name 'NUnit' could not be found (are you missing a using directive or an assembly reference?)\r\nLibrary\\PackageCache\\com.unity.test-framework@1.1.31\\UnityEngine.TestRunner\\NUnitExtensions\\Runner\\PlaymodeWorkItemFactory.cs(1,7): error CS0246: The type or namespace name 'NUnit' could not be found (are you missing a using directive or an assembly reference?)\r\nLibrary\\PackageCache\\com.unity.test-framework@1.1.31\\UnityEngine.TestRunner\\NUnitExtensions\\Runner\\PlaymodeWorkItemFactory.cs(2,7): error CS0246: The type or namespace name 'NUnit' could not be found (are you missing a using directive or an assembly reference?)\r\nLibrary\\PackageCache\\com.unity.test-framework@1.1.31\\UnityEngine.TestRunner\\NUnitExtensions\\Runner\\TestCommandBuilder.cs(4,7): error CS0246: The type or namespace name 'NUnit' could not be found (are you missing a using directive or an assembly reference?)\r\nLibrary\\PackageCache\\com.unity.test-framework@1.1.31\\UnityEngine.TestRunner\\NUnitExtensions\\Runner\\TestCommandBuilder.cs(5,7): error CS0246: The type or namespace name 'NUnit' could not be found (are you missing a using directive or an assembly reference?)\r\nLibrary\\PackageCache\\com.unity.test-framework@1.1.31\\UnityEngine.TestRunner\\NUnitExtensions\\Runner\\TestCommandBuilder.cs(6,7): error CS0246: The type or namespace name 'NUnit' could not be found (are you missing a using directive or an assembly reference?)\r\nLibrary\\PackageCache\\com.unity.test-framework@1.1.31\\UnityEngine.TestRunner\\NUnitExtensions\\Runner\\TestCommandBuilder.cs(7,7): error CS0246: The type or namespace name 'NUnit' could not be found (are you missing a using directive or an assembly reference?)\r\nLibrary\\PackageCache\\com.unity.test-framework@1.1.31\\UnityEngine.TestRunner\\NUnitExtensions\\Runner\\UnityLogCheckDelegatingCommand.cs(6,7): error CS0246: The type or namespace name 'NUnit' could not be found (are you missing a using directive or an assembly reference?)\r\nLibrary\\PackageCache\\com.unity.test-framework@1.1.31\\UnityEngine.TestRunner\\NUnitExtensions\\Runner\\UnityLogCheckDelegatingCommand.cs(7,7): error CS0246: The type or namespace name 'NUnit' could not be found (are you missing a using directive or an assembly reference?)\r\nLibrary\\PackageCache\\com.unity.test-framework@1.1.31\\UnityEngine.TestRunner\\NUnitExtensions\\Runner\\UnityTestAssemblyRunner.cs(5,7): error CS0246: The type or namespace name 'NUnit' could not be found (are you missing a using directive or an assembly reference?)\r\nLibrary\\PackageCache\\com.unity.test-framework@1.1.31\\UnityEngine.TestRunner\\NUnitExtensions\\Runner\\UnityTestAssemblyRunner.cs(6,7): error CS0246: The type or namespace name 'NUnit' could not be found (are you missing a using directive or an assembly reference?)\r\nLibrary\\PackageCache\\com.unity.test-framework@1.1.31\\UnityEngine.TestRunner\\NUnitExtensions\\Runner\\UnityTestAssemblyRunner.cs(7,7): error CS0246: The type or namespace name 'NUnit' could not be found (are you missing a using directive or an assembly reference?)\r\nLibrary\\PackageCache\\com.unity.test-framework@1.1.31\\UnityEngine.TestRunner\\NUnitExtensions\\Runner\\UnityTestExecutionContext.cs(5,7): error CS0246: The type or namespace name 'NUnit' could not be found (are you missing a using directive or an assembly reference?)\r\nLibrary\\PackageCache\\com.unity.test-framework@1.1.31\\UnityEngine.TestRunner\\NUnitExtensions\\Runner\\UnityTestExecutionContext.cs(6,7): error CS0246: The type or namespace name 'NUnit' could not be found (are you missing a using directive or an assembly reference?)\r\nLibrary\\PackageCache\\com.unity.test-framework@1.1.31\\UnityEngine.TestRunner\\NUnitExtensions\\Runner\\UnityTestExecutionContext.cs(7,7): error CS0246: The type or namespace name 'NUnit' could not be found (are you missing a using directive or an assembly reference?)\r\nLibrary\\PackageCache\\com.unity.test-framework@1.1.31\\UnityEngine.TestRunner\\NUnitExtensions\\Runner\\UnityTestExecutionContext.cs(8,7): error CS0246: The type or namespace name 'NUnit' could not be found (are you missing a using directive or an assembly reference?)\r\nLibrary\\PackageCache\\com.unity.test-framework@1.1.31\\UnityEngine.TestRunner\\NUnitExtensions\\Runner\\UnityTestExecutionContext.cs(9,7): error CS0246: The type or namespace name 'NUnit' could not be found (are you missing a using directive or an assembly reference?)\r\nLibrary\\PackageCache\\com.unity.test-framework@1.1.31\\UnityEngine.TestRunner\\NUnitExtensions\\Runner\\UnityWorkItem.cs(6,7): error CS0246: The type or namespace name 'NUnit' could not be found (are you missing a using directive or an assembly reference?)\r\nLibrary\\PackageCache\\com.unity.test-framework@1.1.31\\UnityEngine.TestRunner\\NUnitExtensions\\Runner\\UnityWorkItem.cs(7,7): error CS0246: The type or namespace name 'NUnit' could not be found (are you missing a using directive or an assembly reference?)\r\nLibrary\\PackageCache\\com.unity.test-framework@1.1.31\\UnityEngine.TestRunner\\NUnitExtensions\\Runner\\UnityWorkItem.cs(8,7): error CS0246: The type or namespace name 'NUnit' could not be found (are you missing a using directive or an assembly reference?)\r\nLibrary\\PackageCache\\com.unity.test-framework@1.1.31\\UnityEngine.TestRunner\\NUnitExtensions\\Runner\\UnityWorkItem.cs(9,7): error CS0246: The type or namespace name 'NUnit' could not be found (are you missing a using directive or an assembly reference?)\r\nLibrary\\PackageCache\\com.unity.test-framework@1.1.31\\UnityEngine.TestRunner\\NUnitExtensions\\Runner\\WorkItemFactory.cs(2,7): error CS0246: The type or namespace name 'NUnit' could not be found (are you missing a using directive or an assembly reference?)\r\nLibrary\\PackageCache\\com.unity.test-framework@1.1.31\\UnityEngine.TestRunner\\NUnitExtensions\\Runner\\WorkItemFactory.cs(3,7): error CS0246: The type or namespace name 'NUnit' could not be found (are you missing a using directive or an assembly reference?)\r\nLibrary\\PackageCache\\com.unity.test-framework@1.1.31\\UnityEngine.TestRunner\\NUnitExtensions\\TestExtensions.cs(4,7): error CS0246: The type or namespace name 'NUnit' could not be found (are you missing a using directive or an assembly reference?)\r\nLibrary\\PackageCache\\com.unity.test-framework@1.1.31\\UnityEngine.TestRunner\\NUnitExtensions\\TestExtensions.cs(5,7): error CS0246: The type or namespace name 'NUnit' could not be found (are you missing a using directive or an assembly reference?)\r\nLibrary\\PackageCache\\com.unity.test-framework@1.1.31\\UnityEngine.TestRunner\\NUnitExtensions\\TestResultExtensions.cs(2,7): error CS0246: The type or namespace name 'NUnit' could not be found (are you missing a using directive or an assembly reference?)\r\nLibrary\\PackageCache\\com.unity.test-framework@1.1.31\\UnityEngine.TestRunner\\NUnitExtensions\\TestResultExtensions.cs(3,7): error CS0246: The type or namespace name 'NUnit' could not be found (are you missing a using directive or an assembly reference?)\r\nLibrary\\PackageCache\\com.unity.test-framework@1.1.31\\UnityEngine.TestRunner\\NUnitExtensions\\TestResultExtensions.cs(4,7): error CS0246: The type or namespace name 'NUnit' could not be found (are you missing a using directive or an assembly reference?)\r\nLibrary\\PackageCache\\com.unity.test-framework@1.1.31\\UnityEngine.TestRunner\\NUnitExtensions\\UnityTestAssemblyBuilder.cs(4,7): error CS0246: The type or namespace name 'NUnit' could not be found (are you missing a using directive or an assembly reference?)\r\nLibrary\\PackageCache\\com.unity.test-framework@1.1.31\\UnityEngine.TestRunner\\NUnitExtensions\\UnityTestAssemblyBuilder.cs(5,7): error CS0246: The type or namespace name 'NUnit' could not be found (are you missing a using directive or an assembly reference?)\r\nLibrary\\PackageCache\\com.unity.test-framework@1.1.31\\UnityEngine.TestRunner\\NUnitExtensions\\UnityTestAssemblyBuilder.cs(6,7): error CS0246: The type or namespace name 'NUnit' could not be found (are you missing a using directive or an assembly reference?)\r\nLibrary\\PackageCache\\com.unity.test-framework@1.1.31\\UnityEngine.TestRunner\\NUnitExtensions\\UnityTestAssemblyBuilder.cs(7,7): error CS0246: The type or namespace name 'NUnit' could not be found (are you missing a using directive or an assembly reference?)\r\nLibrary\\PackageCache\\com.unity.test-framework@1.1.31\\UnityEngine.TestRunner\\TestRunner\\Callbacks\\PlayerQuitHandler.cs(1,7): error CS0246: The type or namespace name 'NUnit' could not be found (are you missing a using directive or an assembly reference?)\r\nLibrary\\PackageCache\\com.unity.test-framework@1.1.31\\UnityEngine.TestRunner\\TestRunner\\Callbacks\\PlayModeRunnerCallback.cs(1,7): error CS0246: The type or namespace name 'NUnit' could not be found (are you missing a using directive or an assembly reference?)\r\nLibrary\\PackageCache\\com.unity.test-framework@1.1.31\\UnityEngine.TestRunner\\TestRunner\\Callbacks\\PlayModeRunnerCallback.cs(2,7): error CS0246: The type or namespace name 'NUnit' could not be found (are you missing a using directive or an assembly reference?)\r\nLibrary\\PackageCache\\com.unity.test-framework@1.1.31\\UnityEngine.TestRunner\\TestRunner\\Callbacks\\RemoteTestResultSender.cs(6,7): error CS0246: The type or namespace name 'NUnit' could not be found (are you missing a using directive or an assembly reference?)\r\nLibrary\\PackageCache\\com.unity.test-framework@1.1.31\\UnityEngine.TestRunner\\TestRunner\\Callbacks\\TestResultRenderer.cs(3,7): error CS0246: The type or namespace name 'NUnit' could not be found (are you missing a using directive or an assembly reference?)\r\nLibrary\\PackageCache\\com.unity.test-framework@1.1.31\\UnityEngine.TestRunner\\TestRunner\\Callbacks\\TestResultRenderer.cs(4,7): error CS0246: The type or namespace name 'NUnit' could not be found (are you missing a using directive or an assembly reference?)\r\nLibrary\\PackageCache\\com.unity.test-framework@1.1.31\\UnityEngine.TestRunner\\TestRunner\\Callbacks\\TestResultRendererCallback.cs(1,7): error CS0246: The type or namespace name 'NUnit' could not be found (are you missing a using directive or an assembly reference?)\r\nLibrary\\PackageCache\\com.unity.test-framework@1.1.31\\UnityEngine.TestRunner\\TestRunner\\ITestRunnerListener.cs(2,7): error CS0246: The type or namespace name 'NUnit' could not be found (are you missing a using directive or an assembly reference?)\r\nLibrary\\PackageCache\\com.unity.test-framework@1.1.31\\UnityEngine.TestRunner\\TestRunner\\PlaymodeTestsControllerSettings.cs(3,7): error CS0246: The type or namespace name 'NUnit' could not be found (are you missing a using directive or an assembly reference?)\r\nLibrary\\PackageCache\\com.unity.test-framework@1.1.31\\UnityEngine.TestRunner\\TestRunner\\PlaymodeTestsControllerSettings.cs(4,7): error CS0246: The type or namespace name 'NUnit' could not be found (are you missing a using directive or an assembly reference?)\r\nLibrary\\PackageCache\\com.unity.test-framework@1.1.31\\UnityEngine.TestRunner\\TestRunner\\RemoteHelpers\\IRemoteTestResultDataFactory.cs(2,7): error CS0246: The type or namespace name 'NUnit' could not be found (are you missing a using directive or an assembly reference?)\r\nLibrary\\PackageCache\\com.unity.test-framework@1.1.31\\UnityEngine.TestRunner\\TestRunner\\RemoteHelpers\\RemoteTestData.cs(3,7): error CS0246: The type or namespace name 'NUnit' could not be found (are you missing a using directive or an assembly reference?)\r\nLibrary\\PackageCache\\com.unity.test-framework@1.1.31\\UnityEngine.TestRunner\\TestRunner\\RemoteHelpers\\RemoteTestData.cs(4,7): error CS0246: The type or namespace name 'NUnit' could not be found (are you missing a using directive or an assembly reference?)\r\nLibrary\\PackageCache\\com.unity.test-framework@1.1.31\\UnityEngine.TestRunner\\TestRunner\\RemoteHelpers\\RemoteTestResultData.cs(4,7): error CS0246: The type or namespace name 'NUnit' could not be found (are you missing a using directive or an assembly reference?)\r\nLibrary\\PackageCache\\com.unity.test-framework@1.1.31\\UnityEngine.TestRunner\\TestRunner\\RemoteHelpers\\RemoteTestResultDataFactory.cs(3,7): error CS0246: The type or namespace name 'NUnit' could not be found (are you missing a using directive or an assembly reference?)\r\nLibrary\\PackageCache\\com.unity.test-framework@1.1.31\\UnityEngine.TestRunner\\TestRunner\\RemoteHelpers\\RemoteTestResultDataWithTestData.cs(4,7): error CS0246: The type or namespace name 'NUnit' could not be found (are you missing a using directive or an assembly reference?)\r\nLibrary\\PackageCache\\com.unity.test-framework@1.1.31\\UnityEngine.TestRunner\\TestRunner\\RuntimeTestRunnerFilter.cs(5,7): error CS0246: The type or namespace name 'NUnit' could not be found (are you missing a using directive or an assembly reference?)\r\nLibrary\\PackageCache\\com.unity.test-framework@1.1.31\\UnityEngine.TestRunner\\TestRunner\\RuntimeTestRunnerFilter.cs(6,7): error CS0246: The type or namespace name 'NUnit' could not be found (are you missing a using directive or an assembly reference?)\r\nLibrary\\PackageCache\\com.unity.test-framework@1.1.31\\UnityEngine.TestRunner\\TestRunner\\RuntimeTestRunnerFilter.cs(7,7): error CS0246: The type or namespace name 'NUnit' could not be found (are you missing a using directive or an assembly reference?)\r\nLibrary\\PackageCache\\com.unity.test-framework@1.1.31\\UnityEngine.TestRunner\\TestRunner\\SynchronousFilter.cs(4,7): error CS0246: The type or namespace name 'NUnit' could not be found (are you missing a using directive or an assembly reference?)\r\nLibrary\\PackageCache\\com.unity.test-framework@1.1.31\\UnityEngine.TestRunner\\TestRunner\\SynchronousFilter.cs(5,7): error CS0246: The type or namespace name 'NUnit' could not be found (are you missing a using directive or an assembly reference?)\r\nLibrary\\PackageCache\\com.unity.test-framework@1.1.31\\UnityEngine.TestRunner\\TestRunner\\TestEnumeratorWrapper.cs(4,7): error CS0246: The type or namespace name 'NUnit' could not be found (are you missing a using directive or an assembly reference?)\r\nLibrary\\PackageCache\\com.unity.test-framework@1.1.31\\UnityEngine.TestRunner\\TestRunner\\TestEnumeratorWrapper.cs(5,7): error CS0246: The type or namespace name 'NUnit' could not be found (are you missing a using directive or an assembly reference?)\r\nLibrary\\PackageCache\\com.unity.test-framework@1.1.31\\UnityEngine.TestRunner\\TestRunner\\TestEnumeratorWrapper.cs(6,7): error CS0246: The type or namespace name 'NUnit' could not be found (are you missing a using directive or an assembly reference?)\r\nLibrary\\PackageCache\\com.unity.test-framework@1.1.31\\UnityEngine.TestRunner\\TestRunner\\TestListenerWrapper.cs(1,7): error CS0246: The type or namespace name 'NUnit' could not be found (are you missing a using directive or an assembly reference?)\r\nLibrary\\PackageCache\\com.unity.test-framework@1.1.31\\UnityEngine.TestRunner\\Utils\\AssemblyProvider\\ITestAssemblyProvider.cs(1,7): error CS0246: The type or namespace name 'NUnit' could not be found (are you missing a using directive or an assembly reference?)\r\nLibrary\\PackageCache\\com.unity.test-framework@1.1.31\\UnityEngine.TestRunner\\Utils\\AssemblyProvider\\PlayerTestAssemblyProvider.cs(4,7): error CS0246: The type or namespace name 'NUnit' could not be found (are you missing a using directive or an assembly reference?)\r\nLibrary\\PackageCache\\com.unity.test-framework@1.1.31\\UnityEngine.TestRunner\\Utils\\CoroutineRunner.cs(3,7): error CS0246: The type or namespace name 'NUnit' could not be found (are you missing a using directive or an assembly reference?)\r\nLibrary\\PackageCache\\com.unity.test-framework@1.1.31\\UnityEngine.TestRunner\\Utils\\IOuterUnityTestAction.cs(2,7): error CS0246: The type or namespace name 'NUnit' could not be found (are you missing a using directive or an assembly reference?)\r\nLibrary\\PackageCache\\com.unity.test-framework@1.1.31\\UnityEngine.TestRunner\\Utils\\ITestRunCallback.cs(1,7): error CS0246: The type or namespace name 'NUnit' could not be found (are you missing a using directive or an assembly reference?)\r\nLibrary\\PackageCache\\com.unity.test-framework@1.1.31\\UnityEngine.TestRunner\\Utils\\TestRunCallbackListener.cs(5,7): error CS0246: The type or namespace name 'NUnit' could not be found (are you missing a using directive or an assembly reference?)\r\nLibrary\\PackageCache\\com.unity.test-framework@1.1.31\\UnityEngine.TestRunner\\Utils\\TestRunCallbackListener.cs(6,7): error CS0246: The type or namespace name 'NUnit' could not be found (are you missing a using directive or an assembly reference?)\r\nLibrary\\PackageCache\\com.unity.test-framework@1.1.31\\UnityEngine.TestRunner\\TestRunner\\RemoteHelpers\\IRemoteTestResultDataFactory.cs(8,63): error CS0246: The type or namespace name 'ITestResult' could not be found (are you missing a using directive or an assembly reference?)\r\nLibrary\\PackageCache\\com.unity.test-framework@1.1.31\\UnityEngine.TestRunner\\NUnitExtensions\\Filters\\AssemblyNameFilter.cs(7,41): error CS0246: The type or namespace name 'ValueMatchFilter' could not be found (are you missing a using directive or an assembly reference?)\r\nLibrary\\PackageCache\\com.unity.test-framework@1.1.31\\UnityEngine.TestRunner\\Assertions\\AllocatingGCMemoryConstraint.cs(34,49): error CS0246: The type or namespace name 'Constraint' could not be found (are you missing a using directive or an assembly reference?)\r\nLibrary\\PackageCache\\com.unity.test-framework@1.1.31\\UnityEngine.TestRunner\\TestRunner\\RemoteHelpers\\IRemoteTestResultDataFactory.cs(9,57): error CS0246: The type or namespace name 'ITest' could not be found (are you missing a using directive or an assembly reference?)\r\nLibrary\\PackageCache\\com.unity.test-framework@1.1.31\\UnityEngine.TestRunner\\Assertions\\ConstraintsExtensions.cs(16,76): error CS0246: The type or namespace name 'ConstraintExpression' could not be found (are you missing a using directive or an assembly reference?)\r\nLibrary\\PackageCache\\com.unity.test-framework@1.1.31\\UnityEngine.TestRunner\\NUnitExtensions\\Commands\\EnumerableApplyChangesToContextCommand.cs(11,61): error CS0246: The type or namespace name 'ApplyChangesToContextCommand' could not be found (are you missing a using directive or an assembly reference?)\r\nLibrary\\PackageCache\\com.unity.test-framework@1.1.31\\UnityEngine.TestRunner\\NUnitExtensions\\Filters\\AssemblyNameFilter.cs(11,36): error CS0246: The type or namespace name 'ITest' could not be found (are you missing a using directive or an assembly reference?)\r\nLibrary\\PackageCache\\com.unity.test-framework@1.1.31\\UnityEngine.TestRunner\\Assertions\\Is.cs(6,23): error CS0246: The type or namespace name 'NUnit' could not be found (are you missing a using directive or an assembly reference?)\r\nLibrary\\PackageCache\\com.unity.test-framework@1.1.31\\UnityEngine.TestRunner\\NUnitExtensions\\Filters\\AssemblyNameFilter.cs(20,35): error CS0115: 'AssemblyNameFilter.ElementName': no suitable method found to override\r\nLibrary\\PackageCache\\com.unity.test-framework@1.1.31\\UnityEngine.TestRunner\\NUnitExtensions\\Attributes\\TestEnumerator.cs(12,26): error CS0246: The type or namespace name 'ITestExecutionContext' could not be found (are you missing a using directive or an assembly reference?)\r\nLibrary\\PackageCache\\com.unity.test-framework@1.1.31\\UnityEngine.TestRunner\\NUnitExtensions\\Attributes\\UnityPlatformAttribute.cs(20,43): error CS0246: The type or namespace name 'NUnitAttribute' could not be found (are you missing a using directive or an assembly reference?)\r\nLibrary\\PackageCache\\com.unity.test-framework@1.1.31\\UnityEngine.TestRunner\\NUnitExtensions\\Attributes\\UnityPlatformAttribute.cs(20,59): error CS0246: The type or namespace name 'IApplyToTest' could not be found (are you missing a using directive or an assembly reference?)\r\nLibrary\\PackageCache\\com.unity.test-framework@1.1.31\\UnityEngine.TestRunner\\Assertions\\AllocatingGCMemoryConstraint.cs(53,17): error CS0246: The type or namespace name 'ConstraintResult' could not be found (are you missing a using directive or an assembly reference?)\r\nLibrary\\PackageCache\\com.unity.test-framework@1.1.31\\UnityEngine.TestRunner\\NUnitExtensions\\Commands\\EnumerableApplyChangesToContextCommand.cs(16,46): error CS0246: The type or namespace name 'ITestExecutionContext' could not be found (are you missing a using directive or an assembly reference?)\r\nLibrary\\PackageCache\\com.unity.test-framework@1.1.31\\UnityEngine.TestRunner\\Assertions\\AllocatingGCMemoryConstraint.cs(90,25): error CS0246: The type or namespace name 'ConstraintResult' could not be found (are you missing a using directive or an assembly reference?)\r\nLibrary\\PackageCache\\com.unity.test-framework@1.1.31\\UnityEngine.TestRunner\\NUnitExtensions\\Attributes\\TestEnumerator.cs(22,31): error CS0246: The type or namespace name 'ITestExecutionContext' could not be found (are you missing a using directive or an assembly reference?)\r\nLibrary\\PackageCache\\com.unity.test-framework@1.1.31\\UnityEngine.TestRunner\\NUnitExtensions\\Runner\\IEnumerableTestMethodCommand.cs(8,39): error CS0246: The type or namespace name 'ITestExecutionContext' could not be found (are you missing a using directive or an assembly reference?)\r\nLibrary\\PackageCache\\com.unity.test-framework@1.1.31\\UnityEngine.TestRunner\\NUnitExtensions\\Filters\\CategoryFilterExtended.cs(9,45): error CS0246: The type or namespace name 'CategoryFilter' could not be found (are you missing a using directive or an assembly reference?)\r\nLibrary\\PackageCache\\com.unity.test-framework@1.1.31\\UnityEngine.TestRunner\\NUnitExtensions\\Attributes\\TestEnumerator.cs(70,30): error CS0246: The type or namespace name 'ITestExecutionContext' could not be found (are you missing a using directive or an assembly reference?)\r\nLibrary\\PackageCache\\com.unity.test-framework@1.1.31\\UnityEngine.TestRunner\\NUnitExtensions\\Filters\\CategoryFilterExtended.cs(17,36): error CS0246: The type or namespace name 'ITest' could not be found (are you missing a using directive or an assembly reference?)\r\nLibrary\\PackageCache\\com.unity.test-framework@1.1.31\\UnityEngine.TestRunner\\NUnitExtensions\\Attributes\\UnityTestAttribute.cs(62,39): error CS0246: The type or namespace name 'CombiningStrategyAttribute' could not be found (are you missing a using directive or an assembly reference?)\r\nLibrary\\PackageCache\\com.unity.test-framework@1.1.31\\UnityEngine.TestRunner\\NUnitExtensions\\Attributes\\UnityTestAttribute.cs(62,67): error CS0246: The type or namespace name 'ISimpleTestBuilder' could not be found (are you missing a using directive or an assembly reference?)\r\nLibrary\\PackageCache\\com.unity.test-framework@1.1.31\\UnityEngine.TestRunner\\NUnitExtensions\\Attributes\\UnityTestAttribute.cs(62,87): error CS0246: The type or namespace name 'IImplyFixture' could not be found (are you missing a using directive or an assembly reference?)\r\nLibrary\\PackageCache\\com.unity.test-framework@1.1.31\\UnityEngine.TestRunner\\NUnitExtensions\\Attributes\\UnityTestAttribute.cs(62,102): error CS0246: The type or namespace name 'ITestBuilder' could not be found (are you missing a using directive or an assembly reference?)\r\nLibrary\\PackageCache\\com.unity.test-framework@1.1.31\\UnityEngine.TestRunner\\NUnitExtensions\\Attributes\\UnityTestAttribute.cs(62,116): error CS0246: The type or namespace name 'IApplyToTest' could not be found (are you missing a using directive or an assembly reference?)\r\nLibrary\\PackageCache\\com.unity.test-framework@1.1.31\\UnityEngine.TestRunner\\Assertions\\AllocatingGCMemoryConstraint.cs(112,59): error CS0246: The type or namespace name 'ActualValueDelegate<>' could not be found (are you missing a using directive or an assembly reference?)\r\nLibrary\\PackageCache\\com.unity.test-framework@1.1.31\\UnityEngine.TestRunner\\Assertions\\AllocatingGCMemoryConstraint.cs(112,25): error CS0246: The type or namespace name 'ConstraintResult' could not be found (are you missing a using directive or an assembly reference?)\r\nLibrary\\PackageCache\\com.unity.test-framework@1.1.31\\UnityEngine.TestRunner\\Assertions\\AllocatingGCMemoryConstraint.cs(90,42): error CS0115: 'AllocatingGCMemoryConstraint.ApplyTo(object)': no suitable method found to override\r\nLibrary\\PackageCache\\com.unity.test-framework@1.1.31\\UnityEngine.TestRunner\\Assertions\\AllocatingGCMemoryConstraint.cs(123,32): error CS0115: 'AllocatingGCMemoryConstraint.Description': no suitable method found to override\r\nLibrary\\PackageCache\\com.unity.test-framework@1.1.31\\UnityEngine.TestRunner\\NUnitExtensions\\Attributes\\TestEnumerator.cs(72,38): error CS0246: The type or namespace name 'ITestExecutionContext' could not be found (are you missing a using directive or an assembly reference?)\r\nLibrary\\PackageCache\\com.unity.test-framework@1.1.31\\UnityEngine.TestRunner\\NUnitExtensions\\Commands\\EnumerableApplyChangesToContextCommand.cs(13,55): error CS0246: The type or namespace name 'TestCommand' could not be found (are you missing a using directive or an assembly reference?)\r\nLibrary\\PackageCache\\com.unity.test-framework@1.1.31\\UnityEngine.TestRunner\\NUnitExtensions\\Commands\\EnumerableApplyChangesToContextCommand.cs(13,93): error CS0246: The type or namespace name 'IApplyToContext' could not be found (are you missing a using directive or an assembly reference?)\r\nLibrary\\PackageCache\\com.unity.test-framework@1.1.31\\UnityEngine.TestRunner\\NUnitExtensions\\Filters\\FullNameFilter.cs(7,37): error CS0246: The type or namespace name 'NUnit' could not be found (are you missing a using directive or an assembly reference?)\r\nLibrary\\PackageCache\\com.unity.test-framework@1.1.31\\UnityEngine.TestRunner\\Assertions\\AllocatingGCMemoryConstraint.cs(36,50): error CS0246: The type or namespace name 'ConstraintResult' could not be found (are you missing a using directive or an assembly reference?)\r\nLibrary\\PackageCache\\com.unity.test-framework@1.1.31\\UnityEngine.TestRunner\\TestRunner\\RemoteHelpers\\RemoteTestData.cs(23,16): error CS0246: The type or namespace name 'RunState' could not be found (are you missing a using directive or an assembly reference?)\r\nLibrary\\PackageCache\\com.unity.test-framework@1.1.31\\UnityEngine.TestRunner\\NUnitExtensions\\Filters\\FullNameFilter.cs(13,36): error CS0246: The type or namespace name 'ITest' could not be found (are you missing a using directive or an assembly reference?)\r\nLibrary\\PackageCache\\com.unity.test-framework@1.1.31\\UnityEngine.TestRunner\\NUnitExtensions\\Filters\\FullNameFilter.cs(18,35): error CS0115: 'FullNameFilter.ElementName': no suitable method found to override\r\nLibrary\\PackageCache\\com.unity.test-framework@1.1.31\\UnityEngine.TestRunner\\TestRunner\\RemoteHelpers\\RemoteTestData.cs(31,33): error CS0246: The type or namespace name 'ITest' could not be found (are you missing a using directive or an assembly reference?)\r\nLibrary\\PackageCache\\com.unity.test-framework@1.1.31\\UnityEngine.TestRunner\\NUnitExtensions\\Commands\\EnumerableRepeatedTestCommand.cs(12,52): error CS0246: The type or namespace name 'DelegatingTestCommand' could not be found (are you missing a using directive or an assembly reference?)\r\nLibrary\\PackageCache\\com.unity.test-framework@1.1.31\\UnityEngine.TestRunner\\Assertions\\AllocatingGCMemoryConstraint.cs(39,45): error CS0246: The type or namespace name 'IConstraint' could not be found (are you missing a using directive or an assembly reference?)\r\nLibrary\\PackageCache\\com.unity.test-framework@1.1.31\\UnityEngine.TestRunner\\NUnitExtensions\\Attributes\\UnityTestAttribute.cs(79,20): error CS0246: The type or namespace name 'ISimpleTestBuilder' could not be found (are you missing a using directive or an assembly reference?)\r\nLibrary\\PackageCache\\com.unity.test-framework@1.1.31\\UnityEngine.TestRunner\\NUnitExtensions\\Attributes\\UnityTestAttribute.cs(96,33): error CS0246: The type or namespace name 'ITestBuilder' could not be found (are you missing a using directive or an assembly reference?)\r\nLibrary\\PackageCache\\com.unity.test-framework@1.1.31\\UnityEngine.TestRunner\\Assertions\\AllocatingGCMemoryConstraint.cs(44,49): error CS0246: The type or namespace name 'MessageWriter' could not be found (are you missing a using directive or an assembly reference?)\r\nLibrary\\PackageCache\\com.unity.test-framework@1.1.31\\UnityEngine.TestRunner\\NUnitExtensions\\Attributes\\UnityTestAttribute.cs(61,6): error CS0641: Attribute 'AttributeUsage' is only valid on classes derived from System.Attribute\r\nLibrary\\PackageCache\\com.unity.test-framework@1.1.31\\UnityEngine.TestRunner\\Assertions\\InvalidSignatureException.cs(6,48): error CS0246: The type or namespace name 'ResultStateException' could not be found (are you missing a using directive or an assembly reference?)\r\nLibrary\\PackageCache\\com.unity.test-framework@1.1.31\\UnityEngine.TestRunner\\TestRunner\\RemoteHelpers\\RemoteTestResultData.cs(15,16): error CS0246: The type or namespace name 'TestStatus' could not be found (are you missing a using directive or an assembly reference?)\r\nLibrary\\PackageCache\\com.unity.test-framework@1.1.31\\UnityEngine.TestRunner\\NUnitExtensions\\TestResultExtensions.cs(10,57): error CS0246: The type or namespace name 'TestResult' could not be found (are you missing a using directive or an assembly reference?)\r\nLibrary\\PackageCache\\com.unity.test-framework@1.1.31\\UnityEngine.TestRunner\\NUnitExtensions\\TestResultExtensions.cs(10,109): error CS0246: The type or namespace name 'ResultState' could not be found (are you missing a using directive or an assembly reference?)\r\nLibrary\\PackageCache\\com.unity.test-framework@1.1.31\\UnityEngine.TestRunner\\NUnitExtensions\\Commands\\EnumerableRepeatedTestCommand.cs(23,44): error CS0246: The type or namespace name 'ITestExecutionContext' could not be found (are you missing a using directive or an assembly reference?)\r\nLibrary\\PackageCache\\com.unity.test-framework@1.1.31\\UnityEngine.TestRunner\\NUnitExtensions\\Commands\\EnumerableRepeatedTestCommand.cs(23,25): error CS0246: The type or namespace name 'TestResult' could not be found (are you missing a using directive or an assembly reference?)\r\nLibrary\\PackageCache\\com.unity.test-framework@1.1.31\\UnityEngine.TestRunner\\Assertions\\InvalidSignatureException.cs(13,37): error CS0115: 'InvalidSignatureException.ResultState': no suitable method found to override\r\nLibrary\\PackageCache\\com.unity.test-framework@1.1.31\\UnityEngine.TestRunner\\NUnitExtensions\\Runner\\CompositeWorkItem.cs(268,34): error CS0246: The type or namespace name 'ResultState' could not be found (are you missing a using directive or an assembly reference?)\r\nLibrary\\PackageCache\\com.unity.test-framework@1.1.31\\UnityEngine.TestRunner\\Assertions\\InvalidSignatureException.cs(13,25): error CS0246: The type or namespace name 'ResultState' could not be found (are you missing a using directive or an assembly reference?)\r\nLibrary\\PackageCache\\com.unity.test-framework@1.1.31\\UnityEngine.TestRunner\\NUnitExtensions\\TestResultExtensions.cs(53,53): error CS0246: The type or namespace name 'TestResult' could not be found (are you missing a using directive or an assembly reference?)\r\nLibrary\\PackageCache\\com.unity.test-framework@1.1.31\\UnityEngine.TestRunner\\NUnitExtensions\\TestResultExtensions.cs(53,105): error CS0246: The type or namespace name 'ResultState' could not be found (are you missing a using directive or an assembly reference?)\r\nLibrary\\PackageCache\\com.unity.test-framework@1.1.31\\UnityEngine.TestRunner\\Assertions\\UnexpectedLogMessageException.cs(7,52): error CS0246: The type or namespace name 'ResultStateException' could not be found (are you missing a using directive or an assembly reference?)\r\nLibrary\\PackageCache\\com.unity.test-framework@1.1.31\\UnityEngine.TestRunner\\NUnitExtensions\\Commands\\EnumerableRepeatedTestCommand.cs(28,46): error CS0246: The type or namespace name 'ITestExecutionContext' could not be found (are you missing a using directive or an assembly reference?)\r\nLibrary\\PackageCache\\com.unity.test-framework@1.1.31\\UnityEngine.TestRunner\\NUnitExtensions\\TestExtensions.cs(12,67): error CS0246: The type or namespace name 'ITest' could not be found (are you missing a using directive or an assembly reference?)\r\nLibrary\\PackageCache\\com.unity.test-framework@1.1.31\\UnityEngine.TestRunner\\TestRunner\\RemoteHelpers\\RemoteTestResultData.cs(31,39): error CS0246: The type or namespace name 'ITestResult' could not be found (are you missing a using directive or an assembly reference?)\r\nLibrary\\PackageCache\\com.unity.test-framework@1.1.31\\UnityEngine.TestRunner\\Assertions\\UnhandledLogMessageException.cs(8,51): error CS0246: The type or namespace name 'ResultStateException' could not be found (are you missing a using directive or an assembly reference?)\r\nLibrary\\PackageCache\\com.unity.test-framework@1.1.31\\UnityEngine.TestRunner\\Assertions\\UnexpectedLogMessageException.cs(22,37): error CS0115: 'UnexpectedLogMessageException.ResultState': no suitable method found to override\r\nLibrary\\PackageCache\\com.unity.test-framework@1.1.31\\UnityEngine.TestRunner\\Assertions\\UnexpectedLogMessageException.cs(27,32): error CS0115: 'UnexpectedLogMessageException.StackTrace': no suitable method found to override\r\nLibrary\\PackageCache\\com.unity.test-framework@1.1.31\\UnityEngine.TestRunner\\NUnitExtensions\\Commands\\EnumerableRepeatedTestCommand.cs(16,46): error CS0246: The type or namespace name 'RepeatAttribute' could not be found (are you missing a using directive or an assembly reference?)\r\nLibrary\\PackageCache\\com.unity.test-framework@1.1.31\\UnityEngine.TestRunner\\Assertions\\UnexpectedLogMessageException.cs(22,25): error CS0246: The type or namespace name 'ResultState' could not be found (are you missing a using directive or an assembly reference?)\r\nLibrary\\PackageCache\\com.unity.test-framework@1.1.31\\UnityEngine.TestRunner\\NUnitExtensions\\Attributes\\UnityTestAttribute.cs(108,37): error CS0246: The type or namespace name 'IMethodInfo' could not be found (are you missing a using directive or an assembly reference?)\r\nLibrary\\PackageCache\\com.unity.test-framework@1.1.31\\UnityEngine.TestRunner\\NUnitExtensions\\Attributes\\UnityTestAttribute.cs(108,57): error CS0246: The type or namespace name 'Test' could not be found (are you missing a using directive or an assembly reference?)\r\nLibrary\\PackageCache\\com.unity.test-framework@1.1.31\\UnityEngine.TestRunner\\NUnitExtensions\\Attributes\\UnityTestAttribute.cs(108,9): error CS0246: The type or namespace name 'TestMethod' could not be found (are you missing a using directive or an assembly reference?)\r\nLibrary\\PackageCache\\com.unity.test-framework@1.1.31\\UnityEngine.TestRunner\\NUnitExtensions\\Runner\\CompositeWorkItem.cs(274,35): error CS0246: The type or namespace name 'TestSuite' could not be found (are you missing a using directive or an assembly reference?)\r\nLibrary\\PackageCache\\com.unity.test-framework@1.1.31\\UnityEngine.TestRunner\\NUnitExtensions\\Runner\\CompositeWorkItem.cs(274,52): error CS0246: The type or namespace name 'ResultState' could not be found (are you missing a using directive or an assembly reference?)\r\nLibrary\\PackageCache\\com.unity.test-framework@1.1.31\\UnityEngine.TestRunner\\NUnitExtensions\\TestExtensions.cs(26,45): error CS0246: The type or namespace name 'ITest' could not be found (are you missing a using directive or an assembly reference?)\r\nLibrary\\PackageCache\\com.unity.test-framework@1.1.31\\UnityEngine.TestRunner\\Assertions\\UnityTestTimeoutException.cs(6,48): error CS0246: The type or namespace name 'ResultStateException' could not be found (are you missing a using directive or an assembly reference?)\r\nLibrary\\PackageCache\\com.unity.test-framework@1.1.31\\UnityEngine.TestRunner\\TestRunner\\RemoteHelpers\\RemoteTestResultDataFactory.cs(10,70): error CS0246: The type or namespace name 'ITestResult' could not be found (are you missing a using directive or an assembly reference?)\r\nLibrary\\PackageCache\\com.unity.test-framework@1.1.31\\UnityEngine.TestRunner\\Assertions\\UnhandledLogMessageException.cs(25,37): error CS0115: 'UnhandledLogMessageException.ResultState': no suitable method found to override\r\nLibrary\\PackageCache\\com.unity.test-framework@1.1.31\\UnityEngine.TestRunner\\Assertions\\UnhandledLogMessageException.cs(30,32): error CS0115: 'UnhandledLogMessageException.StackTrace': no suitable method found to override\r\nLibrary\\PackageCache\\com.unity.test-framework@1.1.31\\UnityEngine.TestRunner\\NUnitExtensions\\Commands\\EnumerableRetryTestCommand.cs(12,49): error CS0246: The type or namespace name 'DelegatingTestCommand' could not be found (are you missing a using directive or an assembly reference?)\r\nLibrary\\PackageCache\\com.unity.test-framework@1.1.31\\UnityEngine.TestRunner\\NUnitExtensions\\Attributes\\UnityTestAttribute.cs(120,44): error CS0246: The type or namespace name 'TestMethod' could not be found (are you missing a using directive or an assembly reference?)\r\nLibrary\\PackageCache\\com.unity.test-framework@1.1.31\\UnityEngine.TestRunner\\Assertions\\UnhandledLogMessageException.cs(25,25): error CS0246: The type or namespace name 'ResultState' could not be found (are you missing a using directive or an assembly reference?)\r\nLibrary\\PackageCache\\com.unity.test-framework@1.1.31\\UnityEngine.TestRunner\\Assertions\\UnityTestTimeoutException.cs(18,37): error CS0115: 'UnityTestTimeoutException.ResultState': no suitable method found to override\r\nLibrary\\PackageCache\\com.unity.test-framework@1.1.31\\UnityEngine.TestRunner\\Assertions\\UnityTestTimeoutException.cs(23,32): error CS0115: 'UnityTestTimeoutException.StackTrace': no suitable method found to override\r\nLibrary\\PackageCache\\com.unity.test-framework@1.1.31\\UnityEngine.TestRunner\\TestRunner\\RemoteHelpers\\RemoteTestResultDataFactory.cs(21,64): error CS0246: The type or namespace name 'ITest' could not be found (are you missing a using directive or an assembly reference?)\r\nLibrary\\PackageCache\\com.unity.test-framework@1.1.31\\UnityEngine.TestRunner\\NUnitExtensions\\TestExtensions.cs(32,66): error CS0246: The type or namespace name 'ITest' could not be found (are you missing a using directive or an assembly reference?)\r\nLibrary\\PackageCache\\com.unity.test-framework@1.1.31\\UnityEngine.TestRunner\\Assertions\\UnityTestTimeoutException.cs(18,25): error CS0246: The type or namespace name 'ResultState' could not be found (are you missing a using directive or an assembly reference?)\r\nLibrary\\PackageCache\\com.unity.test-framework@1.1.31\\UnityEngine.TestRunner\\NUnitExtensions\\BaseDelegator.cs(13,19): error CS0246: The type or namespace name 'ITestExecutionContext' could not be found (are you missing a using directive or an assembly reference?)\r\nLibrary\\PackageCache\\com.unity.test-framework@1.1.31\\UnityEngine.TestRunner\\NUnitExtensions\\Attributes\\UnityTestAttribute.cs(128,51): error CS0246: The type or namespace name 'IMethodInfo' could not be found (are you missing a using directive or an assembly reference?)\r\nLibrary\\PackageCache\\com.unity.test-framework@1.1.31\\UnityEngine.TestRunner\\TestRunner\\RemoteHelpers\\RemoteTestResultDataFactory.cs(35,53): error CS0246: The type or namespace name 'ITest' could not be found (are you missing a using directive or an assembly reference?)\r\nLibrary\\PackageCache\\com.unity.test-framework@1.1.31\\UnityEngine.TestRunner\\NUnitExtensions\\Runner\\CompositeWorkItem.cs(19,26): error CS0246: The type or namespace name 'TestSuite' could not be found (are you missing a using directive or an assembly reference?)\r\nLibrary\\PackageCache\\com.unity.test-framework@1.1.31\\UnityEngine.TestRunner\\NUnitExtensions\\TestExtensions.cs(42,56): error CS0246: The type or namespace name 'ITest' could not be found (are you missing a using directive or an assembly reference?)\r\nLibrary\\PackageCache\\com.unity.test-framework@1.1.31\\UnityEngine.TestRunner\\NUnitExtensions\\Attributes\\UnityCombinatorialStrategy.cs(8,49): error CS0246: The type or namespace name 'CombinatorialStrategy' could not be found (are you missing a using directive or an assembly reference?)\r\nLibrary\\PackageCache\\com.unity.test-framework@1.1.31\\UnityEngine.TestRunner\\NUnitExtensions\\Attributes\\UnityCombinatorialStrategy.cs(8,72): error CS0246: The type or namespace name 'ICombiningStrategy' could not be found (are you missing a using directive or an assembly reference?)\r\nLibrary\\PackageCache\\com.unity.test-framework@1.1.31\\UnityEngine.TestRunner\\TestRunner\\ITestRunnerListener.cs(9,25): error CS0246: The type or namespace name 'ITest' could not be found (are you missing a using directive or an assembly reference?)\r\nLibrary\\PackageCache\\com.unity.test-framework@1.1.31\\UnityEngine.TestRunner\\TestRunner\\RemoteHelpers\\RemoteTestResultDataFactory.cs(43,72): error CS0246: The type or namespace name 'ITestResult' could not be found (are you missing a using directive or an assembly reference?)\r\nLibrary\\PackageCache\\com.unity.test-framework@1.1.31\\UnityEngine.TestRunner\\NUnitExtensions\\Attributes\\UnityTestAttribute.cs(138,37): error CS0246: The type or namespace name 'Test' could not be found (are you missing a using directive or an assembly reference?)\r\nLibrary\\PackageCache\\com.unity.test-framework@1.1.31\\UnityEngine.TestRunner\\NUnitExtensions\\Commands\\EnumerableRetryTestCommand.cs(23,44): error CS0246: The type or namespace name 'ITestExecutionContext' could not be found (are you missing a using directive or an assembly reference?)\r\nLibrary\\PackageCache\\com.unity.test-framework@1.1.31\\UnityEngine.TestRunner\\NUnitExtensions\\Commands\\EnumerableRetryTestCommand.cs(23,25): error CS0246: The type or namespace name 'TestResult' could not be found (are you missing a using directive or an assembly reference?)\r\nLibrary\\PackageCache\\com.unity.test-framework@1.1.31\\UnityEngine.TestRunner\\NUnitExtensions\\TestExtensions.cs(63,46): error CS0246: The type or namespace name 'ITest' could not be found (are you missing a using directive or an assembly reference?)\r\nLibrary\\PackageCache\\com.unity.test-framework@1.1.31\\UnityEngine.TestRunner\\TestRunner\\ITestRunnerListener.cs(10,26): error CS0246: The type or namespace name 'ITestResult' could not be found (are you missing a using directive or an assembly reference?)\r\nLibrary\\PackageCache\\com.unity.test-framework@1.1.31\\UnityEngine.TestRunner\\NUnitExtensions\\Attributes\\UnityPlatformAttribute.cs(19,6): error CS0641: Attribute 'AttributeUsage' is only valid on classes derived from System.Attribute\r\nLibrary\\PackageCache\\com.unity.test-framework@1.1.31\\UnityEngine.TestRunner\\NUnitExtensions\\Attributes\\UnityCombinatorialStrategy.cs(10,32): error CS0246: The type or namespace name 'ITestCaseData' could not be found (are you missing a using directive or an assembly reference?)\r\nLibrary\\PackageCache\\com.unity.test-framework@1.1.31\\UnityEngine.TestRunner\\NUnitExtensions\\Runner\\CompositeWorkItem.cs(20,26): error CS0246: The type or namespace name 'TestSuiteResult' could not be found (are you missing a using directive or an assembly reference?)\r\nLibrary\\PackageCache\\com.unity.test-framework@1.1.31\\UnityEngine.TestRunner\\NUnitExtensions\\Commands\\EnumerableRetryTestCommand.cs(28,46): error CS0246: The type or namespace name 'ITestExecutionContext' could not be found (are you missing a using directive or an assembly reference?)\r\nLibrary\\PackageCache\\com.unity.test-framework@1.1.31\\UnityEngine.TestRunner\\TestRunner\\ITestRunnerListener.cs(11,26): error CS0246: The type or namespace name 'ITest' could not be found (are you missing a using directive or an assembly reference?)\r\nLibrary\\PackageCache\\com.unity.test-framework@1.1.31\\UnityEngine.TestRunner\\NUnitExtensions\\TestExtensions.cs(69,47): error CS0246: The type or namespace name 'ITest' could not be found (are you missing a using directive or an assembly reference?)\r\nLibrary\\PackageCache\\com.unity.test-framework@1.1.31\\UnityEngine.TestRunner\\NUnitExtensions\\Attributes\\UnityTestAttribute.cs(71,26): error CS0246: The type or namespace name 'NUnitTestCaseBuilder' could not be found (are you missing a using directive or an assembly reference?)\r\nLibrary\\PackageCache\\com.unity.test-framework@1.1.31\\UnityEngine.TestRunner\\TestRunner\\ITestRunnerListener.cs(12,27): error CS0246: The type or namespace name 'ITestResult' could not be found (are you missing a using directive or an assembly reference?)\r\nLibrary\\PackageCache\\com.unity.test-framework@1.1.31\\UnityEngine.TestRunner\\Utils\\ITestRunCallback.cs(14,25): error CS0246: The type or namespace name 'ITest' could not be found (are you missing a using directive or an assembly reference?)\r\nLibrary\\PackageCache\\com.unity.test-framework@1.1.31\\UnityEngine.TestRunner\\Utils\\ITestRunCallback.cs(19,26): error CS0246: The type or namespace name 'ITestResult' could not be found (are you missing a using directive or an assembly reference?)\r\nLibrary\\PackageCache\\com.unity.test-framework@1.1.31\\UnityEngine.TestRunner\\NUnitExtensions\\TestExtensions.cs(75,39): error CS0246: The type or namespace name 'ITest' could not be found (are you missing a using directive or an assembly reference?)\r\nLibrary\\PackageCache\\com.unity.test-framework@1.1.31\\UnityEngine.TestRunner\\Utils\\ITestRunCallback.cs(24,26): error CS0246: The type or namespace name 'ITest' could not be found (are you missing a using directive or an assembly reference?)\r\nLibrary\\PackageCache\\com.unity.test-framework@1.1.31\\UnityEngine.TestRunner\\Utils\\ITestRunCallback.cs(29,27): error CS0246: The type or namespace name 'ITestResult' could not be found (are you missing a using directive or an assembly reference?)\r\nLibrary\\PackageCache\\com.unity.test-framework@1.1.31\\UnityEngine.TestRunner\\NUnitExtensions\\Commands\\EnumerableRetryTestCommand.cs(16,43): error CS0246: The type or namespace name 'RetryAttribute' could not be found (are you missing a using directive or an assembly reference?)\r\nLibrary\\PackageCache\\com.unity.test-framework@1.1.31\\UnityEngine.TestRunner\\TestRunner\\Callbacks\\PlayerQuitHandler.cs(29,32): error CS0246: The type or namespace name 'ITest' could not be found (are you missing a using directive or an assembly reference?)\r\nLibrary\\PackageCache\\com.unity.test-framework@1.1.31\\UnityEngine.TestRunner\\NUnitExtensions\\ConstructDelegator.cs(24,19): error CS0246: The type or namespace name 'ITestExecutionContext' could not be found (are you missing a using directive or an assembly reference?)\r\nLibrary\\PackageCache\\com.unity.test-framework@1.1.31\\UnityEngine.TestRunner\\NUnitExtensions\\Attributes\\UnitySetUpAttribute.cs(34,40): error CS0246: The type or namespace name 'NUnitAttribute' could not be found (are you missing a using directive or an assembly reference?)\r\nLibrary\\PackageCache\\com.unity.test-framework@1.1.31\\UnityEngine.TestRunner\\TestRunner\\ITestRunnerListener.cs(16,51): error CS0246: The type or namespace name 'ITestResult' could not be found (are you missing a using directive or an assembly reference?)\r\nLibrary\\PackageCache\\com.unity.test-framework@1.1.31\\UnityEngine.TestRunner\\NUnitExtensions\\Runner\\CompositeWorkItem.cs(21,26): error CS0246: The type or namespace name 'ITestFilter' could not be found (are you missing a using directive or an assembly reference?)\r\nLibrary\\PackageCache\\com.unity.test-framework@1.1.31\\UnityEngine.TestRunner\\TestRunner\\Callbacks\\PlayerQuitHandler.cs(33,33): error CS0246: The type or namespace name 'ITestResult' could not be found (are you missing a using directive or an assembly reference?)\r\nLibrary\\PackageCache\\com.unity.test-framework@1.1.31\\UnityEngine.TestRunner\\NUnitExtensions\\TestExtensions.cs(89,49): error CS0246: The type or namespace name 'ITest' could not be found (are you missing a using directive or an assembly reference?)\r\nLibrary\\PackageCache\\com.unity.test-framework@1.1.31\\UnityEngine.TestRunner\\NUnitExtensions\\Attributes\\UnitySetUpAttribute.cs(33,6): error CS0641: Attribute 'AttributeUsage' is only valid on classes derived from System.Attribute\r\nLibrary\\PackageCache\\com.unity.test-framework@1.1.31\\UnityEngine.TestRunner\\NUnitExtensions\\Attributes\\UnityPlatformAttribute.cs(56,33): error CS0246: The type or namespace name 'Test' could not be found (are you missing a using directive or an assembly reference?)\r\nLibrary\\PackageCache\\com.unity.test-framework@1.1.31\\UnityEngine.TestRunner\\TestRunner\\Callbacks\\PlayerQuitHandler.cs(37,33): error CS0246: The type or namespace name 'ITest' could not be found (are you missing a using directive or an assembly reference?)\r\nLibrary\\PackageCache\\com.unity.test-framework@1.1.31\\UnityEngine.TestRunner\\NUnitExtensions\\IAsyncTestAssemblyBuilder.cs(8,52): error CS0246: The type or namespace name 'ITestAssemblyBuilder' could not be found (are you missing a using directive or an assembly reference?)\r\nLibrary\\PackageCache\\com.unity.test-framework@1.1.31\\UnityEngine.TestRunner\\NUnitExtensions\\TestExtensions.cs(105,47): error CS0246: The type or namespace name 'ITest' could not be found (are you missing a using directive or an assembly reference?)\r\nLibrary\\PackageCache\\com.unity.test-framework@1.1.31\\UnityEngine.TestRunner\\TestRunner\\ITestRunnerListener.cs(19,50): error CS0246: The type or namespace name 'ITest' could not be found (are you missing a using directive or an assembly reference?)\r\nLibrary\\PackageCache\\com.unity.test-framework@1.1.31\\UnityEngine.TestRunner\\NUnitExtensions\\Attributes\\UnityTearDownAttribute.cs(34,43): error CS0246: The type or namespace name 'NUnitAttribute' could not be found (are you missing a using directive or an assembly reference?)\r\nLibrary\\PackageCache\\com.unity.test-framework@1.1.31\\UnityEngine.TestRunner\\TestRunner\\Callbacks\\PlayerQuitHandler.cs(41,34): error CS0246: The type or namespace name 'ITestResult' could not be found (are you missing a using directive or an assembly reference?)\r\nLibrary\\PackageCache\\com.unity.test-framework@1.1.31\\UnityEngine.TestRunner\\NUnitExtensions\\Runner\\CompositeWorkItem.cs(22,17): error CS0246: The type or namespace name 'TestCommand' could not be found (are you missing a using directive or an assembly reference?)\r\nLibrary\\PackageCache\\com.unity.test-framework@1.1.31\\UnityEngine.TestRunner\\NUnitExtensions\\Attributes\\UnityTestAttribute.cs(79,49): error CS0246: The type or namespace name 'IMethodInfo' could not be found (are you missing a using directive or an assembly reference?)\r\nLibrary\\PackageCache\\com.unity.test-framework@1.1.31\\UnityEngine.TestRunner\\NUnitExtensions\\Attributes\\UnityTestAttribute.cs(79,69): error CS0246: The type or namespace name 'Test' could not be found (are you missing a using directive or an assembly reference?)\r\nLibrary\\PackageCache\\com.unity.test-framework@1.1.31\\UnityEngine.TestRunner\\NUnitExtensions\\Attributes\\UnityTestAttribute.cs(79,9): error CS0246: The type or namespace name 'TestMethod' could not be found (are you missing a using directive or an assembly reference?)\r\nLibrary\\PackageCache\\com.unity.test-framework@1.1.31\\UnityEngine.TestRunner\\NUnitExtensions\\Attributes\\UnityTestAttribute.cs(79,20): error CS0538: 'ISimpleTestBuilder' in explicit interface declaration is not an interface\r\nLibrary\\PackageCache\\com.unity.test-framework@1.1.31\\UnityEngine.TestRunner\\NUnitExtensions\\Attributes\\UnityTearDownAttribute.cs(33,6): error CS0641: Attribute 'AttributeUsage' is only valid on classes derived from System.Attribute\r\nLibrary\\PackageCache\\com.unity.test-framework@1.1.31\\UnityEngine.TestRunner\\NUnitExtensions\\TestExtensions.cs(122,61): error CS0246: The type or namespace name 'ITest' could not be found (are you missing a using directive or an assembly reference?)\r\nLibrary\\PackageCache\\com.unity.test-framework@1.1.31\\UnityEngine.TestRunner\\TestRunner\\ITestRunnerListener.cs(22,50): error CS0246: The type or namespace name 'ITestResult' could not be found (are you missing a using directive or an assembly reference?)\r\nLibrary\\PackageCache\\com.unity.test-framework@1.1.31\\UnityEngine.TestRunner\\NUnitExtensions\\Commands\\BeforeAfterTestCommandBase.cs(17,61): error CS0246: The type or namespace name 'DelegatingTestCommand' could not be found (are you missing a using directive or an assembly reference?)\r\nLibrary\\PackageCache\\com.unity.test-framework@1.1.31\\UnityEngine.TestRunner\\NUnitExtensions\\IAsyncTestAssemblyBuilder.cs(10,21): error CS0246: The type or namespace name 'ITest' could not be found (are you missing a using directive or an assembly reference?)\r\nLibrary\\PackageCache\\com.unity.test-framework@1.1.31\\UnityEngine.TestRunner\\NUnitExtensions\\Runner\\CompositeWorkItem.cs(23,17): error CS0246: The type or namespace name 'TestCommand' could not be found (are you missing a using directive or an assembly reference?)\r\nLibrary\\PackageCache\\com.unity.test-framework@1.1.31\\UnityEngine.TestRunner\\NUnitExtensions\\TestExtensions.cs(137,45): error CS0246: The type or namespace name 'ITest' could not be found (are you missing a using directive or an assembly reference?)\r\nLibrary\\PackageCache\\com.unity.test-framework@1.1.31\\UnityEngine.TestRunner\\TestRunner\\ITestRunnerListener.cs(25,49): error CS0246: The type or namespace name 'ITest' could not be found (are you missing a using directive or an assembly reference?)\r\nLibrary\\PackageCache\\com.unity.test-framework@1.1.31\\UnityEngine.TestRunner\\NUnitExtensions\\Commands\\ImmediateEnumerableCommand.cs(9,49): error CS0246: The type or namespace name 'DelegatingTestCommand' could not be found (are you missing a using directive or an assembly reference?)\r\nLibrary\\PackageCache\\com.unity.test-framework@1.1.31\\UnityEngine.TestRunner\\TestRunner\\Callbacks\\PlayModeRunnerCallback.cs(11,33): error CS0246: The type or namespace name 'ITestResult' could not be found (are you missing a using directive or an assembly reference?)\r\nLibrary\\PackageCache\\com.unity.test-framework@1.1.31\\UnityEngine.TestRunner\\TestRunner\\Callbacks\\PlayModeRunnerCallback.cs(22,34): error CS0246: The type or namespace name 'ITestResult' could not be found (are you missing a using directive or an assembly reference?)\r\nLibrary\\PackageCache\\com.unity.test-framework@1.1.31\\UnityEngine.TestRunner\\NUnitExtensions\\TestExtensions.cs(142,49): error CS0246: The type or namespace name 'ITest' could not be found (are you missing a using directive or an assembly reference?)\r\nLibrary\\PackageCache\\com.unity.test-framework@1.1.31\\UnityEngine.TestRunner\\Utils\\TestRunCallbackListener.cs(14,32): error CS0246: The type or namespace name 'ITest' could not be found (are you missing a using directive or an assembly reference?)\r\nLibrary\\PackageCache\\com.unity.test-framework@1.1.31\\UnityEngine.TestRunner\\TestRunner\\Callbacks\\PlayModeRunnerCallback.cs(32,32): error CS0246: The type or namespace name 'ITest' could not be found (are you missing a using directive or an assembly reference?)\r\nLibrary\\PackageCache\\com.unity.test-framework@1.1.31\\UnityEngine.TestRunner\\NUnitExtensions\\Attributes\\UnityTestAttribute.cs(96,56): error CS0246: The type or namespace name 'IMethodInfo' could not be found (are you missing a using directive or an assembly reference?)\r\nLibrary\\PackageCache\\com.unity.test-framework@1.1.31\\UnityEngine.TestRunner\\NUnitExtensions\\Attributes\\UnityTestAttribute.cs(96,76): error CS0246: The type or namespace name 'Test' could not be found (are you missing a using directive or an assembly reference?)\r\nLibrary\\PackageCache\\com.unity.test-framework@1.1.31\\UnityEngine.TestRunner\\NUnitExtensions\\Attributes\\UnityTestAttribute.cs(96,21): error CS0246: The type or namespace name 'TestMethod' could not be found (are you missing a using directive or an assembly reference?)\r\nLibrary\\PackageCache\\com.unity.test-framework@1.1.31\\UnityEngine.TestRunner\\NUnitExtensions\\Attributes\\UnityTestAttribute.cs(96,33): error CS0538: 'ITestBuilder' in explicit interface declaration is not an interface\r\nLibrary\\PackageCache\\com.unity.test-framework@1.1.31\\UnityEngine.TestRunner\\TestRunner\\Callbacks\\PlayModeRunnerCallback.cs(37,33): error CS0246: The type or namespace name 'ITest' could not be found (are you missing a using directive or an assembly reference?)\r\nLibrary\\PackageCache\\com.unity.test-framework@1.1.31\\UnityEngine.TestRunner\\NUnitExtensions\\TestExtensions.cs(150,47): error CS0246: The type or namespace name 'ITest' could not be found (are you missing a using directive or an assembly reference?)\r\nLibrary\\PackageCache\\com.unity.test-framework@1.1.31\\UnityEngine.TestRunner\\Utils\\TestRunCallbackListener.cs(48,33): error CS0246: The type or namespace name 'ITestResult' could not be found (are you missing a using directive or an assembly reference?)\r\nLibrary\\PackageCache\\com.unity.test-framework@1.1.31\\UnityEngine.TestRunner\\NUnitExtensions\\UnityTestAssemblyBuilder.cs(11,47): error CS0246: The type or namespace name 'DefaultTestAssemblyBuilder' could not be found (are you missing a using directive or an assembly reference?)\r\nLibrary\\PackageCache\\com.unity.test-framework@1.1.31\\UnityEngine.TestRunner\\NUnitExtensions\\TestExtensions.cs(158,53): error CS0246: The type or namespace name 'ITest' could not be found (are you missing a using directive or an assembly reference?)\r\nLibrary\\PackageCache\\com.unity.test-framework@1.1.31\\UnityEngine.TestRunner\\NUnitExtensions\\Runner\\CompositeWorkItem.cs(31,34): error CS0246: The type or namespace name 'TestSuite' could not be found (are you missing a using directive or an assembly reference?)\r\nLibrary\\PackageCache\\com.unity.test-framework@1.1.31\\UnityEngine.TestRunner\\NUnitExtensions\\Runner\\CompositeWorkItem.cs(31,51): error CS0246: The type or namespace name 'ITestFilter' could not be found (are you missing a using directive or an assembly reference?)\r\nLibrary\\PackageCache\\com.unity.test-framework@1.1.31\\UnityEngine.TestRunner\\NUnitExtensions\\Commands\\ImmediateEnumerableCommand.cs(14,44): error CS0246: The type or namespace name 'ITestExecutionContext' could not be found (are you missing a using directive or an assembly reference?)\r\nLibrary\\PackageCache\\com.unity.test-framework@1.1.31\\UnityEngine.TestRunner\\NUnitExtensions\\Commands\\ImmediateEnumerableCommand.cs(14,25): error CS0246: The type or namespace name 'TestResult' could not be found (are you missing a using directive or an assembly reference?)\r\nLibrary\\PackageCache\\com.unity.test-framework@1.1.31\\UnityEngine.TestRunner\\Utils\\TestRunCallbackListener.cs(53,33): error CS0246: The type or namespace name 'ITest' could not be found (are you missing a using directive or an assembly reference?)\r\nLibrary\\PackageCache\\com.unity.test-framework@1.1.31\\UnityEngine.TestRunner\\NUnitExtensions\\TestExtensions.cs(166,55): error CS0246: The type or namespace name 'ITest' could not be found (are you missing a using directive or an assembly reference?)\r\nLibrary\\PackageCache\\com.unity.test-framework@1.1.31\\UnityEngine.TestRunner\\NUnitExtensions\\Commands\\ImmediateEnumerableCommand.cs(11,43): error CS0246: The type or namespace name 'TestCommand' could not be found (are you missing a using directive or an assembly reference?)\r\nLibrary\\PackageCache\\com.unity.test-framework@1.1.31\\UnityEngine.TestRunner\\Utils\\TestRunCallbackListener.cs(58,34): error CS0246: The type or namespace name 'ITestResult' could not be found (are you missing a using directive or an assembly reference?)\r\nLibrary\\PackageCache\\com.unity.test-framework@1.1.31\\UnityEngine.TestRunner\\NUnitExtensions\\UnityTestAssemblyBuilder.cs(19,16): error CS0246: The type or namespace name 'ITest' could not be found (are you missing a using directive or an assembly reference?)\r\nLibrary\\PackageCache\\com.unity.test-framework@1.1.31\\UnityEngine.TestRunner\\TestRunner\\Callbacks\\RemoteTestResultSender.cs(37,32): error CS0246: The type or namespace name 'ITest' could not be found (are you missing a using directive or an assembly reference?)\r\nLibrary\\PackageCache\\com.unity.test-framework@1.1.31\\UnityEngine.TestRunner\\NUnitExtensions\\Commands\\BeforeAfterTestCommandBase.cs(85,76): error CS0246: The type or namespace name 'Test' could not be found (are you missing a using directive or an assembly reference?)\r\nLibrary\\PackageCache\\com.unity.test-framework@1.1.31\\UnityEngine.TestRunner\\NUnitExtensions\\Commands\\BeforeAfterTestCommandBase.cs(76,63): error CS0246: The type or namespace name 'Test' could not be found (are you missing a using directive or an assembly reference?)\r\nLibrary\\PackageCache\\com.unity.test-framework@1.1.31\\UnityEngine.TestRunner\\NUnitExtensions\\Commands\\EnumerableSetUpTearDownCommand.cs(31,77): error CS0246: The type or namespace name 'Test' could not be found (are you missing a using directive or an assembly reference?)\r\nLibrary\\PackageCache\\com.unity.test-framework@1.1.31\\UnityEngine.TestRunner\\NUnitExtensions\\Commands\\SetUpTearDownCommand.cs(32,72): error CS0246: The type or namespace name 'Test' could not be found (are you missing a using directive or an assembly reference?)\r\nLibrary\\PackageCache\\com.unity.test-framework@1.1.31\\UnityEngine.TestRunner\\NUnitExtensions\\UnityTestAssemblyBuilder.cs(29,28): error CS0246: The type or namespace name 'ITest' could not be found (are you missing a using directive or an assembly reference?)\r\nLibrary\\PackageCache\\com.unity.test-framework@1.1.31\\UnityEngine.TestRunner\\NUnitExtensions\\Commands\\OuterUnityTestActionCommand.cs(23,83): error CS0246: The type or namespace name 'Test' could not be found (are you missing a using directive or an assembly reference?)\r\nLibrary\\PackageCache\\com.unity.test-framework@1.1.31\\UnityEngine.TestRunner\\TestRunner\\Callbacks\\RemoteTestResultSender.cs(50,33): error CS0246: The type or namespace name 'ITestResult' could not be found (are you missing a using directive or an assembly reference?)\r\nLibrary\\PackageCache\\com.unity.test-framework@1.1.31\\UnityEngine.TestRunner\\TestRunner\\PlaymodeTestsControllerSettings.cs(34,18): error CS0246: The type or namespace name 'ITestFilter' could not be found (are you missing a using directive or an assembly reference?)\r\nLibrary\\PackageCache\\com.unity.test-framework@1.1.31\\UnityEngine.TestRunner\\TestRunner\\SynchronousFilter.cs(9,31): error CS0246: The type or namespace name 'ITestFilter' could not be found (are you missing a using directive or an assembly reference?)\r\nLibrary\\PackageCache\\com.unity.test-framework@1.1.31\\UnityEngine.TestRunner\\NUnitExtensions\\Commands\\BeforeAfterTestCommandBase.cs(78,62): error CS0246: The type or namespace name 'Test' could not be found (are you missing a using directive or an assembly reference?)\r\nLibrary\\PackageCache\\com.unity.test-framework@1.1.31\\UnityEngine.TestRunner\\NUnitExtensions\\Runner\\DefaultTestWorkItem.cs(21,17): error CS0246: The type or namespace name 'TestCommand' could not be found (are you missing a using directive or an assembly reference?)\r\nLibrary\\PackageCache\\com.unity.test-framework@1.1.31\\UnityEngine.TestRunner\\NUnitExtensions\\Commands\\SetUpTearDownCommand.cs(39,71): error CS0246: The type or namespace name 'Test' could not be found (are you missing a using directive or an assembly reference?)\r\nLibrary\\PackageCache\\com.unity.test-framework@1.1.31\\UnityEngine.TestRunner\\NUnitExtensions\\Commands\\OuterUnityTestActionCommand.cs(28,82): error CS0246: The type or namespace name 'Test' could not be found (are you missing a using directive or an assembly reference?)\r\nLibrary\\PackageCache\\com.unity.test-framework@1.1.31\\UnityEngine.TestRunner\\TestRunner\\RuntimeTestRunnerFilter.cs(22,16): error CS0246: The type or namespace name 'ITestFilter' could not be found (are you missing a using directive or an assembly reference?)\r\nLibrary\\PackageCache\\com.unity.test-framework@1.1.31\\UnityEngine.TestRunner\\TestRunner\\Callbacks\\RemoteTestResultSender.cs(59,33): error CS0246: The type or namespace name 'ITest' could not be found (are you missing a using directive or an assembly reference?)\r\nLibrary\\PackageCache\\com.unity.test-framework@1.1.31\\UnityEngine.TestRunner\\NUnitExtensions\\Attributes\\ConditionalIgnoreAttribute.cs(11,47): error CS0246: The type or namespace name 'NUnitAttribute' could not be found (are you missing a using directive or an assembly reference?)\r\nLibrary\\PackageCache\\com.unity.test-framework@1.1.31\\UnityEngine.TestRunner\\NUnitExtensions\\Attributes\\ConditionalIgnoreAttribute.cs(11,63): error CS0246: The type or namespace name 'IApplyToTest' could not be found (are you missing a using directive or an assembly reference?)\r\nLibrary\\PackageCache\\com.unity.test-framework@1.1.31\\UnityEngine.TestRunner\\NUnitExtensions\\Commands\\BeforeAfterTestCommandBase.cs(80,77): error CS0246: The type or namespace name 'Test' could not be found (are you missing a using directive or an assembly reference?)\r\nLibrary\\PackageCache\\com.unity.test-framework@1.1.31\\UnityEngine.TestRunner\\NUnitExtensions\\Commands\\EnumerableSetUpTearDownCommand.cs(37,78): error CS0246: The type or namespace name 'Test' could not be found (are you missing a using directive or an assembly reference?)\r\nLibrary\\PackageCache\\com.unity.test-framework@1.1.31\\UnityEngine.TestRunner\\NUnitExtensions\\Runner\\DefaultTestWorkItem.cs(22,36): error CS0246: The type or namespace name 'TestMethod' could not be found (are you missing a using directive or an assembly reference?)\r\nLibrary\\PackageCache\\com.unity.test-framework@1.1.31\\UnityEngine.TestRunner\\NUnitExtensions\\Runner\\DefaultTestWorkItem.cs(22,53): error CS0246: The type or namespace name 'ITestFilter' could not be found (are you missing a using directive or an assembly reference?)\r\nLibrary\\PackageCache\\com.unity.test-framework@1.1.31\\UnityEngine.TestRunner\\TestRunner\\Callbacks\\RemoteTestResultSender.cs(72,34): error CS0246: The type or namespace name 'ITestResult' could not be found (are you missing a using directive or an assembly reference?)\r\nLibrary\\PackageCache\\com.unity.test-framework@1.1.31\\UnityEngine.TestRunner\\TestRunner\\TestEnumeratorWrapper.cs(19,42): error CS0246: The type or namespace name 'ITestExecutionContext' could not be found (are you missing a using directive or an assembly reference?)\r\nLibrary\\PackageCache\\com.unity.test-framework@1.1.31\\UnityEngine.TestRunner\\NUnitExtensions\\Runner\\FailCommand.cs(9,34): error CS0246: The type or namespace name 'TestCommand' could not be found (are you missing a using directive or an assembly reference?)\r\nLibrary\\PackageCache\\com.unity.test-framework@1.1.31\\UnityEngine.TestRunner\\NUnitExtensions\\Attributes\\ConditionalIgnoreAttribute.cs(31,33): error CS0246: The type or namespace name 'Test' could not be found (are you missing a using directive or an assembly reference?)\r\nLibrary\\PackageCache\\com.unity.test-framework@1.1.31\\UnityEngine.TestRunner\\TestRunner\\TestEnumeratorWrapper.cs(34,50): error CS0246: The type or namespace name 'ITestExecutionContext' could not be found (are you missing a using directive or an assembly reference?)\r\nLibrary\\PackageCache\\com.unity.test-framework@1.1.31\\UnityEngine.TestRunner\\NUnitExtensions\\Runner\\CoroutineTestWorkItem.cs(15,17): error CS0246: The type or namespace name 'TestCommand' could not be found (are you missing a using directive or an assembly reference?)\r\nLibrary\\PackageCache\\com.unity.test-framework@1.1.31\\UnityEngine.TestRunner\\NUnitExtensions\\Commands\\EnumerableSetUpTearDownCommand.cs(43,72): error CS0246: The type or namespace name 'Test' could not be found (are you missing a using directive or an assembly reference?)\r\nLibrary\\PackageCache\\com.unity.test-framework@1.1.31\\UnityEngine.TestRunner\\NUnitExtensions\\Runner\\FailCommand.cs(21,44): error CS0246: The type or namespace name 'ITestExecutionContext' could not be found (are you missing a using directive or an assembly reference?)\r\nLibrary\\PackageCache\\com.unity.test-framework@1.1.31\\UnityEngine.TestRunner\\NUnitExtensions\\Runner\\FailCommand.cs(21,25): error CS0246: The type or namespace name 'TestResult' could not be found (are you missing a using directive or an assembly reference?)\r\nLibrary\\PackageCache\\com.unity.test-framework@1.1.31\\UnityEngine.TestRunner\\NUnitExtensions\\Commands\\BeforeAfterTestCommandBase.cs(92,46): error CS0246: The type or namespace name 'ITestExecutionContext' could not be found (are you missing a using directive or an assembly reference?)\r\nLibrary\\PackageCache\\com.unity.test-framework@1.1.31\\UnityEngine.TestRunner\\TestRunner\\SynchronousFilter.cs(11,16): error CS0246: The type or namespace name 'TNode' could not be found (are you missing a using directive or an assembly reference?)\r\nLibrary\\PackageCache\\com.unity.test-framework@1.1.31\\UnityEngine.TestRunner\\TestRunner\\TestEnumeratorWrapper.cs(12,26): error CS0246: The type or namespace name 'TestMethod' could not be found (are you missing a using directive or an assembly reference?)\r\nLibrary\\PackageCache\\com.unity.test-framework@1.1.31\\UnityEngine.TestRunner\\TestRunner\\RuntimeTestRunnerFilter.cs(61,45): error CS0246: The type or namespace name 'ITestFilter' could not be found (are you missing a using directive or an assembly reference?)\r\nLibrary\\PackageCache\\com.unity.test-framework@1.1.31\\UnityEngine.TestRunner\\TestRunner\\RuntimeTestRunnerFilter.cs(61,97): error CS0246: The type or namespace name 'TestFilter' could not be found (are you missing a using directive or an assembly reference?)\r\nLibrary\\PackageCache\\com.unity.test-framework@1.1.31\\UnityEngine.TestRunner\\NUnitExtensions\\Runner\\FailCommand.cs(27,46): error CS0246: The type or namespace name 'ITestExecutionContext' could not be found (are you missing a using directive or an assembly reference?)\r\nLibrary\\PackageCache\\com.unity.test-framework@1.1.31\\UnityEngine.TestRunner\\NUnitExtensions\\Commands\\BeforeAfterTestCommandBase.cs(264,44): error CS0246: The type or namespace name 'ITestExecutionContext' could not be found (are you missing a using directive or an assembly reference?)\r\nLibrary\\PackageCache\\com.unity.test-framework@1.1.31\\UnityEngine.TestRunner\\NUnitExtensions\\Commands\\BeforeAfterTestCommandBase.cs(264,25): error CS0246: The type or namespace name 'TestResult' could not be found (are you missing a using directive or an assembly reference?)\r\nLibrary\\PackageCache\\com.unity.test-framework@1.1.31\\UnityEngine.TestRunner\\NUnitExtensions\\Runner\\FailCommand.cs(11,17): error CS0246: The type or namespace name 'ResultState' could not be found (are you missing a using directive or an assembly reference?)\r\nLibrary\\PackageCache\\com.unity.test-framework@1.1.31\\UnityEngine.TestRunner\\NUnitExtensions\\Commands\\TestActionCommand.cs(11,67): error CS0246: The type or namespace name 'ITestAction' could not be found (are you missing a using directive or an assembly reference?)\r\nLibrary\\PackageCache\\com.unity.test-framework@1.1.31\\UnityEngine.TestRunner\\TestRunner\\TestEnumeratorWrapper.cs(14,38): error CS0246: The type or namespace name 'TestMethod' could not be found (are you missing a using directive or an assembly reference?)\r\nLibrary\\PackageCache\\com.unity.test-framework@1.1.31\\UnityEngine.TestRunner\\NUnitExtensions\\Commands\\EnumerableSetUpTearDownCommand.cs(48,71): error CS0246: The type or namespace name 'Test' could not be found (are you missing a using directive or an assembly reference?)\r\nLibrary\\PackageCache\\com.unity.test-framework@1.1.31\\UnityEngine.TestRunner\\NUnitExtensions\\Runner\\FailCommand.cs(14,28): error CS0246: The type or namespace name 'Test' could not be found (are you missing a using directive or an assembly reference?)\r\nLibrary\\PackageCache\\com.unity.test-framework@1.1.31\\UnityEngine.TestRunner\\NUnitExtensions\\Runner\\FailCommand.cs(14,39): error CS0246: The type or namespace name 'ResultState' could not be found (are you missing a using directive or an assembly reference?)\r\nLibrary\\PackageCache\\com.unity.test-framework@1.1.31\\UnityEngine.TestRunner\\TestRunner\\TestListenerWrapper.cs(5,42): error CS0246: The type or namespace name 'ITestListener' could not be found (are you missing a using directive or an assembly reference?)\r\nLibrary\\PackageCache\\com.unity.test-framework@1.1.31\\UnityEngine.TestRunner\\NUnitExtensions\\Runner\\CoroutineTestWorkItem.cs(30,38): error CS0246: The type or namespace name 'TestMethod' could not be found (are you missing a using directive or an assembly reference?)\r\nLibrary\\PackageCache\\com.unity.test-framework@1.1.31\\UnityEngine.TestRunner\\NUnitExtensions\\Runner\\CoroutineTestWorkItem.cs(30,55): error CS0246: The type or namespace name 'ITestFilter' could not be found (are you missing a using directive or an assembly reference?)\r\nLibrary\\PackageCache\\com.unity.test-framework@1.1.31\\UnityEngine.TestRunner\\NUnitExtensions\\Commands\\OuterUnityTestActionCommand.cs(13,44): error CS0246: The type or namespace name 'TestCommand' could not be found (are you missing a using directive or an assembly reference?)\r\nLibrary\\PackageCache\\com.unity.test-framework@1.1.31\\UnityEngine.TestRunner\\NUnitExtensions\\Commands\\BeforeAfterTestCommandBase.cs(270,47): error CS0246: The type or namespace name 'ITestExecutionContext' could not be found (are you missing a using directive or an assembly reference?)\r\nLibrary\\PackageCache\\com.unity.test-framework@1.1.31\\UnityEngine.TestRunner\\TestRunner\\TestListenerWrapper.cs(16,33): error CS0246: The type or namespace name 'ITest' could not be found (are you missing a using directive or an assembly reference?)\r\nLibrary\\PackageCache\\com.unity.test-framework@1.1.31\\UnityEngine.TestRunner\\TestRunner\\Callbacks\\TestResultRenderer.cs(43,37): error CS0246: The type or namespace name 'ITestResult' could not be found (are you missing a using directive or an assembly reference?)\r\nLibrary\\PackageCache\\com.unity.test-framework@1.1.31\\UnityEngine.TestRunner\\NUnitExtensions\\Commands\\SetUpTearDownCommand.cs(19,37): error CS0246: The type or namespace name 'TestCommand' could not be found (are you missing a using directive or an assembly reference?)\r\nLibrary\\PackageCache\\com.unity.test-framework@1.1.31\\UnityEngine.TestRunner\\TestRunner\\TestListenerWrapper.cs(21,34): error CS0246: The type or namespace name 'ITestResult' could not be found (are you missing a using directive or an assembly reference?)\r\nLibrary\\PackageCache\\com.unity.test-framework@1.1.31\\UnityEngine.TestRunner\\TestRunner\\TestListenerWrapper.cs(26,32): error CS0246: The type or namespace name 'TestOutput' could not be found (are you missing a using directive or an assembly reference?)\r\nLibrary\\PackageCache\\com.unity.test-framework@1.1.31\\UnityEngine.TestRunner\\TestRunner\\Callbacks\\TestResultRenderer.cs(32,31): error CS0246: The type or namespace name 'ITestResult' could not be found (are you missing a using directive or an assembly reference?)\r\nLibrary\\PackageCache\\com.unity.test-framework@1.1.31\\UnityEngine.TestRunner\\NUnitExtensions\\Commands\\TestActionCommand.cs(25,53): error CS0246: The type or namespace name 'ITestAction' could not be found (are you missing a using directive or an assembly reference?)\r\nLibrary\\PackageCache\\com.unity.test-framework@1.1.31\\UnityEngine.TestRunner\\NUnitExtensions\\Commands\\TestActionCommand.cs(25,73): error CS0246: The type or namespace name 'Test' could not be found (are you missing a using directive or an assembly reference?)\r\nLibrary\\PackageCache\\com.unity.test-framework@1.1.31\\UnityEngine.TestRunner\\NUnitExtensions\\Commands\\EnumerableSetUpTearDownCommand.cs(18,47): error CS0246: The type or namespace name 'TestCommand' could not be found (are you missing a using directive or an assembly reference?)\r\nLibrary\\PackageCache\\com.unity.test-framework@1.1.31\\UnityEngine.TestRunner\\TestRunner\\Callbacks\\TestResultRenderer.cs(37,35): error CS0246: The type or namespace name 'ITestResult' could not be found (are you missing a using directive or an assembly reference?)\r\nLibrary\\PackageCache\\com.unity.test-framework@1.1.31\\UnityEngine.TestRunner\\NUnitExtensions\\Runner\\WorkItemFactory.cs(26,49): error CS0246: The type or namespace name 'TestMethod' could not be found (are you missing a using directive or an assembly reference?)\r\nLibrary\\PackageCache\\com.unity.test-framework@1.1.31\\UnityEngine.TestRunner\\NUnitExtensions\\Runner\\WorkItemFactory.cs(26,68): error CS0246: The type or namespace name 'ITestFilter' could not be found (are you missing a using directive or an assembly reference?)\r\nLibrary\\PackageCache\\com.unity.test-framework@1.1.31\\UnityEngine.TestRunner\\NUnitExtensions\\Runner\\WorkItemFactory.cs(26,88): error CS0246: The type or namespace name 'ITest' could not be found (are you missing a using directive or an assembly reference?)\r\nLibrary\\PackageCache\\com.unity.test-framework@1.1.31\\UnityEngine.TestRunner\\NUnitExtensions\\Runner\\PlaymodeWorkItemFactory.cs(8,49): error CS0246: The type or namespace name 'TestMethod' could not be found (are you missing a using directive or an assembly reference?)\r\nLibrary\\PackageCache\\com.unity.test-framework@1.1.31\\UnityEngine.TestRunner\\NUnitExtensions\\Runner\\PlaymodeWorkItemFactory.cs(8,68): error CS0246: The type or namespace name 'ITestFilter' could not be found (are you missing a using directive or an assembly reference?)\r\nLibrary\\PackageCache\\com.unity.test-framework@1.1.31\\UnityEngine.TestRunner\\NUnitExtensions\\Runner\\PlaymodeWorkItemFactory.cs(8,88): error CS0246: The type or namespace name 'ITest' could not be found (are you missing a using directive or an assembly reference?)\r\nLibrary\\PackageCache\\com.unity.test-framework@1.1.31\\UnityEngine.TestRunner\\NUnitExtensions\\Commands\\BeforeAfterTestCommandBase.cs(22,46): error CS0246: The type or namespace name 'TestCommand' could not be found (are you missing a using directive or an assembly reference?)\r\nLibrary\\PackageCache\\com.unity.test-framework@1.1.31\\UnityEngine.TestRunner\\NUnitExtensions\\Commands\\TestActionCommand.cs(31,52): error CS0246: The type or namespace name 'ITestAction' could not be found (are you missing a using directive or an assembly reference?)\r\nLibrary\\PackageCache\\com.unity.test-framework@1.1.31\\UnityEngine.TestRunner\\NUnitExtensions\\Commands\\TestActionCommand.cs(31,72): error CS0246: The type or namespace name 'Test' could not be found (are you missing a using directive or an assembly reference?)\r\nLibrary\\PackageCache\\com.unity.test-framework@1.1.31\\UnityEngine.TestRunner\\NUnitExtensions\\Commands\\EnumerableTestMethodCommand.cs(16,50): error CS0246: The type or namespace name 'TestCommand' could not be found (are you missing a using directive or an assembly reference?)\r\nLibrary\\PackageCache\\com.unity.test-framework@1.1.31\\UnityEngine.TestRunner\\NUnitExtensions\\Runner\\UnityLogCheckDelegatingCommand.cs(14,44): error CS0246: The type or namespace name 'DelegatingTestCommand' could not be found (are you missing a using directive or an assembly reference?)\r\nLibrary\\PackageCache\\com.unity.test-framework@1.1.31\\UnityEngine.TestRunner\\NUnitExtensions\\Runner\\TestCommandBuilder.cs(14,52): error CS0246: The type or namespace name 'TestMethod' could not be found (are you missing a using directive or an assembly reference?)\r\nLibrary\\PackageCache\\com.unity.test-framework@1.1.31\\UnityEngine.TestRunner\\NUnitExtensions\\Runner\\TestCommandBuilder.cs(14,69): error CS0246: The type or namespace name 'ITestFilter' could not be found (are you missing a using directive or an assembly reference?)\r\nLibrary\\PackageCache\\com.unity.test-framework@1.1.31\\UnityEngine.TestRunner\\NUnitExtensions\\Runner\\TestCommandBuilder.cs(14,23): error CS0246: The type or namespace name 'TestCommand' could not be found (are you missing a using directive or an assembly reference?)\r\nLibrary\\PackageCache\\com.unity.test-framework@1.1.31\\UnityEngine.TestRunner\\TestRunner\\SynchronousFilter.cs(16,31): error CS0246: The type or namespace name 'TNode' could not be found (are you missing a using directive or an assembly reference?)\r\nLibrary\\PackageCache\\com.unity.test-framework@1.1.31\\UnityEngine.TestRunner\\TestRunner\\SynchronousFilter.cs(16,16): error CS0246: The type or namespace name 'TNode' could not be found (are you missing a using directive or an assembly reference?)\r\nLibrary\\PackageCache\\com.unity.test-framework@1.1.31\\UnityEngine.TestRunner\\TestRunner\\Callbacks\\TestResultRendererCallback.cs(8,32): error CS0246: The type or namespace name 'ITest' could not be found (are you missing a using directive or an assembly reference?)\r\nLibrary\\PackageCache\\com.unity.test-framework@1.1.31\\UnityEngine.TestRunner\\NUnitExtensions\\Commands\\TestActionCommand.cs(13,53): error CS0246: The type or namespace name 'ITestAction' could not be found (are you missing a using directive or an assembly reference?)\r\nLibrary\\PackageCache\\com.unity.test-framework@1.1.31\\UnityEngine.TestRunner\\TestRunner\\Callbacks\\TestResultRendererCallback.cs(12,33): error CS0246: The type or namespace name 'ITestResult' could not be found (are you missing a using directive or an assembly reference?)\r\nLibrary\\PackageCache\\com.unity.test-framework@1.1.31\\UnityEngine.TestRunner\\NUnitExtensions\\Runner\\TestCommandBuilder.cs(105,50): error CS0246: The type or namespace name 'TestMethod' could not be found (are you missing a using directive or an assembly reference?)\r\nLibrary\\PackageCache\\com.unity.test-framework@1.1.31\\UnityEngine.TestRunner\\TestRunner\\Callbacks\\TestResultRendererCallback.cs(28,33): error CS0246: The type or namespace name 'ITest' could not be found (are you missing a using directive or an assembly reference?)\r\nLibrary\\PackageCache\\com.unity.test-framework@1.1.31\\UnityEngine.TestRunner\\TestRunner\\SynchronousFilter.cs(21,26): error CS0246: The type or namespace name 'ITest' could not be found (are you missing a using directive or an assembly reference?)\r\nLibrary\\PackageCache\\com.unity.test-framework@1.1.31\\UnityEngine.TestRunner\\TestRunner\\Callbacks\\TestResultRendererCallback.cs(32,34): error CS0246: The type or namespace name 'ITestResult' could not be found (are you missing a using directive or an assembly reference?)\r\nLibrary\\PackageCache\\com.unity.test-framework@1.1.31\\UnityEngine.TestRunner\\NUnitExtensions\\Commands\\EnumerableTestMethodCommand.cs(26,46): error CS0246: The type or namespace name 'ITestExecutionContext' could not be found (are you missing a using directive or an assembly reference?)\r\nLibrary\\PackageCache\\com.unity.test-framework@1.1.31\\UnityEngine.TestRunner\\NUnitExtensions\\Commands\\TestActionCommand.cs(15,34): error CS0246: The type or namespace name 'TestCommand' could not be found (are you missing a using directive or an assembly reference?)\r\nLibrary\\PackageCache\\com.unity.test-framework@1.1.31\\UnityEngine.TestRunner\\TestRunner\\SynchronousFilter.cs(46,37): error CS0246: The type or namespace name 'ITest' could not be found (are you missing a using directive or an assembly reference?)\r\nLibrary\\PackageCache\\com.unity.test-framework@1.1.31\\UnityEngine.TestRunner\\Utils\\AssemblyProvider\\ITestAssemblyProvider.cs(7,9): error CS0246: The type or namespace name 'ITest' could not be found (are you missing a using directive or an assembly reference?)\r\nLibrary\\PackageCache\\com.unity.test-framework@1.1.31\\UnityEngine.TestRunner\\NUnitExtensions\\Runner\\TestCommandBuilder.cs(114,68): error CS0246: The type or namespace name 'TestCommand' could not be found (are you missing a using directive or an assembly reference?)\r\nLibrary\\PackageCache\\com.unity.test-framework@1.1.31\\UnityEngine.TestRunner\\NUnitExtensions\\Runner\\TestCommandBuilder.cs(114,24): error CS0246: The type or namespace name 'TestCommand' could not be found (are you missing a using directive or an assembly reference?)\r\nLibrary\\PackageCache\\com.unity.test-framework@1.1.31\\UnityEngine.TestRunner\\NUnitExtensions\\Commands\\BeforeAfterTestCommandState.cs(38,37): error CS0246: The type or namespace name 'TestResult' could not be found (are you missing a using directive or an assembly reference?)\r\nLibrary\\PackageCache\\com.unity.test-framework@1.1.31\\UnityEngine.TestRunner\\Utils\\AssemblyProvider\\PlayerTestAssemblyProvider.cs(24,16): error CS0246: The type or namespace name 'ITest' could not be found (are you missing a using directive or an assembly reference?)\r\nLibrary\\PackageCache\\com.unity.test-framework@1.1.31\\UnityEngine.TestRunner\\NUnitExtensions\\Commands\\BeforeAfterTestCommandState.cs(47,37): error CS0246: The type or namespace name 'TestResult' could not be found (are you missing a using directive or an assembly reference?)\r\nLibrary\\PackageCache\\com.unity.test-framework@1.1.31\\UnityEngine.TestRunner\\NUnitExtensions\\Runner\\UnityTestAssemblyRunner.cs(22,9): error CS0246: The type or namespace name 'ITest' could not be found (are you missing a using directive or an assembly reference?)\r\nLibrary\\PackageCache\\com.unity.test-framework@1.1.31\\UnityEngine.TestRunner\\NUnitExtensions\\Runner\\UnityLogCheckDelegatingCommand.cs(21,44): error CS0246: The type or namespace name 'ITestExecutionContext' could not be found (are you missing a using directive or an assembly reference?)\r\nLibrary\\PackageCache\\com.unity.test-framework@1.1.31\\UnityEngine.TestRunner\\NUnitExtensions\\Runner\\UnityLogCheckDelegatingCommand.cs(21,25): error CS0246: The type or namespace name 'TestResult' could not be found (are you missing a using directive or an assembly reference?)\r\nLibrary\\PackageCache\\com.unity.test-framework@1.1.31\\UnityEngine.TestRunner\\NUnitExtensions\\Commands\\EnumerableTestMethodCommand.cs(130,44): error CS0246: The type or namespace name 'ITestExecutionContext' could not be found (are you missing a using directive or an assembly reference?)\r\nLibrary\\PackageCache\\com.unity.test-framework@1.1.31\\UnityEngine.TestRunner\\NUnitExtensions\\Commands\\EnumerableTestMethodCommand.cs(130,25): error CS0246: The type or namespace name 'TestResult' could not be found (are you missing a using directive or an assembly reference?)\r\nLibrary\\PackageCache\\com.unity.test-framework@1.1.31\\UnityEngine.TestRunner\\NUnitExtensions\\Runner\\UnityTestExecutionContext.cs(14,48): error CS0246: The type or namespace name 'ITestExecutionContext' could not be found (are you missing a using directive or an assembly reference?)\r\nLibrary\\PackageCache\\com.unity.test-framework@1.1.31\\UnityEngine.TestRunner\\NUnitExtensions\\Commands\\BeforeAfterTestCommandState.cs(15,16): error CS0246: The type or namespace name 'TestStatus' could not be found (are you missing a using directive or an assembly reference?)\r\nLibrary\\PackageCache\\com.unity.test-framework@1.1.31\\UnityEngine.TestRunner\\NUnitExtensions\\Commands\\UnityTestMethodCommand.cs(8,45): error CS0246: The type or namespace name 'TestMethodCommand' could not be found (are you missing a using directive or an assembly reference?)\r\nLibrary\\PackageCache\\com.unity.test-framework@1.1.31\\UnityEngine.TestRunner\\Utils\\AssemblyProvider\\PlayerTestAssemblyProvider.cs(34,26): error CS0246: The type or namespace name 'ITest' could not be found (are you missing a using directive or an assembly reference?)\r\nLibrary\\PackageCache\\com.unity.test-framework@1.1.31\\UnityEngine.TestRunner\\NUnitExtensions\\Commands\\BeforeAfterTestCommandState.cs(17,16): error CS0246: The type or namespace name 'FailureSite' could not be found (are you missing a using directive or an assembly reference?)\r\nLibrary\\PackageCache\\com.unity.test-framework@1.1.31\\UnityEngine.TestRunner\\NUnitExtensions\\Commands\\EnumerableTestMethodCommand.cs(18,26): error CS0246: The type or namespace name 'TestMethod' could not be found (are you missing a using directive or an assembly reference?)\r\nLibrary\\PackageCache\\com.unity.test-framework@1.1.31\\UnityEngine.TestRunner\\NUnitExtensions\\Runner\\UnityLogCheckDelegatingCommand.cs(32,46): error CS0246: The type or namespace name 'ITestExecutionContext' could not be found (are you missing a using directive or an assembly reference?)\r\nLibrary\\PackageCache\\com.unity.test-framework@1.1.31\\UnityEngine.TestRunner\\NUnitExtensions\\Commands\\UnityTestMethodCommand.cs(13,44): error CS0246: The type or namespace name 'ITestExecutionContext' could not be found (are you missing a using directive or an assembly reference?)\r\nLibrary\\PackageCache\\com.unity.test-framework@1.1.31\\UnityEngine.TestRunner\\NUnitExtensions\\Commands\\UnityTestMethodCommand.cs(13,25): error CS0246: The type or namespace name 'TestResult' could not be found (are you missing a using directive or an assembly reference?)\r\nLibrary\\PackageCache\\com.unity.test-framework@1.1.31\\UnityEngine.TestRunner\\NUnitExtensions\\Runner\\UnityTestAssemblyRunner.cs(23,25): error CS0246: The type or namespace name 'ITestListener' could not be found (are you missing a using directive or an assembly reference?)\r\nLibrary\\PackageCache\\com.unity.test-framework@1.1.31\\UnityEngine.TestRunner\\NUnitExtensions\\Runner\\UnityTestAssemblyRunner.cs(23,49): error CS0246: The type or namespace name 'ITestFilter' could not be found (are you missing a using directive or an assembly reference?)\r\nLibrary\\PackageCache\\com.unity.test-framework@1.1.31\\UnityEngine.TestRunner\\NUnitExtensions\\Runner\\UnityTestAssemblyRunner.cs(15,9): error CS0246: The type or namespace name 'ITest' could not be found (are you missing a using directive or an assembly reference?)\r\nLibrary\\PackageCache\\com.unity.test-framework@1.1.31\\UnityEngine.TestRunner\\NUnitExtensions\\Runner\\UnityTestAssemblyRunner.cs(16,9): error CS0246: The type or namespace name 'ITestResult' could not be found (are you missing a using directive or an assembly reference?)\r\nLibrary\\PackageCache\\com.unity.test-framework@1.1.31\\UnityEngine.TestRunner\\NUnitExtensions\\Commands\\UnityTestMethodCommand.cs(10,39): error CS0246: The type or namespace name 'TestMethod' could not be found (are you missing a using directive or an assembly reference?)\r\nLibrary\\PackageCache\\com.unity.test-framework@1.1.31\\UnityEngine.TestRunner\\NUnitExtensions\\Commands\\EnumerableTestMethodCommand.cs(20,44): error CS0246: The type or namespace name 'TestMethod' could not be found (are you missing a using directive or an assembly reference?)\r\nLibrary\\PackageCache\\com.unity.test-framework@1.1.31\\UnityEngine.TestRunner\\NUnitExtensions\\Runner\\UnityLogCheckDelegatingCommand.cs(65,38): error CS0246: The type or namespace name 'TestResult' could not be found (are you missing a using directive or an assembly reference?)\r\nLibrary\\PackageCache\\com.unity.test-framework@1.1.31\\UnityEngine.TestRunner\\NUnitExtensions\\Runner\\WorkItemFactory.cs(9,37): error CS0246: The type or namespace name 'ITest' could not be found (are you missing a using directive or an assembly reference?)\r\nLibrary\\PackageCache\\com.unity.test-framework@1.1.31\\UnityEngine.TestRunner\\NUnitExtensions\\Runner\\WorkItemFactory.cs(9,55): error CS0246: The type or namespace name 'ITestFilter' could not be found (are you missing a using directive or an assembly reference?)\r\nLibrary\\PackageCache\\com.unity.test-framework@1.1.31\\UnityEngine.TestRunner\\NUnitExtensions\\Runner\\UnityTestAssemblyRunner.cs(68,16): error CS0246: The type or namespace name 'ITest' could not be found (are you missing a using directive or an assembly reference?)\r\nLibrary\\PackageCache\\com.unity.test-framework@1.1.31\\UnityEngine.TestRunner\\NUnitExtensions\\Commands\\EnumerableTestMethodCommand.cs(105,30): error CS0246: The type or namespace name 'ITestExecutionContext' could not be found (are you missing a using directive or an assembly reference?)\r\nLibrary\\PackageCache\\com.unity.test-framework@1.1.31\\UnityEngine.TestRunner\\NUnitExtensions\\Runner\\UnityLogCheckDelegatingCommand.cs(79,59): error CS0246: The type or namespace name 'TestResult' could not be found (are you missing a using directive or an assembly reference?)\r\nLibrary\\PackageCache\\com.unity.test-framework@1.1.31\\UnityEngine.TestRunner\\NUnitExtensions\\Commands\\EnumerableTestMethodCommand.cs(107,38): error CS0246: The type or namespace name 'ITestExecutionContext' could not be found (are you missing a using directive or an assembly reference?)\r\nLibrary\\PackageCache\\com.unity.test-framework@1.1.31\\UnityEngine.TestRunner\\NUnitExtensions\\Runner\\UnityLogCheckDelegatingCommand.cs(82,59): error CS0246: The type or namespace name 'TestCommand' could not be found (are you missing a using directive or an assembly reference?)\r\nLibrary\\PackageCache\\com.unity.test-framework@1.1.31\\UnityEngine.TestRunner\\NUnitExtensions\\Runner\\UnityLogCheckDelegatingCommand.cs(82,80): error CS0246: The type or namespace name 'TestResult' could not be found (are you missing a using directive or an assembly reference?)\r\nLibrary\\PackageCache\\com.unity.test-framework@1.1.31\\UnityEngine.TestRunner\\NUnitExtensions\\Runner\\UnityTestAssemblyRunner.cs(78,32): error CS0246: The type or namespace name 'ITestListener' could not be found (are you missing a using directive or an assembly reference?)\r\nLibrary\\PackageCache\\com.unity.test-framework@1.1.31\\UnityEngine.TestRunner\\NUnitExtensions\\Runner\\UnityTestAssemblyRunner.cs(78,56): error CS0246: The type or namespace name 'ITestFilter' could not be found (are you missing a using directive or an assembly reference?)\r\nLibrary\\PackageCache\\com.unity.test-framework@1.1.31\\UnityEngine.TestRunner\\NUnitExtensions\\Runner\\UnityWorkItem.cs(44,45): error CS0246: The type or namespace name 'ITest' could not be found (are you missing a using directive or an assembly reference?)\r\nLibrary\\PackageCache\\com.unity.test-framework@1.1.31\\UnityEngine.TestRunner\\Utils\\IOuterUnityTestAction.cs(14,32): error CS0246: The type or namespace name 'ITest' could not be found (are you missing a using directive or an assembly reference?)\r\nLibrary\\PackageCache\\com.unity.test-framework@1.1.31\\UnityEngine.TestRunner\\Utils\\IOuterUnityTestAction.cs(19,31): error CS0246: The type or namespace name 'ITest' could not be found (are you missing a using directive or an assembly reference?)\r\nLibrary\\PackageCache\\com.unity.test-framework@1.1.31\\UnityEngine.TestRunner\\NUnitExtensions\\Runner\\UnityLogCheckDelegatingCommand.cs(88,31): error CS0246: The type or namespace name 'TestResult' could not be found (are you missing a using directive or an assembly reference?)\r\nLibrary\\PackageCache\\com.unity.test-framework@1.1.31\\UnityEngine.TestRunner\\NUnitExtensions\\Runner\\UnityTestAssemblyRunner.cs(40,16): error CS0246: The type or namespace name 'ITest' could not be found (are you missing a using directive or an assembly reference?)\r\nLibrary\\PackageCache\\com.unity.test-framework@1.1.31\\UnityEngine.TestRunner\\NUnitExtensions\\Runner\\UnityTestAssemblyRunner.cs(42,16): error CS0246: The type or namespace name 'ITestResult' could not be found (are you missing a using directive or an assembly reference?)\r\nLibrary\\PackageCache\\com.unity.test-framework@1.1.31\\UnityEngine.TestRunner\\NUnitExtensions\\Runner\\UnityWorkItem.cs(33,33): error CS0246: The type or namespace name 'Test' could not be found (are you missing a using directive or an assembly reference?)\r\nLibrary\\PackageCache\\com.unity.test-framework@1.1.31\\UnityEngine.TestRunner\\NUnitExtensions\\Runner\\UnityLogCheckDelegatingCommand.cs(91,57): error CS0246: The type or namespace name 'TestResult' could not be found (are you missing a using directive or an assembly reference?)\r\nLibrary\\PackageCache\\com.unity.test-framework@1.1.31\\UnityEngine.TestRunner\\NUnitExtensions\\Runner\\UnityWorkItem.cs(25,16): error CS0246: The type or namespace name 'Test' could not be found (are you missing a using directive or an assembly reference?)\r\nLibrary\\PackageCache\\com.unity.test-framework@1.1.31\\UnityEngine.TestRunner\\NUnitExtensions\\Runner\\UnityWorkItem.cs(27,16): error CS0246: The type or namespace name 'TestResult' could not be found (are you missing a using directive or an assembly reference?)\r\nLibrary\\PackageCache\\com.unity.test-framework@1.1.31\\UnityEngine.TestRunner\\NUnitExtensions\\Runner\\UnityWorkItem.cs(29,16): error CS0246: The type or namespace name 'WorkItemState' could not be found (are you missing a using directive or an assembly reference?)\r\nLibrary\\PackageCache\\com.unity.test-framework@1.1.31\\UnityEngine.TestRunner\\NUnitExtensions\\Runner\\UnityWorkItem.cs(31,21): error CS0246: The type or namespace name 'ITestAction' could not be found (are you missing a using directive or an assembly reference?)\r\nLibrary\\PackageCache\\com.unity.test-framework@1.1.31\\UnityEngine.TestRunner\\NUnitExtensions\\Runner\\UnityLogCheckDelegatingCommand.cs(101,58): error CS0246: The type or namespace name 'TestResult' could not be found (are you missing a using directive or an assembly reference?)\r\nLibrary\\PackageCache\\com.unity.test-framework@1.1.31\\UnityEngine.TestRunner\\NUnitExtensions\\Runner\\UnityLogCheckDelegatingCommand.cs(18,47): error CS0246: The type or namespace name 'TestCommand' could not be found (are you missing a using directive or an assembly reference?)\r\nLibrary\\PackageCache\\com.unity.test-framework@1.1.31\\UnityEngine.TestRunner\\NUnitExtensions\\Runner\\UnityTestExecutionContext.cs(125,34): error CS0246: The type or namespace name 'ValueFormatterFactory' could not be found (are you missing a using directive or an assembly reference?)\r\nLibrary\\PackageCache\\com.unity.test-framework@1.1.31\\UnityEngine.TestRunner\\NUnitExtensions\\Runner\\UnityTestExecutionContext.cs(17,17): error CS0246: The type or namespace name 'TestResult' could not be found (are you missing a using directive or an assembly reference?)\r\nLibrary\\PackageCache\\com.unity.test-framework@1.1.31\\UnityEngine.TestRunner\\NUnitExtensions\\Runner\\UnityTestExecutionContext.cs(42,17): error CS0246: The type or namespace name 'TestExecutionStatus' could not be found (are you missing a using directive or an assembly reference?)\r\nLibrary\\PackageCache\\com.unity.test-framework@1.1.31\\UnityEngine.TestRunner\\NUnitExtensions\\Runner\\UnityTestExecutionContext.cs(24,16): error CS0246: The type or namespace name 'Test' could not be found (are you missing a using directive or an assembly reference?)\r\nLibrary\\PackageCache\\com.unity.test-framework@1.1.31\\UnityEngine.TestRunner\\NUnitExtensions\\Runner\\UnityTestExecutionContext.cs(27,16): error CS0246: The type or namespace name 'TestResult' could not be found (are you missing a using directive or an assembly reference?)\r\nLibrary\\PackageCache\\com.unity.test-framework@1.1.31\\UnityEngine.TestRunner\\NUnitExtensions\\Runner\\UnityTestExecutionContext.cs(43,16): error CS0246: The type or namespace name 'TestExecutionStatus' could not be found (are you missing a using directive or an assembly reference?)\r\nLibrary\\PackageCache\\com.unity.test-framework@1.1.31\\UnityEngine.TestRunner\\NUnitExtensions\\Runner\\UnityTestExecutionContext.cs(64,21): error CS0246: The type or namespace name 'ITestAction' could not be found (are you missing a using directive or an assembly reference?)\r\nLibrary\\PackageCache\\com.unity.test-framework@1.1.31\\UnityEngine.TestRunner\\NUnitExtensions\\Runner\\UnityTestExecutionContext.cs(68,16): error CS0246: The type or namespace name 'ITestListener' could not be found (are you missing a using directive or an assembly reference?)\r\nLibrary\\PackageCache\\com.unity.test-framework@1.1.31\\UnityEngine.TestRunner\\NUnitExtensions\\Runner\\UnityTestExecutionContext.cs(101,16): error CS0246: The type or namespace name 'IWorkItemDispatcher' could not be found (are you missing a using directive or an assembly reference?)\r\nLibrary\\PackageCache\\com.unity.test-framework@1.1.31\\UnityEngine.TestRunner\\NUnitExtensions\\Runner\\UnityTestExecutionContext.cs(103,16): error CS0246: The type or namespace name 'ParallelScope' could not be found (are you missing a using directive or an assembly reference?)\r\nLibrary\\PackageCache\\com.unity.test-framework@1.1.31\\UnityEngine.TestRunner\\NUnitExtensions\\Runner\\UnityTestExecutionContext.cs(105,16): error CS0246: The type or namespace name 'Randomizer' could not be found (are you missing a using directive or an assembly reference?)\r\nLibrary\\PackageCache\\com.unity.test-framework@1.1.31\\UnityEngine.TestRunner\\NUnitExtensions\\Runner\\UnityTestExecutionContext.cs(106,16): error CS0246: The type or namespace name 'ValueFormatter' could not be found (are you missing a using directive or an assembly reference?)"}
